[2026-04-16T06:24:58.219307+00:00] starting replay | elapsed=0.0s
[2026-04-16T06:24:58.220905+00:00] loading raw data | elapsed=0.0s
Data successfully loaded: 7394 rows.
[2026-04-16T06:24:58.471295+00:00] loaded raw data rows=7394 | elapsed=0.3s
[2026-04-16T06:24:58.475280+00:00] prepared raw price frame | elapsed=0.3s
[2026-04-16T06:24:58.475398+00:00] initializing trading bot/model bundle | elapsed=0.3s
2026-04-16 14:25:00,765 | INFO | MODEL CONFIG: family=best_base_state path=training/_tmp_feature_single_split_aligned_state_stop_sweep/w150_h25_thr0.008_d15_lt0.006_st0.008_ls12_ss18_r0_f2.5_p10.48_p20.5_sf.joblib mode=signal_only size=1.0000 timeframe=1min window=150 horizon=25 stage1_min_prob=0.48 stage2_min_prob=0.5 use_state_features=True use_15m_wick_features=False
2026-04-16 14:25:00,765 | INFO | TIME FILTER: enabled=0 disable_time_filter=1 blocked_utc=[(1, 0, 1, 30), (7, 0, 15, 0), (13, 30, 15, 0)]
[2026-04-16T06:25:00.765627+00:00] building causal signal series | elapsed=2.5s
[2026-04-16T06:25:21.204600+00:00] built causal signal series | elapsed=23.0s
[2026-04-16T06:25:21.205165+00:00] running directional pnl simulation | elapsed=23.0s
[2026-04-16T06:25:21.253705+00:00] simulation complete trades=8 | elapsed=23.0s
[2026-04-16T06:25:21.253884+00:00] post-filter trades=8 | elapsed=23.0s
[2026-04-16T06:25:21.254298+00:00] writing report -> /Users/alpha/Desktop/python/AlphaGold/runtime/mock_best_base_after_2026-04-09_rerun_report.json | elapsed=23.0s
[2026-04-16T06:25:21.255461+00:00] writing trades -> /Users/alpha/Desktop/python/AlphaGold/runtime/mock_best_base_after_2026-04-09_rerun_trades.csv | elapsed=23.0s
[2026-04-16T06:25:21.269310+00:00] replay finished | elapsed=23.1s
{
  "report_out": "/Users/alpha/Desktop/python/AlphaGold/runtime/mock_best_base_after_2026-04-09_rerun_report.json",
  "trades_out": "/Users/alpha/Desktop/python/AlphaGold/runtime/mock_best_base_after_2026-04-09_rerun_trades.csv",
  "raw_rows": 7394,
  "candidate_samples": 1307,
  "tradable_signals": 28,
  "trades": 8,
  "total_pnl": -15.50999999999749,
  "avg_day": 0.0,
  "timeout_minutes_override": null,
  "profit_factor": 0.6365127724397048
}
