
[1/16] w150_h25_thr0.008_d15_lt0.006_st0.008_ls12_ss15_r15_p10.6_p20.6
CMD: /Library/Frameworks/Python.framework/Versions/3.12/bin/python3 /Users/alpha/Desktop/python/AlphaGold/training/image_trend_ml.py --start-date 2025-05-20 --end-date 2026-04-10 --timeframe 1min --window 150 --window-15m 0 --min-window-range 40.0 --min-15m-drop 15.0 --min-15m-rise 15.0 --horizon 25 --trend-threshold 0.008 --adverse-limit 15.0 --long-target-threshold 0.006 --short-target-threshold 0.008 --long-adverse-limit 12.0 --short-adverse-limit 15.0 --stage1-min-prob 0.6 --stage2-min-prob 0.6 --test-size 0.4 --random-state 42 --classifier gradient_boosting --max-flat-ratio 4.0 --model-out training/_tmp_image_trend_sweep_longshort_stop_target/w150_h25_thr0.008_d15_lt0.006_st0.008_ls12_ss15_r15_p10.6_p20.6.joblib --report-out training/_tmp_image_trend_sweep_longshort_stop_target/w150_h25_thr0.008_d15_lt0.006_st0.008_ls12_ss15_r15_p10.6_p20.6.json
[12:28:03] Starting image-trend pipeline
[12:28:03] Loading data from MySQL...
Data successfully loaded: 315470 rows.
[12:28:06] Bars after resample: 315,470  (+3.3s)
[12:28:06] Building image-like dataset  (window=150, horizon=25, threshold=0.008, min_range=40.0, min_15m_drop=15.0, min_15m_rise=15.0)...
  [12:28:07]   5.0%  bars= 15,764/315,296  kept=161  skipped=15,603  elapsed=0.5s  eta≈9s
  [12:28:07]  10.0%  bars= 31,528/315,296  kept=386  skipped=31,142  elapsed=1.0s  eta≈9s
  [12:28:08]  15.0%  bars= 47,292/315,296  kept=386  skipped=46,906  elapsed=1.4s  eta≈8s
  [12:28:08]  20.0%  bars= 63,056/315,296  kept=550  skipped=62,506  elapsed=1.9s  eta≈8s
  [12:28:09]  25.0%  bars= 78,820/315,296  kept=551  skipped=78,269  elapsed=2.4s  eta≈7s
  [12:28:09]  30.0%  bars= 94,584/315,296  kept=641  skipped=93,943  elapsed=2.9s  eta≈7s
  [12:28:10]  35.0%  bars=110,348/315,296  kept=812  skipped=109,536  elapsed=3.4s  eta≈6s
  [12:28:10]  40.0%  bars=126,112/315,296  kept=1,089  skipped=125,023  elapsed=3.9s  eta≈6s
  [12:28:11]  45.0%  bars=141,876/315,296  kept=1,549  skipped=140,327  elapsed=4.4s  eta≈5s
  [12:28:12]  50.0%  bars=157,640/315,296  kept=4,550  skipped=153,090  elapsed=5.5s  eta≈6s
  [12:28:13]  55.0%  bars=173,404/315,296  kept=6,353  skipped=167,051  elapsed=6.4s  eta≈5s
  [12:28:13]  60.0%  bars=189,168/315,296  kept=7,886  skipped=181,282  elapsed=7.2s  eta≈5s
  [12:28:14]  65.0%  bars=204,932/315,296  kept=8,883  skipped=196,049  elapsed=7.8s  eta≈4s
  [12:28:15]  70.0%  bars=220,696/315,296  kept=10,501  skipped=210,195  elapsed=8.6s  eta≈4s
  [12:28:16]  75.0%  bars=236,460/315,296  kept=11,840  skipped=224,620  elapsed=9.4s  eta≈3s
  [12:28:19]  80.0%  bars=252,224/315,296  kept=18,539  skipped=233,685  elapsed=12.4s  eta≈3s
  [12:28:21]  85.0%  bars=267,988/315,296  kept=24,203  skipped=243,785  elapsed=14.8s  eta≈3s
  [12:28:23]  90.0%  bars=283,752/315,296  kept=29,192  skipped=254,560  elapsed=16.8s  eta≈2s
  [12:28:25]  95.0%  bars=299,516/315,296  kept=34,660  skipped=264,856  elapsed=19.1s  eta≈1s
  [12:28:28] 100.0%  bars=315,280/315,296  kept=41,132  skipped=274,148  elapsed=21.6s  eta≈0s
  [12:28:28] Dataset build done — kept=41,132  skipped=274,164  took=21.6s
[12:28:28] Dataset ready: kept=41,132  skipped=274,164  (+21.9s)
[12:28:28] Split: train=24,679  test=16,453
Class balance train (down/flat/up): [1180, 22092, 1407]
Class balance test  (down/flat/up): [651, 14929, 873]
[12:28:28] Training two-stage model...
[12:29:52] Training done  (+1m23s)

── Stage 1 : flat vs trend ─────────────────────────────────────
   Accuracy=0.8591   Balanced=0.6024
   Confusion matrix  (rows=true, cols=pred)  [flat | trend]
             pred_flat  pred_trend
   true_flat    13697        1232
   true_trend    1086         438
              precision    recall  f1-score   support

        flat       0.93      0.92      0.92     14929
       trend       0.26      0.29      0.27      1524

    accuracy                           0.86     16453
   macro avg       0.59      0.60      0.60     16453
weighted avg       0.87      0.86      0.86     16453

── Stage 2 : down vs up (on trend-predicted samples) ───────────
   Accuracy=0.5137   Balanced=0.5182
   Confusion matrix  (rows=true, cols=pred)  [down | up]
            pred_down   pred_up
   true_down     106       128
   true_up        85       119
              precision    recall  f1-score   support

        down       0.55      0.45      0.50       234
          up       0.48      0.58      0.53       204

    accuracy                           0.51       438
   macro avg       0.52      0.52      0.51       438
weighted avg       0.52      0.51      0.51       438

── Full 3-class (down / flat / up) ─────────────────────────────
   Confusion matrix  (rows=true, cols=pred)  [down | flat | up]
             pred_down  pred_flat  pred_up
   true_down      106        417      128
   true_flat      407      13697      825
   true_up         85        669      119
              precision    recall  f1-score   support

        down       0.18      0.16      0.17       651
        flat       0.93      0.92      0.92     14929
          up       0.11      0.14      0.12       873

    accuracy                           0.85     16453
   macro avg       0.40      0.41      0.40     16453
weighted avg       0.85      0.85      0.85     16453

── Directional PnL check ───────────────────────────────────────
   trades=240  total=$669.34  avg_trade=$2.79
   n_days=30  avg_day=$22.31  positive_days=53.3%%
[12:29:53] Saving model and report...

Saved model  : training/_tmp_image_trend_sweep_longshort_stop_target/w150_h25_thr0.008_d15_lt0.006_st0.008_ls12_ss15_r15_p10.6_p20.6.joblib
Saved report : training/_tmp_image_trend_sweep_longshort_stop_target/w150_h25_thr0.008_d15_lt0.006_st0.008_ls12_ss15_r15_p10.6_p20.6.json
[12:29:53] All done — total elapsed: 1m49s  (+0.1s)

[2/16] w150_h25_thr0.008_d15_lt0.006_st0.008_ls12_ss18_r15_p10.6_p20.6
CMD: /Library/Frameworks/Python.framework/Versions/3.12/bin/python3 /Users/alpha/Desktop/python/AlphaGold/training/image_trend_ml.py --start-date 2025-05-20 --end-date 2026-04-10 --timeframe 1min --window 150 --window-15m 0 --min-window-range 40.0 --min-15m-drop 15.0 --min-15m-rise 15.0 --horizon 25 --trend-threshold 0.008 --adverse-limit 15.0 --long-target-threshold 0.006 --short-target-threshold 0.008 --long-adverse-limit 12.0 --short-adverse-limit 18.0 --stage1-min-prob 0.6 --stage2-min-prob 0.6 --test-size 0.4 --random-state 42 --classifier gradient_boosting --max-flat-ratio 4.0 --model-out training/_tmp_image_trend_sweep_longshort_stop_target/w150_h25_thr0.008_d15_lt0.006_st0.008_ls12_ss18_r15_p10.6_p20.6.joblib --report-out training/_tmp_image_trend_sweep_longshort_stop_target/w150_h25_thr0.008_d15_lt0.006_st0.008_ls12_ss18_r15_p10.6_p20.6.json
[12:29:55] Starting image-trend pipeline
[12:29:55] Loading data from MySQL...
Data successfully loaded: 315470 rows.
[12:29:58] Bars after resample: 315,470  (+3.6s)
[12:29:58] Building image-like dataset  (window=150, horizon=25, threshold=0.008, min_range=40.0, min_15m_drop=15.0, min_15m_rise=15.0)...
  [12:29:59]   5.0%  bars= 15,764/315,296  kept=161  skipped=15,603  elapsed=0.5s  eta≈10s
  [12:30:00]  10.0%  bars= 31,528/315,296  kept=386  skipped=31,142  elapsed=1.1s  eta≈10s
  [12:30:00]  15.0%  bars= 47,292/315,296  kept=386  skipped=46,906  elapsed=1.6s  eta≈9s
  [12:30:01]  20.0%  bars= 63,056/315,296  kept=550  skipped=62,506  elapsed=2.2s  eta≈9s
  [12:30:01]  25.0%  bars= 78,820/315,296  kept=551  skipped=78,269  elapsed=2.7s  eta≈8s
  [12:30:02]  30.0%  bars= 94,584/315,296  kept=641  skipped=93,943  elapsed=3.2s  eta≈7s
  [12:30:02]  35.0%  bars=110,348/315,296  kept=812  skipped=109,536  elapsed=3.7s  eta≈7s
  [12:30:03]  40.0%  bars=126,112/315,296  kept=1,089  skipped=125,023  elapsed=4.3s  eta≈6s
  [12:30:03]  45.0%  bars=141,876/315,296  kept=1,549  skipped=140,327  elapsed=4.9s  eta≈6s
  [12:30:05]  50.0%  bars=157,640/315,296  kept=4,550  skipped=153,090  elapsed=6.1s  eta≈6s
  [12:30:05]  55.0%  bars=173,404/315,296  kept=6,353  skipped=167,051  elapsed=7.0s  eta≈6s
  [12:30:06]  60.0%  bars=189,168/315,296  kept=7,886  skipped=181,282  elapsed=7.9s  eta≈5s
  [12:30:07]  65.0%  bars=204,932/315,296  kept=8,883  skipped=196,049  elapsed=8.8s  eta≈5s
  [12:30:08]  70.0%  bars=220,696/315,296  kept=10,501  skipped=210,195  elapsed=9.7s  eta≈4s
  [12:30:09]  75.0%  bars=236,460/315,296  kept=11,840  skipped=224,620  elapsed=10.6s  eta≈4s
  [12:30:11]  80.0%  bars=252,224/315,296  kept=18,539  skipped=233,685  elapsed=12.7s  eta≈3s
  [12:30:13]  85.0%  bars=267,988/315,296  kept=24,203  skipped=243,785  elapsed=15.0s  eta≈3s
  [12:30:16]  90.0%  bars=283,752/315,296  kept=29,192  skipped=254,560  elapsed=17.1s  eta≈2s
  [12:30:18]  95.0%  bars=299,516/315,296  kept=34,660  skipped=264,856  elapsed=19.2s  eta≈1s
  [12:30:20] 100.0%  bars=315,280/315,296  kept=41,132  skipped=274,148  elapsed=21.8s  eta≈0s
  [12:30:20] Dataset build done — kept=41,132  skipped=274,164  took=21.8s
[12:30:21] Dataset ready: kept=41,132  skipped=274,164  (+22.1s)
[12:30:21] Split: train=24,679  test=16,453
Class balance train (down/flat/up): [1274, 21998, 1407]
Class balance test  (down/flat/up): [673, 14907, 873]
[12:30:21] Training two-stage model...
[12:31:48] Training done  (+1m27s)

── Stage 1 : flat vs trend ─────────────────────────────────────
   Accuracy=0.8605   Balanced=0.6146
   Confusion matrix  (rows=true, cols=pred)  [flat | trend]
             pred_flat  pred_trend
   true_flat    13676        1231
   true_trend    1064         482
              precision    recall  f1-score   support

        flat       0.93      0.92      0.92     14907
       trend       0.28      0.31      0.30      1546

    accuracy                           0.86     16453
   macro avg       0.60      0.61      0.61     16453
weighted avg       0.87      0.86      0.86     16453

── Stage 2 : down vs up (on trend-predicted samples) ───────────
   Accuracy=0.4813   Balanced=0.4910
   Confusion matrix  (rows=true, cols=pred)  [down | up]
            pred_down   pred_up
   true_down     112       159
   true_up        91       120
              precision    recall  f1-score   support

        down       0.55      0.41      0.47       271
          up       0.43      0.57      0.49       211

    accuracy                           0.48       482
   macro avg       0.49      0.49      0.48       482
weighted avg       0.50      0.48      0.48       482

── Full 3-class (down / flat / up) ─────────────────────────────
   Confusion matrix  (rows=true, cols=pred)  [down | flat | up]
             pred_down  pred_flat  pred_up
   true_down      112        402      159
   true_flat      444      13676      787
   true_up         91        662      120
              precision    recall  f1-score   support

        down       0.17      0.17      0.17       673
        flat       0.93      0.92      0.92     14907
          up       0.11      0.14      0.12       873

    accuracy                           0.85     16453
   macro avg       0.40      0.41      0.41     16453
weighted avg       0.85      0.85      0.85     16453

── Directional PnL check ───────────────────────────────────────
   trades=235  total=$550.84  avg_trade=$2.34
   n_days=29  avg_day=$18.99  positive_days=55.2%%
[12:31:49] Saving model and report...

Saved model  : training/_tmp_image_trend_sweep_longshort_stop_target/w150_h25_thr0.008_d15_lt0.006_st0.008_ls12_ss18_r15_p10.6_p20.6.joblib
Saved report : training/_tmp_image_trend_sweep_longshort_stop_target/w150_h25_thr0.008_d15_lt0.006_st0.008_ls12_ss18_r15_p10.6_p20.6.json
[12:31:49] All done — total elapsed: 1m54s  (+0.1s)

[3/16] w150_h25_thr0.008_d15_lt0.006_st0.008_ls15_ss15_r15_p10.6_p20.6
CMD: /Library/Frameworks/Python.framework/Versions/3.12/bin/python3 /Users/alpha/Desktop/python/AlphaGold/training/image_trend_ml.py --start-date 2025-05-20 --end-date 2026-04-10 --timeframe 1min --window 150 --window-15m 0 --min-window-range 40.0 --min-15m-drop 15.0 --min-15m-rise 15.0 --horizon 25 --trend-threshold 0.008 --adverse-limit 15.0 --long-target-threshold 0.006 --short-target-threshold 0.008 --long-adverse-limit 15.0 --short-adverse-limit 15.0 --stage1-min-prob 0.6 --stage2-min-prob 0.6 --test-size 0.4 --random-state 42 --classifier gradient_boosting --max-flat-ratio 4.0 --model-out training/_tmp_image_trend_sweep_longshort_stop_target/w150_h25_thr0.008_d15_lt0.006_st0.008_ls15_ss15_r15_p10.6_p20.6.joblib --report-out training/_tmp_image_trend_sweep_longshort_stop_target/w150_h25_thr0.008_d15_lt0.006_st0.008_ls15_ss15_r15_p10.6_p20.6.json
[12:31:51] Starting image-trend pipeline
[12:31:51] Loading data from MySQL...
Data successfully loaded: 315470 rows.
[12:31:54] Bars after resample: 315,470  (+3.6s)
[12:31:54] Building image-like dataset  (window=150, horizon=25, threshold=0.008, min_range=40.0, min_15m_drop=15.0, min_15m_rise=15.0)...
  [12:31:55]   5.0%  bars= 15,764/315,296  kept=161  skipped=15,603  elapsed=0.5s  eta≈10s
  [12:31:56]  10.0%  bars= 31,528/315,296  kept=386  skipped=31,142  elapsed=1.1s  eta≈10s
  [12:31:56]  15.0%  bars= 47,292/315,296  kept=386  skipped=46,906  elapsed=1.6s  eta≈9s
  [12:31:57]  20.0%  bars= 63,056/315,296  kept=550  skipped=62,506  elapsed=2.1s  eta≈8s
  [12:31:57]  25.0%  bars= 78,820/315,296  kept=551  skipped=78,269  elapsed=2.6s  eta≈8s
  [12:31:58]  30.0%  bars= 94,584/315,296  kept=641  skipped=93,943  elapsed=3.2s  eta≈7s
  [12:31:58]  35.0%  bars=110,348/315,296  kept=812  skipped=109,536  elapsed=3.7s  eta≈7s
  [12:31:59]  40.0%  bars=126,112/315,296  kept=1,089  skipped=125,023  elapsed=4.3s  eta≈7s
  [12:31:59]  45.0%  bars=141,876/315,296  kept=1,549  skipped=140,327  elapsed=5.0s  eta≈6s
  [12:32:01]  50.0%  bars=157,640/315,296  kept=4,550  skipped=153,090  elapsed=6.2s  eta≈6s
  [12:32:02]  55.0%  bars=173,404/315,296  kept=6,353  skipped=167,051  elapsed=7.1s  eta≈6s
  [12:32:02]  60.0%  bars=189,168/315,296  kept=7,886  skipped=181,282  elapsed=8.0s  eta≈5s
  [12:32:03]  65.0%  bars=204,932/315,296  kept=8,883  skipped=196,049  elapsed=8.7s  eta≈5s
  [12:32:04]  70.0%  bars=220,696/315,296  kept=10,501  skipped=210,195  elapsed=9.5s  eta≈4s
  [12:32:05]  75.0%  bars=236,460/315,296  kept=11,840  skipped=224,620  elapsed=10.3s  eta≈3s
  [12:32:07]  80.0%  bars=252,224/315,296  kept=18,539  skipped=233,685  elapsed=12.3s  eta≈3s
  [12:32:09]  85.0%  bars=267,988/315,296  kept=24,203  skipped=243,785  elapsed=14.1s  eta≈2s
  [12:32:10]  90.0%  bars=283,752/315,296  kept=29,192  skipped=254,560  elapsed=15.7s  eta≈2s
  [12:32:12]  95.0%  bars=299,516/315,296  kept=34,660  skipped=264,856  elapsed=17.4s  eta≈1s
  [12:32:14] 100.0%  bars=315,280/315,296  kept=41,132  skipped=274,148  elapsed=19.7s  eta≈0s
  [12:32:14] Dataset build done — kept=41,132  skipped=274,164  took=19.7s
[12:32:14] Dataset ready: kept=41,132  skipped=274,164  (+19.9s)
[12:32:14] Split: train=24,679  test=16,453
Class balance train (down/flat/up): [1180, 21983, 1516]
Class balance test  (down/flat/up): [651, 14889, 913]
[12:32:14] Training two-stage model...
[12:33:43] Training done  (+1m29s)

── Stage 1 : flat vs trend ─────────────────────────────────────
   Accuracy=0.8572   Balanced=0.6055
   Confusion matrix  (rows=true, cols=pred)  [flat | trend]
             pred_flat  pred_trend
   true_flat    13643        1246
   true_trend    1103         461
              precision    recall  f1-score   support

        flat       0.93      0.92      0.92     14889
       trend       0.27      0.29      0.28      1564

    accuracy                           0.86     16453
   macro avg       0.60      0.61      0.60     16453
weighted avg       0.86      0.86      0.86     16453

── Stage 2 : down vs up (on trend-predicted samples) ───────────
   Accuracy=0.5184   Balanced=0.5129
   Confusion matrix  (rows=true, cols=pred)  [down | up]
            pred_down   pred_up
   true_down      88       131
   true_up        91       151
              precision    recall  f1-score   support

        down       0.49      0.40      0.44       219
          up       0.54      0.62      0.58       242

    accuracy                           0.52       461
   macro avg       0.51      0.51      0.51       461
weighted avg       0.51      0.52      0.51       461

── Full 3-class (down / flat / up) ─────────────────────────────
   Confusion matrix  (rows=true, cols=pred)  [down | flat | up]
             pred_down  pred_flat  pred_up
   true_down       88        432      131
   true_flat      371      13643      875
   true_up         91        671      151
              precision    recall  f1-score   support

        down       0.16      0.14      0.15       651
        flat       0.93      0.92      0.92     14889
          up       0.13      0.17      0.15       913

    accuracy                           0.84     16453
   macro avg       0.41      0.41      0.40     16453
weighted avg       0.85      0.84      0.85     16453

── Directional PnL check ───────────────────────────────────────
   trades=239  total=$767.14  avg_trade=$3.21
   n_days=31  avg_day=$24.75  positive_days=58.1%%
[12:33:44] Saving model and report...

Saved model  : training/_tmp_image_trend_sweep_longshort_stop_target/w150_h25_thr0.008_d15_lt0.006_st0.008_ls15_ss15_r15_p10.6_p20.6.joblib
Saved report : training/_tmp_image_trend_sweep_longshort_stop_target/w150_h25_thr0.008_d15_lt0.006_st0.008_ls15_ss15_r15_p10.6_p20.6.json
[12:33:44] All done — total elapsed: 1m53s  (+0.1s)

[4/16] w150_h25_thr0.008_d15_lt0.006_st0.008_ls15_ss18_r15_p10.6_p20.6
CMD: /Library/Frameworks/Python.framework/Versions/3.12/bin/python3 /Users/alpha/Desktop/python/AlphaGold/training/image_trend_ml.py --start-date 2025-05-20 --end-date 2026-04-10 --timeframe 1min --window 150 --window-15m 0 --min-window-range 40.0 --min-15m-drop 15.0 --min-15m-rise 15.0 --horizon 25 --trend-threshold 0.008 --adverse-limit 15.0 --long-target-threshold 0.006 --short-target-threshold 0.008 --long-adverse-limit 15.0 --short-adverse-limit 18.0 --stage1-min-prob 0.6 --stage2-min-prob 0.6 --test-size 0.4 --random-state 42 --classifier gradient_boosting --max-flat-ratio 4.0 --model-out training/_tmp_image_trend_sweep_longshort_stop_target/w150_h25_thr0.008_d15_lt0.006_st0.008_ls15_ss18_r15_p10.6_p20.6.joblib --report-out training/_tmp_image_trend_sweep_longshort_stop_target/w150_h25_thr0.008_d15_lt0.006_st0.008_ls15_ss18_r15_p10.6_p20.6.json
[12:33:47] Starting image-trend pipeline
[12:33:47] Loading data from MySQL...
Data successfully loaded: 315470 rows.
[12:33:52] Bars after resample: 315,470  (+4.5s)
[12:33:52] Building image-like dataset  (window=150, horizon=25, threshold=0.008, min_range=40.0, min_15m_drop=15.0, min_15m_rise=15.0)...
  [12:33:53]   5.0%  bars= 15,764/315,296  kept=161  skipped=15,603  elapsed=0.6s  eta≈12s
  [12:33:53]  10.0%  bars= 31,528/315,296  kept=386  skipped=31,142  elapsed=1.3s  eta≈12s
  [12:33:54]  15.0%  bars= 47,292/315,296  kept=386  skipped=46,906  elapsed=1.8s  eta≈10s
  [12:33:54]  20.0%  bars= 63,056/315,296  kept=550  skipped=62,506  elapsed=2.5s  eta≈10s
  [12:33:55]  25.0%  bars= 78,820/315,296  kept=551  skipped=78,269  elapsed=3.0s  eta≈9s
  [12:33:55]  30.0%  bars= 94,584/315,296  kept=641  skipped=93,943  elapsed=3.6s  eta≈8s
  [12:33:56]  35.0%  bars=110,348/315,296  kept=812  skipped=109,536  elapsed=4.1s  eta≈8s
  [12:33:57]  40.0%  bars=126,112/315,296  kept=1,089  skipped=125,023  elapsed=4.7s  eta≈7s
  [12:33:57]  45.0%  bars=141,876/315,296  kept=1,549  skipped=140,327  elapsed=5.4s  eta≈7s
  [12:33:59]  50.0%  bars=157,640/315,296  kept=4,550  skipped=153,090  elapsed=6.8s  eta≈7s
  [12:34:00]  55.0%  bars=173,404/315,296  kept=6,353  skipped=167,051  elapsed=7.9s  eta≈6s
  [12:34:01]  60.0%  bars=189,168/315,296  kept=7,886  skipped=181,282  elapsed=8.9s  eta≈6s
  [12:34:02]  65.0%  bars=204,932/315,296  kept=8,883  skipped=196,049  elapsed=9.6s  eta≈5s
  [12:34:03]  70.0%  bars=220,696/315,296  kept=10,501  skipped=210,195  elapsed=10.7s  eta≈5s
  [12:34:03]  75.0%  bars=236,460/315,296  kept=11,840  skipped=224,620  elapsed=11.6s  eta≈4s
