================================================================================
TRAIN 15-MINUTE NEXT-BAR-HIGH MODEL
================================================================================
Configuration:
  Candle timeframe: 15 minutes
  Target: future max high >= +0.60% and future min low >= -0.40% within 4 bars
  Validation split: chronological 80/20

Loading raw gold data...
Data successfully loaded: 253687 rows.
✅ Prepared 16,932 aggregated 15-minute candles

================================================================================
PREPARING DATA
================================================================================

Extracting candlestick features...
Extracting features from 16,812 candles...
  Progress: 0% (1/16,812 candles)
  Progress: 10% (1,681/16,812 candles)
  Progress: 20% (3,362/16,812 candles)
  Progress: 30% (5,043/16,812 candles)
  Progress: 40% (6,724/16,812 candles)
  Progress: 50% (8,405/16,812 candles)
  Progress: 60% (10,086/16,812 candles)
  Progress: 70% (11,767/16,812 candles)
  Progress: 80% (13,448/16,812 candles)
  Progress: 90% (15,129/16,812 candles)
  Progress: 100% (16,810/16,812 candles)
✅ Extracted 116 features from 16812 candles
✅ Extracted 116 features from 16812 candles

Creating uptrend labels...
Creating next-4-bar labels for 16,812 samples...
  Progress: 0% (1/16,812 samples)
  Progress: 10% (1,681/16,812 samples)
  Progress: 20% (3,362/16,812 samples)
  Progress: 30% (5,043/16,812 samples)
  Progress: 40% (6,724/16,812 samples)
  Progress: 50% (8,405/16,812 samples)
  Progress: 60% (10,086/16,812 samples)
  Progress: 70% (11,767/16,812 samples)
  Progress: 80% (13,448/16,812 samples)
  Progress: 90% (15,129/16,812 samples)
✅ Created labels for 16,808 samples
  Positives: 534 (3.18%)
  Negatives: 16,274 (96.82%)
✅ Created labels for 16808 samples

Label distribution:
  Uptrends: 534 (3.2%)
  No uptrends: 16274 (96.8%)

================================================================================
FEATURE CORRELATION ANALYSIS
================================================================================
✅ Saved feature-target correlation table to /Users/alpha/Desktop/python/AlphaGold/training/artifacts_15m_nextbar_060_corr/feature_target_correlation_15m_nextbar.csv
✅ Saved high-correlation feature pairs to /Users/alpha/Desktop/python/AlphaGold/training/artifacts_15m_nextbar_060_corr/highly_correlated_feature_pairs_15m_nextbar.csv (threshold=0.90)
✅ Saved correlation heatmap to /Users/alpha/Desktop/python/AlphaGold/training/artifacts_15m_nextbar_060_corr/correlation_matrix_top_features_15m_nextbar.png
Top 10 features by |corr with target|:
        feature  corr_with_target  abs_corr_with_target
   atr_proxy_30            0.2322                0.2322
      avg_range            0.2260                0.2260
   atr_proxy_14            0.2201                0.2201
  avg_body_size            0.2197                0.2197
realized_vol_60            0.2192                0.2192
          range            0.2190                0.2190
  max_body_size            0.2177                0.2177
realized_vol_10            0.2168                0.2168
    close_std_5            0.2155                0.2155
realized_vol_20            0.2119                0.2119

================================================================================
TRAINING MODELS
================================================================================

Train size: 13446
Test size: 3362
Chronological split: train idx 120->13565, test idx 13566->16927

--------------------------------------------------------------------------------
Training random_forest model...
Training samples: 13,446
Positive class (uptrend): 311 (2.3%)
Running 3-fold cross-validation...
  CV fold 1/3: training...
  CV fold 1/3: ROC-AUC=0.656
  CV fold 2/3: training...
  CV fold 2/3: ROC-AUC=0.706
  CV fold 3/3: training...
  CV fold 3/3: ROC-AUC=0.722
Cross-validation ROC-AUC: 0.695 (+/- 0.035)

--------------------------------------------------------------------------------
Training gradient_boosting model...
Training samples: 13,446
Positive class (uptrend): 311 (2.3%)
      Iter       Train Loss      OOB Improve   Remaining Time 
         1           0.2078           0.0089           31.21s
         2           0.2028           0.0079           30.81s
         3           0.2029           0.0219           30.65s
         4           0.1886          -0.0389           30.50s
         5           0.1921           0.0311           30.26s
         6           0.1861          -0.0082           30.15s
         7           0.1848           0.0089           29.93s
         8           0.1861           0.0155           29.69s
         9           0.1779          -0.0227           29.45s
        10           0.1712          -0.0187           29.47s
        20           0.1682           0.0621           27.32s
        30           0.1592           0.0043           24.97s
        40           0.1563           0.0065           22.65s
        50           0.1377          -0.0292           20.38s
        60           0.1439          -0.0089           18.15s
        70           0.1311          -0.0213           15.90s
        80           0.1336          -0.0010           13.63s
        90           0.1267           0.0027           11.36s
       100           0.1255           0.0135            9.09s
Running 3-fold cross-validation...
  CV fold 1/3: training...
      Iter       Train Loss      OOB Improve   Remaining Time 
         1           0.1288           0.0016            7.13s
         2           0.1278           0.0325            7.09s
         3           0.1115          -0.0278            7.09s
         4           0.1232           0.0577            7.12s
         5           0.1101          -0.0397            7.12s
         6           0.1120           0.0185            7.09s
         7           0.0927          -0.0701            7.05s
         8           0.1064           0.0671            6.98s
         9           0.1011          -0.0136            6.92s
        10           0.1035           0.0224            6.84s
        20           0.0869           0.0109            6.29s
        30           0.0751          -0.0127            5.71s
        40           0.0588          -0.0071            5.18s
        50           0.0568          -0.0100            4.65s
        60           0.0487           0.0050            4.11s
        70           0.0401           0.0039            3.59s
        80           0.0400           0.0234            3.07s
        90           0.0308          -0.0055            2.55s
       100           0.0277           0.0056            2.04s
  CV fold 1/3: ROC-AUC=0.620
  CV fold 2/3: training...
      Iter       Train Loss      OOB Improve   Remaining Time 
         1           0.1157           0.0023           15.44s
         2           0.1152           0.0184           15.22s
         3           0.1161           0.0133           15.10s
         4           0.1018          -0.0454           14.95s
         5           0.1038           0.0208           14.87s
         6           0.1043           0.0091           14.76s
         7           0.0978          -0.0214           14.71s
         8           0.0978           0.0039           14.60s
         9           0.0955          -0.0020           14.47s
        10           0.0893          -0.0202           14.38s
        20           0.0755          -0.0470           13.20s
        30           0.0718           0.0190           12.05s
        40           0.0657           0.0037           10.95s
        50           0.0574           0.0219            9.85s
        60           0.0497          -0.0141            8.77s
        70           0.0444           0.0059            7.67s
        80           0.0404          -0.0127            6.61s
        90           0.0375           0.0042            5.50s
       100           0.0327          -0.0079            4.39s
  CV fold 2/3: ROC-AUC=0.643
  CV fold 3/3: training...
      Iter       Train Loss      OOB Improve   Remaining Time 
         1           0.1606           0.0137           23.19s
         2           0.1563           0.0137           23.11s
         3           0.1442          -0.0252           22.81s
         4           0.1513           0.0473           22.62s
         5           0.1457          -0.0119           22.42s
         6           0.1385          -0.0181           22.23s
         7           0.1387           0.0120           22.07s
         8           0.1389           0.0100           21.85s
         9           0.1337          -0.0151           21.71s
        10           0.1317           0.0024           21.52s
        20           0.1236          -0.0074           19.85s
        30           0.1164           0.0216           18.17s
        40           0.1046          -0.0144           16.53s
        50           0.1068           0.0432           14.94s
        60           0.1008           0.0143           13.28s
        70           0.0890          -0.0260           11.61s
        80           0.0903           0.0207            9.95s
        90           0.0845           0.0015            8.29s
       100           0.0834           0.0330            6.63s
  CV fold 3/3: ROC-AUC=0.734
Cross-validation ROC-AUC: 0.666 (+/- 0.060)

================================================================================
RANDOM FOREST RESULTS

================================================================================
MODEL EVALUATION
================================================================================

Test samples: 3362
Actual uptrends: 223 (6.6%)
Predicted uptrends: 0 (0.0%)

Classification Report:
              precision    recall  f1-score   support

  No Uptrend       0.93      1.00      0.97      3139
     Uptrend       0.00      0.00      0.00       223

    accuracy                           0.93      3362
   macro avg       0.47      0.50      0.48      3362
weighted avg       0.87      0.93      0.90      3362


Confusion Matrix:
[[3139    0]
 [ 223    0]]

ROC-AUC Score: 0.792

================================================================================
GRADIENT BOOSTING RESULTS

================================================================================
MODEL EVALUATION
================================================================================

Test samples: 3362
Actual uptrends: 223 (6.6%)
Predicted uptrends: 108 (3.2%)

Classification Report:
              precision    recall  f1-score   support

  No Uptrend       0.94      0.97      0.96      3139
     Uptrend       0.22      0.11      0.15       223

    accuracy                           0.92      3362
   macro avg       0.58      0.54      0.55      3362
weighted avg       0.89      0.92      0.90      3362


Confusion Matrix:
[[3055   84]
 [ 199   24]]

ROC-AUC Score: 0.729

================================================================================
PREDICTION ACCURACY ANALYSIS
================================================================================
✅ Saved ROC analysis to /Users/alpha/Desktop/python/AlphaGold/training/artifacts_15m_nextbar_060_corr/roc_analysis_15m_nextbar.png

================================================================================
FEATURE IMPORTANCE VISUALIZATION
================================================================================
✅ Saved Random Forest feature importance to /Users/alpha/Desktop/python/AlphaGold/training/artifacts_15m_nextbar_060_corr/feature_importance_rf_15m_nextbar.png
✅ Saved Gradient Boosting feature importance to /Users/alpha/Desktop/python/AlphaGold/training/artifacts_15m_nextbar_060_corr/feature_importance_gb_15m_nextbar.png

================================================================================
TESTING ON RECENT 15-MINUTE DATA
================================================================================
✅ Saved recent predictions to /Users/alpha/Desktop/python/AlphaGold/training/artifacts_15m_nextbar_060_corr/recent_predictions_15m_nextbar.csv
⚠️ No recent RF signals found on the selected period
✅ Saved signal cache to /Users/alpha/Desktop/python/AlphaGold/training/test_period_signals_15m_nextbar_060_corr.csv (3,362 rows)
✅ Saved signal cache to /Users/alpha/Desktop/python/AlphaGold/training/full_period_signals_15m_nextbar_060_corr.csv (16,808 rows)
Model saved to /Users/alpha/Desktop/python/AlphaGold/training/ml_models_15m_nextbar_060_corr/random_forest_alpha_15m_nextbar_model.pkl
Model saved to /Users/alpha/Desktop/python/AlphaGold/training/ml_models_15m_nextbar_060_corr/gradient_boosting_alpha_15m_nextbar_model.pkl
✅ Saved models to /Users/alpha/Desktop/python/AlphaGold/training/ml_models_15m_nextbar_060_corr

Training complete.
Generated:
  - Models: /Users/alpha/Desktop/python/AlphaGold/training/ml_models_15m_nextbar_060_corr
  - Artifacts: /Users/alpha/Desktop/python/AlphaGold/training/artifacts_15m_nextbar_060_corr
  - Test cache: /Users/alpha/Desktop/python/AlphaGold/training/test_period_signals_15m_nextbar_060_corr.csv
  - Full cache: /Users/alpha/Desktop/python/AlphaGold/training/full_period_signals_15m_nextbar_060_corr.csv
