================================================================================
TRAIN 15-MINUTE NEXT-BAR-HIGH MODEL
================================================================================
Configuration:
  Candle timeframe: 15 minutes
  Target: next bar high >= current close + 0.40%
  Validation split: chronological 80/20

Loading raw gold data...
Data successfully loaded: 32796 rows.
✅ Prepared 2,188 aggregated 15-minute candles

================================================================================
PREPARING DATA
================================================================================

Extracting candlestick features...
Extracting features from 2,068 candles...
  Progress: 0% (1/2,068 candles)
  Progress: 10% (206/2,068 candles)
  Progress: 20% (412/2,068 candles)
  Progress: 30% (618/2,068 candles)
  Progress: 40% (824/2,068 candles)
  Progress: 50% (1,030/2,068 candles)
  Progress: 60% (1,236/2,068 candles)
  Progress: 70% (1,442/2,068 candles)
  Progress: 80% (1,648/2,068 candles)
  Progress: 90% (1,854/2,068 candles)
  Progress: 100% (2,060/2,068 candles)
✅ Extracted 116 features from 2068 candles
✅ Extracted 116 features from 2068 candles

Creating uptrend labels...
Creating next-bar labels for 2,068 samples...
  Progress: 0% (1/2,068 samples)
  Progress: 10% (206/2,068 samples)
  Progress: 20% (412/2,068 samples)
  Progress: 30% (618/2,068 samples)
  Progress: 40% (824/2,068 samples)
  Progress: 50% (1,030/2,068 samples)
  Progress: 60% (1,236/2,068 samples)
  Progress: 70% (1,442/2,068 samples)
  Progress: 80% (1,648/2,068 samples)
  Progress: 90% (1,854/2,068 samples)
  Progress: 100% (2,060/2,068 samples)
✅ Created labels for 2,067 samples
  Positives: 12 (0.58%)
  Negatives: 2,055 (99.42%)
✅ Created labels for 2067 samples

Label distribution:
  Uptrends: 12 (0.6%)
  No uptrends: 2055 (99.4%)

================================================================================
TRAINING MODELS
================================================================================

Train size: 1653
Test size: 414
Chronological split: train idx 120->1772, test idx 1773->2186

--------------------------------------------------------------------------------
Training random_forest model...
Training samples: 1,653
Positive class (uptrend): 11 (0.7%)
Running 3-fold cross-validation...
  CV fold 1/3: training...
  CV fold 1/3: ROC-AUC=0.180
  CV fold 2/3: training...
  CV fold 2/3: ROC-AUC=0.375
  CV fold 3/3: training...
  CV fold 3/3: ROC-AUC=0.529
Cross-validation ROC-AUC: 0.361 (+/- 0.175)

--------------------------------------------------------------------------------
Training gradient_boosting model...
Training samples: 1,653
Positive class (uptrend): 11 (0.7%)
      Iter       Train Loss      OOB Improve   Remaining Time 
         1           0.0765          -0.0005            3.64s
         2           0.0670          -0.0274            3.40s
         3           0.0747           0.0403            3.29s
         4           0.0769           0.0222            3.25s
         5           0.0567          -0.0666            3.19s
         6           0.0611           0.0529            3.13s
         7           0.0595           0.0017            3.08s
         8           0.0505          -0.0319            3.05s
         9           0.0454          -0.0105            3.01s
        10           0.0570           0.0569            2.98s
        20           0.0408           0.0524            2.71s
        30           0.0314           0.0319            2.48s
        40           0.0273           0.0124            2.25s
        50           0.0191           0.0028            2.03s
        60           0.0185           0.0131            1.80s
        70           0.0123          -0.0006            1.57s
        80           0.0102          -0.0051            1.34s
        90           0.0086          -0.0021            1.12s
       100           0.0065          -0.0094            0.89s
Running 3-fold cross-validation...
  CV fold 1/3: training...
      Iter       Train Loss      OOB Improve   Remaining Time 
         1           0.0610          -0.0016            0.22s
         2           0.0355          -0.0936            0.30s
         3           0.0544           0.0907            0.40s
         4           0.0556           0.0478            0.48s
         5           0.0486           0.0093            0.52s
         6           0.0588           0.0638            0.53s
         7           0.0556           0.0036            0.55s
         8           0.0386          -0.0521            0.56s
         9           0.0390           0.0105            0.57s
        10           0.0233          -0.0571            0.57s
        20           0.0321          -0.0011            0.55s
        30           0.0246          -0.0020            0.51s
        40           0.0191           0.0022            0.47s
        50           0.0151           0.0124            0.42s
        60           0.0120           0.0104            0.38s
        70           0.0052          -0.0084            0.33s
        80           0.0086           0.0003            0.29s
        90           0.0074           0.0083            0.24s
       100           0.0045          -0.0073            0.19s
  CV fold 1/3: ROC-AUC=0.284
  CV fold 2/3: training...
      Iter       Train Loss      OOB Improve   Remaining Time 
         1           0.0513          -0.0006            0.76s
         2           0.0592           0.0645            1.10s
         3           0.0275          -0.1008            1.21s
         4           0.0421           0.0714            1.25s
         5           0.0365          -0.0160            1.27s
         6           0.0452           0.0448            1.28s
         7           0.0194          -0.0989            1.29s
         8           0.0337           0.0617            1.29s
         9           0.0326           0.0003            1.29s
        10           0.0409           0.0387            1.28s
        20           0.0241           0.0086            1.22s
        30           0.0208           0.0409            1.13s
        40           0.0135           0.0046            1.04s
        50           0.0104          -0.0093            0.93s
        60           0.0107           0.0221            0.83s
        70           0.0080           0.0055            0.73s
        80           0.0042          -0.0089            0.62s
        90           0.0054           0.0047            0.52s
       100           0.0042          -0.0007            0.42s
  CV fold 2/3: ROC-AUC=0.437
  CV fold 3/3: training...
      Iter       Train Loss      OOB Improve   Remaining Time 
         1           0.0429          -0.0014            1.74s
         2           0.0301          -0.0370            1.73s
         3           0.0392           0.0510            1.88s
         4           0.0484           0.0510            1.96s
         5           0.0515           0.0226            1.99s
         6           0.0496          -0.0004            2.01s
         7           0.0429          -0.0196            2.02s
         8           0.0268          -0.0602            2.04s
         9           0.0438           0.0797            2.04s
        10           0.0224          -0.0809            2.05s
        20           0.0225          -0.0129            2.03s
        30           0.0148          -0.0173            1.86s
        40           0.0135           0.0180            1.68s
        50           0.0094           0.0099            1.63s
        60           0.0073           0.0124            1.42s
        70           0.0055           0.0014            1.23s
        80           0.0045           0.0047            1.05s
        90           0.0036          -0.0004            0.87s
       100           0.0030          -0.0002            0.69s
  CV fold 3/3: ROC-AUC=0.518
Cross-validation ROC-AUC: 0.413 (+/- 0.119)

================================================================================
RANDOM FOREST RESULTS

================================================================================
MODEL EVALUATION
================================================================================

Test samples: 414
Actual uptrends: 1 (0.2%)
Predicted uptrends: 0 (0.0%)

Classification Report:
              precision    recall  f1-score   support

  No Uptrend       1.00      1.00      1.00       413
     Uptrend       0.00      0.00      0.00         1

    accuracy                           1.00       414
   macro avg       0.50      0.50      0.50       414
weighted avg       1.00      1.00      1.00       414


Confusion Matrix:
[[413   0]
 [  1   0]]

ROC-AUC Score: 0.421

================================================================================
GRADIENT BOOSTING RESULTS

================================================================================
MODEL EVALUATION
================================================================================

Test samples: 414
Actual uptrends: 1 (0.2%)
Predicted uptrends: 0 (0.0%)

Classification Report:
              precision    recall  f1-score   support

  No Uptrend       1.00      1.00      1.00       413
     Uptrend       0.00      0.00      0.00         1

    accuracy                           1.00       414
   macro avg       0.50      0.50      0.50       414
weighted avg       1.00      1.00      1.00       414


Confusion Matrix:
[[413   0]
 [  1   0]]

ROC-AUC Score: 0.295

================================================================================
PREDICTION ACCURACY ANALYSIS
================================================================================
✅ Saved ROC analysis to /Users/alpha/Desktop/python/AlphaGold/training/_tmp_artifacts_15m_nextbar/roc_analysis_15m_nextbar.png

================================================================================
FEATURE IMPORTANCE VISUALIZATION
================================================================================
✅ Saved Random Forest feature importance to /Users/alpha/Desktop/python/AlphaGold/training/_tmp_artifacts_15m_nextbar/feature_importance_rf_15m_nextbar.png
✅ Saved Gradient Boosting feature importance to /Users/alpha/Desktop/python/AlphaGold/training/_tmp_artifacts_15m_nextbar/feature_importance_gb_15m_nextbar.png

================================================================================
TESTING ON RECENT 15-MINUTE DATA
================================================================================
✅ Saved recent predictions to /Users/alpha/Desktop/python/AlphaGold/training/_tmp_artifacts_15m_nextbar/recent_predictions_15m_nextbar.csv
⚠️ No recent RF signals found on the selected period
✅ Saved signal cache to /Users/alpha/Desktop/python/AlphaGold/training/_tmp_test_period_signals_15m_nextbar.csv (414 rows)
✅ Saved signal cache to /Users/alpha/Desktop/python/AlphaGold/training/_tmp_full_period_signals_15m_nextbar.csv (2,067 rows)
Model saved to /Users/alpha/Desktop/python/AlphaGold/training/_tmp_ml_models_15m_nextbar/random_forest_alpha_15m_nextbar_model.pkl
Model saved to /Users/alpha/Desktop/python/AlphaGold/training/_tmp_ml_models_15m_nextbar/gradient_boosting_alpha_15m_nextbar_model.pkl
✅ Saved models to /Users/alpha/Desktop/python/AlphaGold/training/_tmp_ml_models_15m_nextbar

Training complete.
Generated:
  - Models: /Users/alpha/Desktop/python/AlphaGold/training/_tmp_ml_models_15m_nextbar
  - Artifacts: /Users/alpha/Desktop/python/AlphaGold/training/_tmp_artifacts_15m_nextbar
  - Test cache: /Users/alpha/Desktop/python/AlphaGold/training/_tmp_test_period_signals_15m_nextbar.csv
  - Full cache: /Users/alpha/Desktop/python/AlphaGold/training/_tmp_full_period_signals_15m_nextbar.csv
