================================================================================
TRAIN 15-MINUTE NEXT-BAR-HIGH MODEL
================================================================================
Configuration:
  Candle timeframe: 15 minutes
  Target: future max high >= +0.60% and future min low >= -0.40% within 4 bars
  Validation split: chronological 80/20

Loading raw gold data...
Data successfully loaded: 17777 rows.
✅ Prepared 1,186 aggregated 15-minute candles

================================================================================
PREPARING DATA
================================================================================

Extracting candlestick features...
Extracting features from 1,066 candles...
  Progress: 0% (1/1,066 candles)
  Progress: 10% (106/1,066 candles)
  Progress: 20% (212/1,066 candles)
  Progress: 30% (318/1,066 candles)
  Progress: 40% (424/1,066 candles)
  Progress: 50% (530/1,066 candles)
  Progress: 60% (636/1,066 candles)
  Progress: 70% (742/1,066 candles)
  Progress: 80% (848/1,066 candles)
  Progress: 89% (954/1,066 candles)
  Progress: 99% (1,060/1,066 candles)
✅ Extracted 116 features from 1066 candles
✅ Extracted 116 features from 1066 candles

Creating uptrend labels...
Creating next-4-bar labels for 1,066 samples...
  Progress: 0% (1/1,066 samples)
  Progress: 10% (106/1,066 samples)
  Progress: 20% (212/1,066 samples)
  Progress: 30% (318/1,066 samples)
  Progress: 40% (424/1,066 samples)
  Progress: 50% (530/1,066 samples)
  Progress: 60% (636/1,066 samples)
  Progress: 70% (742/1,066 samples)
  Progress: 80% (848/1,066 samples)
  Progress: 89% (954/1,066 samples)
  Progress: 99% (1,060/1,066 samples)
✅ Created labels for 1,062 samples
  Positives: 19 (1.79%)
  Negatives: 1,043 (98.21%)
✅ Created labels for 1062 samples

Label distribution:
  Uptrends: 19 (1.8%)
  No uptrends: 1043 (98.2%)

================================================================================
FEATURE CORRELATION ANALYSIS
================================================================================
✅ Saved feature-target correlation table to /Users/alpha/Desktop/python/AlphaGold/training/_tmp_artifacts_15m_corr/feature_target_correlation_15m_nextbar.csv
✅ Saved high-correlation feature pairs to /Users/alpha/Desktop/python/AlphaGold/training/_tmp_artifacts_15m_corr/highly_correlated_feature_pairs_15m_nextbar.csv (threshold=0.90)
✅ Saved correlation heatmap to /Users/alpha/Desktop/python/AlphaGold/training/_tmp_artifacts_15m_corr/correlation_matrix_top_features_15m_nextbar.png
Top 10 features by |corr with target|:
                    feature  corr_with_target  abs_corr_with_target
breakout_above_prev_high_60            0.1304                0.1304
breakout_above_prev_high_20            0.0982                0.0982
                  asia_hour            0.0841                0.0841
                    ny_hour           -0.0819                0.0819
            range_vs_atr_14            0.0751                0.0751
       slope_60_pct_per_bar            0.0721                0.0721
           volume_vs_avg_20            0.0713                0.0713
                   day_open           -0.0712                0.0712
        london_session_open            0.0688                0.0688
                 ret_60_pct            0.0688                0.0688

================================================================================
TRAINING MODELS
================================================================================

Train size: 849
Test size: 213
Chronological split: train idx 120->968, test idx 969->1181

--------------------------------------------------------------------------------
Training random_forest model...
Training samples: 849
Positive class (uptrend): 16 (1.9%)
Running 3-fold cross-validation...
  CV fold 1/3: skipped (single-class fold)
  CV fold 2/3: training...
  CV fold 2/3: ROC-AUC=0.431
  CV fold 3/3: training...
  CV fold 3/3: ROC-AUC=0.528
Cross-validation ROC-AUC: 0.479 (+/- 0.068)

--------------------------------------------------------------------------------
Training gradient_boosting model...
Training samples: 849
Positive class (uptrend): 16 (1.9%)
      Iter       Train Loss      OOB Improve   Remaining Time 
         1           0.1699          -0.0010            2.55s
         2           0.1668           0.0482            2.01s
         3           0.1396          -0.0440            1.82s
         4           0.1514           0.0930            1.73s
         5           0.1020          -0.1619            1.67s
         6           0.1212           0.1098            1.62s
         7           0.1389           0.0965            1.58s
         8           0.1039          -0.1182            1.55s
         9           0.1163           0.0711            1.53s
        10           0.1013          -0.0472            1.51s
        20           0.0888           0.0398            1.34s
        30           0.0597           0.0266            1.20s
        40           0.0469           0.0150            1.10s
        50           0.0375           0.0028            0.98s
        60           0.0268           0.0161            0.87s
        70           0.0193           0.0064            0.76s
        80           0.0161          -0.0008            0.65s
        90           0.0112          -0.0037            0.54s
       100           0.0068          -0.0080            0.43s
Running 3-fold cross-validation...
  CV fold 1/3: skipped (single-class fold)
  CV fold 2/3: training...
      Iter       Train Loss      OOB Improve   Remaining Time 
         1           0.1630           0.0080            0.37s
         2           0.1495           0.0141            0.53s
         3           0.1411           0.0222            0.57s
         4           0.1622           0.1372            0.59s
         5           0.1242          -0.1215            0.60s
         6           0.1303           0.0650            0.60s
         7           0.1235           0.0024            0.61s
         8           0.1191           0.0085            0.61s
         9           0.1265           0.0529            0.61s
        10           0.1122          -0.0317            0.60s
        20           0.0659          -0.0638            0.57s
        30           0.0553           0.0207            0.53s
        40           0.0409           0.0139            0.48s
        50           0.0271          -0.0063            0.43s
        60           0.0278           0.0221            0.39s
        70           0.0146          -0.0243            0.34s
        80           0.0145           0.0144            0.29s
        90           0.0117          -0.0085            0.24s
       100           0.0110           0.0073            0.19s
  CV fold 2/3: ROC-AUC=0.460
  CV fold 3/3: training...
      Iter       Train Loss      OOB Improve   Remaining Time 
         1           0.1275          -0.0020            0.67s
         2           0.1343           0.0797            0.89s
         3           0.1237           0.0015            0.93s
         4           0.1005          -0.0435            0.96s
         5           0.1037           0.0528            0.97s
         6           0.1089           0.0443            0.97s
         7           0.0651          -0.1403            0.98s
         8           0.0800           0.0759            0.97s
         9           0.0760           0.0137            0.97s
        10           0.0761           0.0169            0.97s
        20           0.0380          -0.0047            0.91s
        30           0.0333           0.0049            0.84s
        40           0.0205          -0.0135            0.80s
        50           0.0173          -0.0043            0.73s
        60           0.0116          -0.0014            0.65s
        70           0.0090          -0.0008            0.56s
        80           0.0062          -0.0013            0.48s
        90           0.0053          -0.0025            0.40s
       100           0.0037           0.0005            0.32s
  CV fold 3/3: ROC-AUC=0.379
Cross-validation ROC-AUC: 0.419 (+/- 0.057)

================================================================================
RANDOM FOREST RESULTS

================================================================================
MODEL EVALUATION
================================================================================

Test samples: 213
Actual uptrends: 3 (1.4%)
Predicted uptrends: 0 (0.0%)

Classification Report:
              precision    recall  f1-score   support

  No Uptrend       0.99      1.00      0.99       210
     Uptrend       0.00      0.00      0.00         3

    accuracy                           0.99       213
   macro avg       0.49      0.50      0.50       213
weighted avg       0.97      0.99      0.98       213


Confusion Matrix:
[[210   0]
 [  3   0]]

ROC-AUC Score: 0.295

================================================================================
GRADIENT BOOSTING RESULTS

================================================================================
MODEL EVALUATION
================================================================================

Test samples: 213
Actual uptrends: 3 (1.4%)
Predicted uptrends: 0 (0.0%)

Classification Report:
              precision    recall  f1-score   support

  No Uptrend       0.99      1.00      0.99       210
     Uptrend       0.00      0.00      0.00         3

    accuracy                           0.99       213
   macro avg       0.49      0.50      0.50       213
weighted avg       0.97      0.99      0.98       213


Confusion Matrix:
[[210   0]
 [  3   0]]

ROC-AUC Score: 0.365

================================================================================
PREDICTION ACCURACY ANALYSIS
================================================================================
✅ Saved ROC analysis to /Users/alpha/Desktop/python/AlphaGold/training/_tmp_artifacts_15m_corr/roc_analysis_15m_nextbar.png

================================================================================
FEATURE IMPORTANCE VISUALIZATION
================================================================================
✅ Saved Random Forest feature importance to /Users/alpha/Desktop/python/AlphaGold/training/_tmp_artifacts_15m_corr/feature_importance_rf_15m_nextbar.png
✅ Saved Gradient Boosting feature importance to /Users/alpha/Desktop/python/AlphaGold/training/_tmp_artifacts_15m_corr/feature_importance_gb_15m_nextbar.png

================================================================================
TESTING ON RECENT 15-MINUTE DATA
================================================================================
✅ Saved recent predictions to /Users/alpha/Desktop/python/AlphaGold/training/_tmp_artifacts_15m_corr/recent_predictions_15m_nextbar.csv
⚠️ No recent RF signals found on the selected period
✅ Saved signal cache to /Users/alpha/Desktop/python/AlphaGold/training/_tmp_test_signals_15m_corr.csv (213 rows)
✅ Saved signal cache to /Users/alpha/Desktop/python/AlphaGold/training/_tmp_full_signals_15m_corr.csv (1,062 rows)
Model saved to /Users/alpha/Desktop/python/AlphaGold/training/_tmp_ml_models_15m_corr/random_forest_alpha_15m_nextbar_model.pkl
Model saved to /Users/alpha/Desktop/python/AlphaGold/training/_tmp_ml_models_15m_corr/gradient_boosting_alpha_15m_nextbar_model.pkl
✅ Saved models to /Users/alpha/Desktop/python/AlphaGold/training/_tmp_ml_models_15m_corr

Training complete.
Generated:
  - Models: /Users/alpha/Desktop/python/AlphaGold/training/_tmp_ml_models_15m_corr
  - Artifacts: /Users/alpha/Desktop/python/AlphaGold/training/_tmp_artifacts_15m_corr
  - Test cache: /Users/alpha/Desktop/python/AlphaGold/training/_tmp_test_signals_15m_corr.csv
  - Full cache: /Users/alpha/Desktop/python/AlphaGold/training/_tmp_full_signals_15m_corr.csv
