Data successfully loaded: 5516 rows.
candles 5516

================================================================================
PREPARING DATA
================================================================================

Extracting candlestick features...
Extracting features from 5,396 candles...
  Progress: 0% (1/5,396 candles)
  Progress: 10% (539/5,396 candles)
  Progress: 20% (1,078/5,396 candles)
  Progress: 30% (1,617/5,396 candles)
  Progress: 40% (2,156/5,396 candles)
  Progress: 50% (2,695/5,396 candles)
  Progress: 60% (3,234/5,396 candles)
  Progress: 70% (3,773/5,396 candles)
  Progress: 80% (4,312/5,396 candles)
  Progress: 90% (4,851/5,396 candles)
  Progress: 100% (5,390/5,396 candles)
✅ Extracted 116 features from 5396 candles
✅ Extracted 116 features from 5396 candles

Creating uptrend labels...
Creating labels for 5,396 samples...
  Progress: 0% (1/5,396 samples)
  Progress: 10% (539/5,396 samples)
  Progress: 20% (1,078/5,396 samples)
  Progress: 30% (1,617/5,396 samples)
  Progress: 40% (2,156/5,396 samples)
  Progress: 50% (2,695/5,396 samples)
  Progress: 60% (3,234/5,396 samples)
  Progress: 70% (3,773/5,396 samples)
  Progress: 80% (4,312/5,396 samples)
  Progress: 90% (4,851/5,396 samples)
  Progress: 100% (5,390/5,396 samples)
✅ Created labels for 5396 samples

Label distribution:
  Uptrends: 128 (2.4%)
  No uptrends: 5268 (97.6%)
✅ Created labels for 5396 samples

Label distribution:
  Uptrends: 128 (2.4%)
  No uptrends: 5268 (97.6%)
prepared_rows 5396
positive_rate_pct 2.3721

================================================================================
TRAINING MODELS
================================================================================

Train size: 4316
Test size: 1080
Chronological split: train idx 120->4435, test idx 4436->5515

--------------------------------------------------------------------------------
Training random_forest model...
Training samples: 4,316
Positive class (uptrend): 80 (1.9%)
Running 3-fold cross-validation...
  CV fold 1/3: training...
  CV fold 1/3: ROC-AUC=0.459
  CV fold 2/3: skipped (single-class fold)
  CV fold 3/3: training...
  CV fold 3/3: ROC-AUC=0.937
Cross-validation ROC-AUC: 0.698 (+/- 0.338)

--------------------------------------------------------------------------------
Training gradient_boosting model...
Training samples: 4,316
Positive class (uptrend): 80 (1.9%)
      Iter       Train Loss      OOB Improve   Remaining Time 
         1           0.1010           0.0830            9.28s
         2           0.0871          -0.0154            8.83s
         3           0.0862           0.0302            8.68s
         4           0.0799           0.0103            8.52s
         5           0.0698          -0.0161            8.41s
         6           0.0698           0.0226            8.32s
         7           0.0654           0.0021            8.23s
         8           0.0661           0.0247            8.15s
         9           0.0609          -0.0003            8.07s
        10           0.0552          -0.0031            7.99s
        20           0.0318           0.0089            7.32s
        30           0.0190           0.0061            6.67s
        40           0.0108          -0.0027            6.06s
        50           0.0076           0.0003            5.44s
        60           0.0053          -0.0015            4.83s
        70           0.0037           0.0014            4.23s
        80           0.0027           0.0001            3.62s
        90           0.0017          -0.0007            3.02s
       100           0.0012          -0.0009            2.43s
Running 3-fold cross-validation...
  CV fold 1/3: training...
      Iter       Train Loss      OOB Improve   Remaining Time 
         1           0.3438           0.0931            0.59s
         2           0.3162           0.0993            0.78s
         3           0.2686          -0.0414            0.98s
         4           0.2610           0.0874            1.17s
         5           0.2382           0.0065            1.27s
         6           0.2150          -0.0096            1.33s
         7           0.2086           0.0476            1.37s
         8           0.1891          -0.0131            1.41s
         9           0.1640          -0.0432            1.43s
        10           0.1647           0.0554            1.44s
        20           0.0938           0.0133            1.43s
        30           0.0571           0.0222            1.35s
        40           0.0326           0.0002            1.24s
        50           0.0213          -0.0012            1.13s
        60           0.0152           0.0002            1.01s
        70           0.0086           0.0037            0.89s
        80           0.0049          -0.0074            0.76s
        90           0.0044          -0.0003            0.64s
       100           0.0032           0.0016            0.51s
  CV fold 1/3: ROC-AUC=0.701
  CV fold 2/3: skipped (single-class fold)
  CV fold 3/3: training...
      Iter       Train Loss      OOB Improve   Remaining Time 
         1           0.1127           0.0776            4.61s
         2           0.1132           0.0547            5.29s
         3           0.0959          -0.0276            5.46s
         4           0.0859          -0.0042            5.55s
         5           0.0822           0.0168            5.59s
         6           0.0733          -0.0100            5.60s
         7           0.0684           0.0057            5.59s
         8           0.0629          -0.0015            5.57s
         9           0.0650           0.0294            5.54s
        10           0.0626           0.0086            5.53s
        20           0.0344           0.0000            5.18s
        30           0.0222           0.0061            4.76s
        40           0.0136           0.0018            4.34s
        50           0.0092           0.0057            3.91s
        60           0.0050          -0.0026            3.48s
        70           0.0035           0.0016            3.04s
        80           0.0023           0.0012            2.61s
        90           0.0015           0.0003            2.24s
       100           0.0011          -0.0005            1.79s
  CV fold 3/3: ROC-AUC=0.748
Cross-validation ROC-AUC: 0.725 (+/- 0.033)

================================================================================
RANDOM FOREST RESULTS

================================================================================
MODEL EVALUATION
================================================================================

Test samples: 1080
Actual uptrends: 48 (4.4%)
Predicted uptrends: 0 (0.0%)

Classification Report:
              precision    recall  f1-score   support

  No Uptrend       0.96      1.00      0.98      1032
     Uptrend       0.00      0.00      0.00        48

    accuracy                           0.96      1080
   macro avg       0.48      0.50      0.49      1080
weighted avg       0.91      0.96      0.93      1080


Confusion Matrix:
[[1032    0]
 [  48    0]]

ROC-AUC Score: 0.508

================================================================================
GRADIENT BOOSTING RESULTS

================================================================================
MODEL EVALUATION
================================================================================

Test samples: 1080
Actual uptrends: 48 (4.4%)
Predicted uptrends: 27 (2.5%)

Classification Report:
              precision    recall  f1-score   support

  No Uptrend       0.95      0.97      0.96      1032
     Uptrend       0.00      0.00      0.00        48

    accuracy                           0.93      1080
   macro avg       0.48      0.49      0.48      1080
weighted avg       0.91      0.93      0.92      1080


Confusion Matrix:
[[1005   27]
 [  48    0]]

ROC-AUC Score: 0.368
train_smoke_ok
