[22:41:29] Starting image-trend pipeline
[22:41:29] Loading data from MySQL...
Data successfully loaded: 315470 rows.
[22:41:32] Bars after resample: 315,470  (+3.1s)
[22:41:32] Building image-like dataset  (window=150, horizon=25, threshold=0.004, min_range=40.0, min_15m_drop=20.0)...
  [22:41:32]   5.0%  bars= 15,764/315,296  kept=161  skipped=15,603  elapsed=0.4s  eta≈7s
  [22:41:32]  10.0%  bars= 31,528/315,296  kept=274  skipped=31,254  elapsed=0.8s  eta≈7s
  [22:41:33]  15.0%  bars= 47,292/315,296  kept=274  skipped=47,018  elapsed=1.1s  eta≈6s
  [22:41:33]  20.0%  bars= 63,056/315,296  kept=438  skipped=62,618  elapsed=1.5s  eta≈6s
  [22:41:34]  25.0%  bars= 78,820/315,296  kept=439  skipped=78,381  elapsed=1.9s  eta≈6s
  [22:41:34]  30.0%  bars= 94,584/315,296  kept=529  skipped=94,055  elapsed=2.3s  eta≈5s
  [22:41:34]  35.0%  bars=110,348/315,296  kept=665  skipped=109,683  elapsed=2.6s  eta≈5s
  [22:41:35]  40.0%  bars=126,112/315,296  kept=942  skipped=125,170  elapsed=3.0s  eta≈5s
  [22:41:35]  45.0%  bars=141,876/315,296  kept=1,402  skipped=140,474  elapsed=3.5s  eta≈4s
  [22:41:36]  50.0%  bars=157,640/315,296  kept=4,356  skipped=153,284  elapsed=4.3s  eta≈4s
  [22:41:37]  55.0%  bars=173,404/315,296  kept=6,124  skipped=167,280  elapsed=4.9s  eta≈4s
  [22:41:37]  60.0%  bars=189,168/315,296  kept=7,540  skipped=181,628  elapsed=5.5s  eta≈4s
  [22:41:38]  65.0%  bars=204,932/315,296  kept=8,412  skipped=196,520  elapsed=6.0s  eta≈3s
  [22:41:38]  70.0%  bars=220,696/315,296  kept=9,813  skipped=210,883  elapsed=6.6s  eta≈3s
  [22:41:39]  75.0%  bars=236,460/315,296  kept=11,101  skipped=225,359  elapsed=7.2s  eta≈2s
  [22:41:40]  80.0%  bars=252,224/315,296  kept=17,691  skipped=234,533  elapsed=8.6s  eta≈2s
  [22:41:41]  85.0%  bars=267,988/315,296  kept=23,255  skipped=244,733  elapsed=9.8s  eta≈2s
  [22:41:43]  90.0%  bars=283,752/315,296  kept=28,090  skipped=255,662  elapsed=10.9s  eta≈1s
  [22:41:44]  95.0%  bars=299,516/315,296  kept=33,473  skipped=266,043  elapsed=12.1s  eta≈1s
  [22:41:45] 100.0%  bars=315,280/315,296  kept=39,890  skipped=275,390  elapsed=13.5s  eta≈0s
  [22:41:45] Dataset build done — kept=39,890  skipped=275,406  took=13.5s
[22:41:45] Dataset ready: kept=39,890  skipped=275,406  (+13.7s)
[22:41:45] Split: train=27,923  test=11,967
Class balance train (down/flat/up): [4328, 19671, 3924]
Class balance test  (down/flat/up): [2146, 8088, 1733]
[22:41:45] Optimising stage probability thresholds on train-validation split...
[22:42:16] Prob-grid progress: 5/25
[22:42:17] Prob-grid progress: 10/25
[22:42:17] Prob-grid progress: 15/25
[22:42:18] Prob-grid progress: 20/25
[22:42:18] Prob-grid progress: 25/25

    stage1   stage2      score  signals  total_pnl
      0.50     0.50    5434.63     1586    1364.64 ◄ best
      0.50     0.60    5380.60     1036    1671.67
      0.55     0.60    4980.12      848    1710.18
      0.55     0.50    4795.05     1283    1338.69
      0.50     0.65    4678.54      799    1655.15
      0.50     0.55    4597.07     1303    1273.53
      0.55     0.55    4138.73     1060    1271.20
      0.55     0.65    4097.87      653    1603.62
      0.50     0.70    3425.32      554    1455.28
      0.60     0.50    3370.80     1077    1027.13
[22:42:18] Probability optimisation done — total=2.3s
[22:42:18] → Best probability gates: stage1=0.50, stage2=0.50  (+32.9s)
[22:42:18] Training two-stage model...
[22:42:53] Training done  (+35.3s)

── Stage 1 : flat vs trend ─────────────────────────────────────
   Accuracy=0.7031   Balanced=0.6885
   Confusion matrix  (rows=true, cols=pred)  [flat | trend]
             pred_flat  pred_trend
   true_flat     5905        2183
   true_trend    1370        2509
              precision    recall  f1-score   support

        flat       0.81      0.73      0.77      8088
       trend       0.53      0.65      0.59      3879

    accuracy                           0.70     11967
   macro avg       0.67      0.69      0.68     11967
weighted avg       0.72      0.70      0.71     11967

── Stage 2 : down vs up (on trend-predicted samples) ───────────
   Accuracy=0.4723   Balanced=0.4778
   Confusion matrix  (rows=true, cols=pred)  [down | up]
            pred_down   pred_up
   true_down     627       803
   true_up       521       558
              precision    recall  f1-score   support

        down       0.55      0.44      0.49      1430
          up       0.41      0.52      0.46      1079

    accuracy                           0.47      2509
   macro avg       0.48      0.48      0.47      2509
weighted avg       0.49      0.47      0.47      2509

── Full 3-class (down / flat / up) ─────────────────────────────
   Confusion matrix  (rows=true, cols=pred)  [down | flat | up]
             pred_down  pred_flat  pred_up
   true_down      627        716      803
   true_flat      958       5905     1225
   true_up        521        654      558
              precision    recall  f1-score   support

        down       0.30      0.29      0.29      2146
        flat       0.81      0.73      0.77      8088
          up       0.22      0.32      0.26      1733

    accuracy                           0.59     11967
   macro avg       0.44      0.45      0.44     11967
weighted avg       0.63      0.59      0.61     11967

── Directional PnL check ───────────────────────────────────────
   trades=4692  total=$-3624.08  avg_trade=$-0.77
   n_days=29  avg_day=$-124.97  positive_days=37.9%%
[22:42:54] Saving model and report...

Saved model  : training/image_trend_model.joblib
Saved report : training/image_trend_report.json
[22:42:54] All done — total elapsed: 1m25s  (+0.1s)
