Traceback (most recent call last):
  File "/Users/alpha/Desktop/python/AlphaGold/training/train_lstm_15m.py", line 87, in _ensure_tensorflow_available
    importlib.import_module("tensorflow")
  File "/Library/Frameworks/Python.framework/Versions/3.12/lib/python3.12/importlib/__init__.py", line 90, in import_module
    return _bootstrap._gcd_import(name[level:], package, level)
           ^^^^^^^^^^^^^^^^^^^^^^^^^^^^^^^^^^^^^^^^^^^^^^^^^^^^
  File "<frozen importlib._bootstrap>", line 1387, in _gcd_import
  File "<frozen importlib._bootstrap>", line 1360, in _find_and_load
  File "<frozen importlib._bootstrap>", line 1324, in _find_and_load_unlocked
ModuleNotFoundError: No module named 'tensorflow'

The above exception was the direct cause of the following exception:

Traceback (most recent call last):
  File "/Users/alpha/Desktop/python/AlphaGold/training/train_lstm_15m.py", line 263, in <module>
    raise SystemExit(main())
                     ^^^^^^
  File "/Users/alpha/Desktop/python/AlphaGold/training/train_lstm_15m.py", line 144, in main
    _ensure_tensorflow_available()
  File "/Users/alpha/Desktop/python/AlphaGold/training/train_lstm_15m.py", line 89, in _ensure_tensorflow_available
    raise RuntimeError(
RuntimeError: TensorFlow is required for LSTM training. Install it first, for example: python3 -m pip install 'tensorflow>=2.16,<3.0'
