[01:10:08] Starting image-trend pipeline
[01:10:08] Loading data from MySQL...
Data successfully loaded: 315470 rows.
[01:10:10] Bars after resample: 315,470  (+2.7s)
[01:10:10] Building image-like dataset  (window=150, horizon=40, threshold=0.01, min_range=40.0, min_15m_drop=15.0, min_15m_rise=0.0)...
  [01:10:10] 15-min image: resampled 21,055 bars, window_15m=40
  [01:10:11]   5.0%  bars= 15,764/315,281  kept=161  skipped=15,603  elapsed=0.4s  eta≈9s
  [01:10:11]  10.0%  bars= 31,528/315,281  kept=386  skipped=31,142  elapsed=0.9s  eta≈8s
  [01:10:12]  15.0%  bars= 47,292/315,281  kept=386  skipped=46,906  elapsed=1.3s  eta≈7s
  [01:10:12]  20.0%  bars= 63,056/315,281  kept=550  skipped=62,506  elapsed=1.7s  eta≈7s
  [01:10:12]  25.0%  bars= 78,820/315,281  kept=551  skipped=78,269  elapsed=2.1s  eta≈6s
  [01:10:13]  30.0%  bars= 94,584/315,281  kept=641  skipped=93,943  elapsed=2.5s  eta≈6s
  [01:10:13]  35.0%  bars=110,348/315,281  kept=812  skipped=109,536  elapsed=2.9s  eta≈5s
  [01:10:14]  40.0%  bars=126,112/315,281  kept=1,089  skipped=125,023  elapsed=3.4s  eta≈5s
  [01:10:14]  45.0%  bars=141,876/315,281  kept=1,549  skipped=140,327  elapsed=3.9s  eta≈5s
  [01:10:16]  50.0%  bars=157,640/315,281  kept=4,550  skipped=153,090  elapsed=5.2s  eta≈5s
  [01:10:16]  55.0%  bars=173,404/315,281  kept=6,353  skipped=167,051  elapsed=6.1s  eta≈5s
  [01:10:17]  60.0%  bars=189,168/315,281  kept=7,886  skipped=181,282  elapsed=6.9s  eta≈5s
  [01:10:18]  65.0%  bars=204,932/315,281  kept=8,883  skipped=196,049  elapsed=7.6s  eta≈4s
  [01:10:19]  70.0%  bars=220,696/315,281  kept=10,501  skipped=210,195  elapsed=8.5s  eta≈4s
  [01:10:20]  75.0%  bars=236,460/315,281  kept=11,840  skipped=224,620  elapsed=9.3s  eta≈3s
  [01:10:22]  80.0%  bars=252,224/315,281  kept=18,539  skipped=233,685  elapsed=11.7s  eta≈3s
  [01:10:24]  85.0%  bars=267,988/315,281  kept=24,203  skipped=243,785  elapsed=13.7s  eta≈2s
  [01:10:26]  90.0%  bars=283,752/315,281  kept=29,192  skipped=254,560  elapsed=15.7s  eta≈2s
  [01:10:28]  95.0%  bars=299,516/315,281  kept=34,660  skipped=264,856  elapsed=17.8s  eta≈1s
  [01:10:30] 100.0%  bars=315,280/315,281  kept=41,132  skipped=274,148  elapsed=20.1s  eta≈0s
  [01:10:30] Dataset build done — kept=41,132  skipped=274,149  took=20.1s
[01:10:31] Dataset ready: kept=41,132  skipped=274,149  (+20.3s)
[01:10:31] Two-branch mode: 1m_feats=1350  15m_feats=360
[01:10:31] Split: train=28,792  test=12,340
Class balance train (down/flat/up): [1140, 26738, 914]
Class balance test  (down/flat/up): [634, 11355, 351]
[01:10:31] Optimising stage probability thresholds on train-validation split...
[01:11:15] Prob-grid progress: 5/25
[01:11:16] Prob-grid progress: 10/25
[01:11:17] Prob-grid progress: 15/25
[01:11:18] Prob-grid progress: 20/25
[01:11:19] Prob-grid progress: 25/25

    stage1   stage2      score  signals  total_pnl
      0.60     0.50     351.44       55     473.88 ◄ best
      0.65     0.50     345.82       39     553.75
      0.55     0.50     339.90       75     392.48
      0.55     0.60     270.08       52     374.53
      0.55     0.55     268.78       55     362.42
      0.65     0.60     267.61       29     496.94
      0.65     0.55     264.84       30     483.53
      0.60     0.55     260.79       42     402.40
      0.60     0.60     259.57       40     410.42
      0.70     0.50     236.33       29     438.86
[01:11:19] Probability optimisation done — total=4.7s
[01:11:19] → Best probability gates: stage1=0.60, stage2=0.50  (+47.9s)
[01:11:19] Training two-stage model...
[01:11:47] Training done  (+28.4s)

── Stage 1 : flat vs trend ─────────────────────────────────────
   Accuracy=0.9037   Balanced=0.5671
   Confusion matrix  (rows=true, cols=pred)  [flat | trend]
             pred_flat  pred_trend
   true_flat    10988         367
   true_trend     821         164
              precision    recall  f1-score   support

        flat       0.93      0.97      0.95     11355
       trend       0.31      0.17      0.22       985

    accuracy                           0.90     12340
   macro avg       0.62      0.57      0.58     12340
weighted avg       0.88      0.90      0.89     12340

── Stage 2 : down vs up (on trend-predicted samples) ───────────
   Accuracy=0.6341   Balanced=0.4657
   Confusion matrix  (rows=true, cols=pred)  [down | up]
            pred_down   pred_up
   true_down      98        36
   true_up        24         6
              precision    recall  f1-score   support

        down       0.80      0.73      0.77       134
          up       0.14      0.20      0.17        30

    accuracy                           0.63       164
   macro avg       0.47      0.47      0.47       164
weighted avg       0.68      0.63      0.66       164

── Full 3-class (down / flat / up) ─────────────────────────────
   Confusion matrix  (rows=true, cols=pred)  [down | flat | up]
             pred_down  pred_flat  pred_up
   true_down       98        500       36
   true_flat      202      10988      165
   true_up         24        321        6
              precision    recall  f1-score   support

        down       0.30      0.15      0.20       634
        flat       0.93      0.97      0.95     11355
          up       0.03      0.02      0.02       351

    accuracy                           0.90     12340
   macro avg       0.42      0.38      0.39     12340
weighted avg       0.87      0.90      0.88     12340

── Directional PnL check ───────────────────────────────────────
   trades=531  total=$596.11  avg_trade=$1.12
   n_days=9  avg_day=$66.23  positive_days=55.6%%
[01:11:47] Saving model and report...

Saved model  : training/image_trend_model_w150_2b_s2.joblib
Saved report : training/image_trend_report_w150_2b_s2.json
[01:11:47] All done — total elapsed: 1m39s  (+0.2s)
