[00:49:03] Starting image-trend pipeline
[00:49:03] Loading data from MySQL...
Data successfully loaded: 315470 rows.
[00:49:05] Bars after resample: 315,470  (+2.6s)
[00:49:05] Building image-like dataset  (window=150, horizon=40, threshold=0.01, min_range=40.0, min_15m_drop=15.0, min_15m_rise=0.0)...
  [00:49:06]   5.0%  bars= 15,764/315,281  kept=161  skipped=15,603  elapsed=0.4s  eta≈7s
  [00:49:06]  10.0%  bars= 31,528/315,281  kept=386  skipped=31,142  elapsed=0.8s  eta≈7s
  [00:49:07]  15.0%  bars= 47,292/315,281  kept=386  skipped=46,906  elapsed=1.1s  eta≈6s
  [00:49:07]  20.0%  bars= 63,056/315,281  kept=550  skipped=62,506  elapsed=1.5s  eta≈6s
  [00:49:07]  25.0%  bars= 78,820/315,281  kept=551  skipped=78,269  elapsed=1.8s  eta≈5s
  [00:49:08]  30.0%  bars= 94,584/315,281  kept=641  skipped=93,943  elapsed=2.2s  eta≈5s
  [00:49:08]  35.0%  bars=110,348/315,281  kept=812  skipped=109,536  elapsed=2.6s  eta≈5s
  [00:49:08]  40.0%  bars=126,112/315,281  kept=1,089  skipped=125,023  elapsed=2.9s  eta≈4s
  [00:49:09]  45.0%  bars=141,876/315,281  kept=1,549  skipped=140,327  elapsed=3.4s  eta≈4s
  [00:49:10]  50.0%  bars=157,640/315,281  kept=4,550  skipped=153,090  elapsed=4.2s  eta≈4s
  [00:49:10]  55.0%  bars=173,404/315,281  kept=6,353  skipped=167,051  elapsed=4.8s  eta≈4s
  [00:49:11]  60.0%  bars=189,168/315,281  kept=7,886  skipped=181,282  elapsed=5.4s  eta≈4s
  [00:49:11]  65.0%  bars=204,932/315,281  kept=8,883  skipped=196,049  elapsed=5.9s  eta≈3s
  [00:49:12]  70.0%  bars=220,696/315,281  kept=10,501  skipped=210,195  elapsed=6.5s  eta≈3s
  [00:49:13]  75.0%  bars=236,460/315,281  kept=11,840  skipped=224,620  elapsed=7.1s  eta≈2s
  [00:49:14]  80.0%  bars=252,224/315,281  kept=18,539  skipped=233,685  elapsed=8.5s  eta≈2s
  [00:49:15]  85.0%  bars=267,988/315,281  kept=24,203  skipped=243,785  elapsed=9.8s  eta≈2s
  [00:49:16]  90.0%  bars=283,752/315,281  kept=29,192  skipped=254,560  elapsed=10.9s  eta≈1s
  [00:49:18]  95.0%  bars=299,516/315,281  kept=34,660  skipped=264,856  elapsed=12.1s  eta≈1s
  [00:49:19] 100.0%  bars=315,280/315,281  kept=41,132  skipped=274,148  elapsed=13.5s  eta≈0s
  [00:49:19] Dataset build done — kept=41,132  skipped=274,149  took=13.5s
[00:49:19] Dataset ready: kept=41,132  skipped=274,149  (+13.6s)
[00:49:19] Split: train=28,792  test=12,340
Class balance train (down/flat/up): [1140, 26738, 914]
Class balance test  (down/flat/up): [634, 11355, 351]
[00:49:19] Optimising stage probability thresholds on train-validation split...
[00:49:50] Prob-grid progress: 5/25
[00:49:51] Prob-grid progress: 10/25
[00:49:52] Prob-grid progress: 15/25
[00:49:53] Prob-grid progress: 20/25
[00:49:54] Prob-grid progress: 25/25

    stage1   stage2      score  signals  total_pnl
      0.70     0.70    -642.52       69    -773.50 ◄ best
      0.70     0.60    -700.37       77    -798.14
      0.70     0.65    -707.69       73    -828.29
      0.65     0.70    -707.89       84    -772.37
      0.70     0.55    -723.78       78    -819.52
      0.70     0.50    -728.08       80    -814.02
      0.65     0.65    -775.94       88    -827.16
      0.65     0.50    -811.25      101    -807.22
      0.65     0.55    -819.82       98    -828.14
      0.65     0.60    -839.80       94    -866.19
[00:49:54] Probability optimisation done — total=3.9s
[00:49:54] → Best probability gates: stage1=0.70, stage2=0.70  (+34.6s)
[00:49:54] Training two-stage model...
[00:50:19] Training done  (+25.9s)

── Stage 1 : flat vs trend ─────────────────────────────────────
   Accuracy=0.8950   Balanced=0.5470
   Confusion matrix  (rows=true, cols=pred)  [flat | trend]
             pred_flat  pred_trend
   true_flat    10913         442
   true_trend     854         131
              precision    recall  f1-score   support

        flat       0.93      0.96      0.94     11355
       trend       0.23      0.13      0.17       985

    accuracy                           0.89     12340
   macro avg       0.58      0.55      0.56     12340
weighted avg       0.87      0.89      0.88     12340

── Stage 2 : down vs up (on trend-predicted samples) ───────────
   Accuracy=0.7863   Balanced=0.7360
   Confusion matrix  (rows=true, cols=pred)  [down | up]
            pred_down   pred_up
   true_down      91        22
   true_up         6        12
              precision    recall  f1-score   support

        down       0.94      0.81      0.87       113
          up       0.35      0.67      0.46        18

    accuracy                           0.79       131
   macro avg       0.65      0.74      0.66       131
weighted avg       0.86      0.79      0.81       131

── Full 3-class (down / flat / up) ─────────────────────────────
   Confusion matrix  (rows=true, cols=pred)  [down | flat | up]
             pred_down  pred_flat  pred_up
   true_down       91        521       22
   true_flat      227      10913      215
   true_up          6        333       12
              precision    recall  f1-score   support

        down       0.28      0.14      0.19       634
        flat       0.93      0.96      0.94     11355
          up       0.05      0.03      0.04       351

    accuracy                           0.89     12340
   macro avg       0.42      0.38      0.39     12340
weighted avg       0.87      0.89      0.88     12340

── Directional PnL check ───────────────────────────────────────
   trades=573  total=$3649.39  avg_trade=$6.37
   n_days=16  avg_day=$228.09  positive_days=56.2%%
[00:50:20] Saving model and report...

Saved model  : training/image_trend_model_w150_noimgb.joblib
Saved report : training/image_trend_report_w150_noimgb.json
[00:50:20] All done — total elapsed: 1m16s  (+0.1s)
