[10:01:08] Starting image-trend pipeline
[10:01:08] Loading data from MySQL...
Data successfully loaded: 315470 rows.
[10:01:11] Bars after resample: 315,470  (+2.7s)
[10:01:11] Building image-like dataset  (window=150, horizon=25, threshold=0.008, min_range=40.0, min_15m_drop=15.0, min_15m_rise=15.0)...
  [10:01:11]   5.0%  bars= 15,764/315,296  kept=161  skipped=15,603  elapsed=0.4s  eta≈7s
  [10:01:11]  10.0%  bars= 31,528/315,296  kept=386  skipped=31,142  elapsed=0.8s  eta≈7s
  [10:01:12]  15.0%  bars= 47,292/315,296  kept=386  skipped=46,906  elapsed=1.1s  eta≈6s
  [10:01:12]  20.0%  bars= 63,056/315,296  kept=550  skipped=62,506  elapsed=1.5s  eta≈6s
  [10:01:12]  25.0%  bars= 78,820/315,296  kept=551  skipped=78,269  elapsed=1.8s  eta≈5s
  [10:01:13]  30.0%  bars= 94,584/315,296  kept=641  skipped=93,943  elapsed=2.2s  eta≈5s
  [10:01:13]  35.0%  bars=110,348/315,296  kept=812  skipped=109,536  elapsed=2.6s  eta≈5s
  [10:01:13]  40.0%  bars=126,112/315,296  kept=1,089  skipped=125,023  elapsed=3.0s  eta≈4s
  [10:01:14]  45.0%  bars=141,876/315,296  kept=1,549  skipped=140,327  elapsed=3.4s  eta≈4s
  [10:01:15]  50.0%  bars=157,640/315,296  kept=4,550  skipped=153,090  elapsed=4.2s  eta≈4s
  [10:01:15]  55.0%  bars=173,404/315,296  kept=6,353  skipped=167,051  elapsed=4.9s  eta≈4s
  [10:01:16]  60.0%  bars=189,168/315,296  kept=7,886  skipped=181,282  elapsed=5.7s  eta≈4s
  [10:01:17]  65.0%  bars=204,932/315,296  kept=8,883  skipped=196,049  elapsed=6.8s  eta≈4s
  [10:01:18]  70.0%  bars=220,696/315,296  kept=10,501  skipped=210,195  elapsed=7.5s  eta≈3s
  [10:01:19]  75.0%  bars=236,460/315,296  kept=11,840  skipped=224,620  elapsed=8.1s  eta≈3s
  [10:01:20]  80.0%  bars=252,224/315,296  kept=18,539  skipped=233,685  elapsed=9.5s  eta≈2s
  [10:01:21]  85.0%  bars=267,988/315,296  kept=24,203  skipped=243,785  elapsed=10.8s  eta≈2s
  [10:01:22]  90.0%  bars=283,752/315,296  kept=29,192  skipped=254,560  elapsed=12.0s  eta≈1s
  [10:01:24]  95.0%  bars=299,516/315,296  kept=34,660  skipped=264,856  elapsed=13.2s  eta≈1s
  [10:01:25] 100.0%  bars=315,280/315,296  kept=41,132  skipped=274,148  elapsed=14.7s  eta≈0s
  [10:01:25] Dataset build done — kept=41,132  skipped=274,164  took=14.7s
[10:01:25] Dataset ready: kept=41,132  skipped=274,164  (+14.9s)
[10:01:25] Split: train=24,679  test=16,453
Class balance train (down/flat/up): [1180, 22648, 851]
Class balance test  (down/flat/up): [651, 15357, 445]
[10:01:25] Training two-stage model...
[10:01:46] Training done  (+21.0s)

── Stage 1 : flat vs trend ─────────────────────────────────────
   Accuracy=0.8871   Balanced=0.6070
   Confusion matrix  (rows=true, cols=pred)  [flat | trend]
             pred_flat  pred_trend
   true_flat    14285        1072
   true_trend     785         311
              precision    recall  f1-score   support

        flat       0.95      0.93      0.94     15357
       trend       0.22      0.28      0.25      1096

    accuracy                           0.89     16453
   macro avg       0.59      0.61      0.59     16453
weighted avg       0.90      0.89      0.89     16453

── Stage 2 : down vs up (on trend-predicted samples) ───────────
   Accuracy=0.5916   Balanced=0.5199
   Confusion matrix  (rows=true, cols=pred)  [down | up]
            pred_down   pred_up
   true_down     153        51
   true_up        76        31
              precision    recall  f1-score   support

        down       0.67      0.75      0.71       204
          up       0.38      0.29      0.33       107

    accuracy                           0.59       311
   macro avg       0.52      0.52      0.52       311
weighted avg       0.57      0.59      0.58       311

── Full 3-class (down / flat / up) ─────────────────────────────
   Confusion matrix  (rows=true, cols=pred)  [down | flat | up]
             pred_down  pred_flat  pred_up
   true_down      153        447       51
   true_flat      610      14285      462
   true_up         76        338       31
              precision    recall  f1-score   support

        down       0.18      0.24      0.21       651
        flat       0.95      0.93      0.94     15357
          up       0.06      0.07      0.06       445

    accuracy                           0.88     16453
   macro avg       0.40      0.41      0.40     16453
weighted avg       0.89      0.88      0.89     16453

── Directional PnL check ───────────────────────────────────────
   trades=158  total=$841.19  avg_trade=$5.32
   n_days=25  avg_day=$33.65  positive_days=64.0%%
Saved trades  : training/backtest_trades_singlepos_dynamic_h25_t008_p260_v2.csv
[10:01:47] Saving model and report...

Saved model  : training/backtest_model_singlepos_dynamic_h25_t008_p260_v2.joblib
Saved report : training/backtest_report_singlepos_dynamic_h25_t008_p260_v2.json
[10:01:47] All done — total elapsed: 39.0s  (+0.1s)
