
[1/16] w150_h25_thr0.008_d15_lt0.006_st0.008_ls12_ss15_r15_p10.6_p20.6_sf
CMD: /Library/Frameworks/Python.framework/Versions/3.12/bin/python3 /Users/alpha/Desktop/python/AlphaGold/training/image_trend_ml.py --start-date 2025-05-20 --end-date 2026-04-10 --timeframe 1min --window 150 --window-15m 0 --min-window-range 40.0 --min-15m-drop 15.0 --min-15m-rise 15.0 --horizon 25 --trend-threshold 0.008 --adverse-limit 15.0 --long-target-threshold 0.006 --short-target-threshold 0.008 --long-adverse-limit 12.0 --short-adverse-limit 15.0 --stage1-min-prob 0.6 --stage2-min-prob 0.6 --test-size 0.4 --random-state 42 --classifier gradient_boosting --max-flat-ratio 4.0 --model-out training/_tmp_sweep_sf/w150_h25_thr0.008_d15_lt0.006_st0.008_ls12_ss15_r15_p10.6_p20.6_sf.joblib --report-out training/_tmp_sweep_sf/w150_h25_thr0.008_d15_lt0.006_st0.008_ls12_ss15_r15_p10.6_p20.6_sf.json --use-state-features --pred-history-len 150
[13:47:28] Starting image-trend pipeline
[13:47:28] Loading data from MySQL...
Data successfully loaded: 315470 rows.
[13:47:31] Bars after resample: 315,470  (+2.9s)
[13:47:31] Building image-like dataset  (window=150, horizon=25, threshold=0.008, min_range=40.0, min_15m_drop=15.0, min_15m_rise=15.0)...
  [13:47:31]   5.0%  bars= 15,764/315,296  kept=161  skipped=15,603  elapsed=0.4s  eta≈7s
  [13:47:32]  10.0%  bars= 31,528/315,296  kept=386  skipped=31,142  elapsed=0.8s  eta≈7s
  [13:47:32]  15.0%  bars= 47,292/315,296  kept=386  skipped=46,906  elapsed=1.1s  eta≈6s
  [13:47:32]  20.0%  bars= 63,056/315,296  kept=550  skipped=62,506  elapsed=1.5s  eta≈6s
  [13:47:33]  25.0%  bars= 78,820/315,296  kept=551  skipped=78,269  elapsed=1.8s  eta≈6s
  [13:47:33]  30.0%  bars= 94,584/315,296  kept=641  skipped=93,943  elapsed=2.2s  eta≈5s
  [13:47:33]  35.0%  bars=110,348/315,296  kept=812  skipped=109,536  elapsed=2.6s  eta≈5s
  [13:47:34]  40.0%  bars=126,112/315,296  kept=1,089  skipped=125,023  elapsed=3.0s  eta≈4s
  [13:47:34]  45.0%  bars=141,876/315,296  kept=1,549  skipped=140,327  elapsed=3.4s  eta≈4s
  [13:47:35]  50.0%  bars=157,640/315,296  kept=4,550  skipped=153,090  elapsed=4.2s  eta≈4s
  [13:47:36]  55.0%  bars=173,404/315,296  kept=6,353  skipped=167,051  elapsed=4.9s  eta≈4s
  [13:47:36]  60.0%  bars=189,168/315,296  kept=7,886  skipped=181,282  elapsed=5.5s  eta≈4s
  [13:47:37]  65.0%  bars=204,932/315,296  kept=8,883  skipped=196,049  elapsed=6.0s  eta≈3s
  [13:47:37]  70.0%  bars=220,696/315,296  kept=10,501  skipped=210,195  elapsed=6.6s  eta≈3s
  [13:47:38]  75.0%  bars=236,460/315,296  kept=11,840  skipped=224,620  elapsed=7.2s  eta≈2s
  [13:47:39]  80.0%  bars=252,224/315,296  kept=18,539  skipped=233,685  elapsed=8.7s  eta≈2s
  [13:47:41]  85.0%  bars=267,988/315,296  kept=24,203  skipped=243,785  elapsed=10.1s  eta≈2s
  [13:47:42]  90.0%  bars=283,752/315,296  kept=29,192  skipped=254,560  elapsed=11.4s  eta≈1s
  [13:47:43]  95.0%  bars=299,516/315,296  kept=34,660  skipped=264,856  elapsed=12.7s  eta≈1s
  [13:47:45] 100.0%  bars=315,280/315,296  kept=41,132  skipped=274,148  elapsed=14.2s  eta≈0s
  [13:47:45] Dataset build done — kept=41,132  skipped=274,164  took=14.2s
[13:47:45] Dataset ready: kept=41,132  skipped=274,164  (+14.4s)
[13:47:45] Split: train=24,679  test=16,453
Class balance train (down/flat/up/risky): [1180, 21237, 1407, 855]
Class balance test  (down/flat/up/risky): [651, 14717, 873, 212]
[13:47:45] Building causal state features (OOF train + base test)...
[13:50:46] State features added: +457 columns  (+3m00s)
[13:50:46] Training two-stage model...
[13:51:37] Training done  (+51.6s)

── Stage 1 : flat vs trend ─────────────────────────────────────
   Accuracy=0.8592   Balanced=0.6075
   Confusion matrix  (rows=true, cols=pred)  [flat | trend]
             pred_flat  pred_trend
   true_flat    13682        1247
   true_trend    1069         455
              precision    recall  f1-score   support

        flat       0.93      0.92      0.92     14929
       trend       0.27      0.30      0.28      1524

    accuracy                           0.86     16453
   macro avg       0.60      0.61      0.60     16453
weighted avg       0.87      0.86      0.86     16453

── Stage 2 : down vs up (on trend-predicted samples) ───────────
   Accuracy=0.5363   Balanced=0.5359
   Confusion matrix  (rows=true, cols=pred)  [down | up]
            pred_down   pred_up
   true_down     129       107
   true_up       104       115
              precision    recall  f1-score   support

        down       0.55      0.55      0.55       236
          up       0.52      0.53      0.52       219

    accuracy                           0.54       455
   macro avg       0.54      0.54      0.54       455
weighted avg       0.54      0.54      0.54       455

── Full 4-class (down / flat / up / risky) ────────────────────
   Confusion matrix  (rows=true, cols=pred)  [down | flat | up | risky]
             pred_down  pred_flat  pred_up  pred_risky
   true_down      129        415      107          0
   true_flat      426      13549      742          0
   true_up        104        654      115          0
   true_risky      41        133       38          0
              precision    recall  f1-score   support

        down       0.18      0.20      0.19       651
        flat       0.92      0.92      0.92     14717
          up       0.11      0.13      0.12       873
       risky       0.00      0.00      0.00       212

    accuracy                           0.84     16453
   macro avg       0.30      0.31      0.31     16453
weighted avg       0.83      0.84      0.84     16453

── Directional PnL check ───────────────────────────────────────
   trades=260  total=$838.20  avg_trade=$3.22
   n_days=31  avg_day=$27.04  positive_days=64.5%%
[13:51:38] Saving model and report...

Saved model  : training/_tmp_sweep_sf/w150_h25_thr0.008_d15_lt0.006_st0.008_ls12_ss15_r15_p10.6_p20.6_sf.joblib
Saved report : training/_tmp_sweep_sf/w150_h25_thr0.008_d15_lt0.006_st0.008_ls12_ss15_r15_p10.6_p20.6_sf.json
[13:51:38] All done — total elapsed: 4m10s  (+0.2s)

[2/16] w150_h25_thr0.008_d15_lt0.006_st0.008_ls12_ss18_r15_p10.6_p20.6_sf
CMD: /Library/Frameworks/Python.framework/Versions/3.12/bin/python3 /Users/alpha/Desktop/python/AlphaGold/training/image_trend_ml.py --start-date 2025-05-20 --end-date 2026-04-10 --timeframe 1min --window 150 --window-15m 0 --min-window-range 40.0 --min-15m-drop 15.0 --min-15m-rise 15.0 --horizon 25 --trend-threshold 0.008 --adverse-limit 15.0 --long-target-threshold 0.006 --short-target-threshold 0.008 --long-adverse-limit 12.0 --short-adverse-limit 18.0 --stage1-min-prob 0.6 --stage2-min-prob 0.6 --test-size 0.4 --random-state 42 --classifier gradient_boosting --max-flat-ratio 4.0 --model-out training/_tmp_sweep_sf/w150_h25_thr0.008_d15_lt0.006_st0.008_ls12_ss18_r15_p10.6_p20.6_sf.joblib --report-out training/_tmp_sweep_sf/w150_h25_thr0.008_d15_lt0.006_st0.008_ls12_ss18_r15_p10.6_p20.6_sf.json --use-state-features --pred-history-len 150
[13:51:41] Starting image-trend pipeline
[13:51:41] Loading data from MySQL...
Data successfully loaded: 315470 rows.
[13:51:44] Bars after resample: 315,470  (+3.2s)
[13:51:44] Building image-like dataset  (window=150, horizon=25, threshold=0.008, min_range=40.0, min_15m_drop=15.0, min_15m_rise=15.0)...
  [13:51:45]   5.0%  bars= 15,764/315,296  kept=161  skipped=15,603  elapsed=0.4s  eta≈8s
  [13:51:45]  10.0%  bars= 31,528/315,296  kept=386  skipped=31,142  elapsed=0.9s  eta≈8s
  [13:51:46]  15.0%  bars= 47,292/315,296  kept=386  skipped=46,906  elapsed=1.3s  eta≈7s
  [13:51:46]  20.0%  bars= 63,056/315,296  kept=550  skipped=62,506  elapsed=1.8s  eta≈7s
  [13:51:47]  25.0%  bars= 78,820/315,296  kept=551  skipped=78,269  elapsed=2.2s  eta≈7s
  [13:51:47]  30.0%  bars= 94,584/315,296  kept=641  skipped=93,943  elapsed=2.6s  eta≈6s
  [13:51:47]  35.0%  bars=110,348/315,296  kept=812  skipped=109,536  elapsed=3.1s  eta≈6s
  [13:51:48]  40.0%  bars=126,112/315,296  kept=1,089  skipped=125,023  elapsed=3.6s  eta≈5s
  [13:51:48]  45.0%  bars=141,876/315,296  kept=1,549  skipped=140,327  elapsed=4.1s  eta≈5s
  [13:51:49]  50.0%  bars=157,640/315,296  kept=4,550  skipped=153,090  elapsed=5.1s  eta≈5s
  [13:51:50]  55.0%  bars=173,404/315,296  kept=6,353  skipped=167,051  elapsed=5.8s  eta≈5s
  [13:51:51]  60.0%  bars=189,168/315,296  kept=7,886  skipped=181,282  elapsed=6.5s  eta≈4s
  [13:51:51]  65.0%  bars=204,932/315,296  kept=8,883  skipped=196,049  elapsed=7.1s  eta≈4s
  [13:51:52]  70.0%  bars=220,696/315,296  kept=10,501  skipped=210,195  elapsed=7.9s  eta≈3s
  [13:51:53]  75.0%  bars=236,460/315,296  kept=11,840  skipped=224,620  elapsed=8.5s  eta≈3s
  [13:51:55]  80.0%  bars=252,224/315,296  kept=18,539  skipped=233,685  elapsed=10.2s  eta≈3s
  [13:51:56]  85.0%  bars=267,988/315,296  kept=24,203  skipped=243,785  elapsed=11.7s  eta≈2s
  [13:51:57]  90.0%  bars=283,752/315,296  kept=29,192  skipped=254,560  elapsed=13.1s  eta≈1s
  [13:51:59]  95.0%  bars=299,516/315,296  kept=34,660  skipped=264,856  elapsed=14.6s  eta≈1s
  [13:52:01] 100.0%  bars=315,280/315,296  kept=41,132  skipped=274,148  elapsed=16.3s  eta≈0s
  [13:52:01] Dataset build done — kept=41,132  skipped=274,164  took=16.3s
[13:52:01] Dataset ready: kept=41,132  skipped=274,164  (+16.4s)
[13:52:01] Split: train=24,679  test=16,453
Class balance train (down/flat/up/risky): [1274, 21237, 1407, 761]
Class balance test  (down/flat/up/risky): [673, 14717, 873, 190]
[13:52:01] Building causal state features (OOF train + base test)...
[13:54:43] State features added: +457 columns  (+2m42s)
[13:54:43] Training two-stage model...
[13:55:25] Training done  (+42.4s)

── Stage 1 : flat vs trend ─────────────────────────────────────
   Accuracy=0.8591   Balanced=0.6005
   Confusion matrix  (rows=true, cols=pred)  [flat | trend]
             pred_flat  pred_trend
   true_flat    13698        1209
   true_trend    1110         436
              precision    recall  f1-score   support

        flat       0.93      0.92      0.92     14907
       trend       0.27      0.28      0.27      1546

    accuracy                           0.86     16453
   macro avg       0.60      0.60      0.60     16453
weighted avg       0.86      0.86      0.86     16453

── Stage 2 : down vs up (on trend-predicted samples) ───────────
   Accuracy=0.5138   Balanced=0.5010
   Confusion matrix  (rows=true, cols=pred)  [down | up]
            pred_down   pred_up
   true_down     147       103
   true_up       109        77
              precision    recall  f1-score   support

        down       0.57      0.59      0.58       250
          up       0.43      0.41      0.42       186

    accuracy                           0.51       436
   macro avg       0.50      0.50      0.50       436
weighted avg       0.51      0.51      0.51       436

── Full 4-class (down / flat / up / risky) ────────────────────
   Confusion matrix  (rows=true, cols=pred)  [down | flat | up | risky]
             pred_down  pred_flat  pred_up  pred_risky
   true_down      147        423      103          0
   true_flat      440      13584      693          0
   true_up        109        687       77          0
   true_risky      48        114       28          0
              precision    recall  f1-score   support

        down       0.20      0.22      0.21       673
        flat       0.92      0.92      0.92     14717
          up       0.09      0.09      0.09       873
       risky       0.00      0.00      0.00       190

    accuracy                           0.84     16453
   macro avg       0.30      0.31      0.30     16453
weighted avg       0.83      0.84      0.84     16453

── Directional PnL check ───────────────────────────────────────
   trades=231  total=$534.41  avg_trade=$2.31
   n_days=29  avg_day=$18.43  positive_days=62.1%%
[13:55:26] Saving model and report...

Saved model  : training/_tmp_sweep_sf/w150_h25_thr0.008_d15_lt0.006_st0.008_ls12_ss18_r15_p10.6_p20.6_sf.joblib
Saved report : training/_tmp_sweep_sf/w150_h25_thr0.008_d15_lt0.006_st0.008_ls12_ss18_r15_p10.6_p20.6_sf.json
[13:55:26] All done — total elapsed: 3m44s  (+0.2s)

[3/16] w150_h25_thr0.008_d15_lt0.006_st0.008_ls15_ss15_r15_p10.6_p20.6_sf
CMD: /Library/Frameworks/Python.framework/Versions/3.12/bin/python3 /Users/alpha/Desktop/python/AlphaGold/training/image_trend_ml.py --start-date 2025-05-20 --end-date 2026-04-10 --timeframe 1min --window 150 --window-15m 0 --min-window-range 40.0 --min-15m-drop 15.0 --min-15m-rise 15.0 --horizon 25 --trend-threshold 0.008 --adverse-limit 15.0 --long-target-threshold 0.006 --short-target-threshold 0.008 --long-adverse-limit 15.0 --short-adverse-limit 15.0 --stage1-min-prob 0.6 --stage2-min-prob 0.6 --test-size 0.4 --random-state 42 --classifier gradient_boosting --max-flat-ratio 4.0 --model-out training/_tmp_sweep_sf/w150_h25_thr0.008_d15_lt0.006_st0.008_ls15_ss15_r15_p10.6_p20.6_sf.joblib --report-out training/_tmp_sweep_sf/w150_h25_thr0.008_d15_lt0.006_st0.008_ls15_ss15_r15_p10.6_p20.6_sf.json --use-state-features --pred-history-len 150
[13:55:28] Starting image-trend pipeline
[13:55:28] Loading data from MySQL...
Data successfully loaded: 315470 rows.
[13:55:31] Bars after resample: 315,470  (+2.9s)
[13:55:31] Building image-like dataset  (window=150, horizon=25, threshold=0.008, min_range=40.0, min_15m_drop=15.0, min_15m_rise=15.0)...
  [13:55:31]   5.0%  bars= 15,764/315,296  kept=161  skipped=15,603  elapsed=0.4s  eta≈8s
  [13:55:32]  10.0%  bars= 31,528/315,296  kept=386  skipped=31,142  elapsed=0.8s  eta≈8s
  [13:55:32]  15.0%  bars= 47,292/315,296  kept=386  skipped=46,906  elapsed=1.2s  eta≈7s
  [13:55:33]  20.0%  bars= 63,056/315,296  kept=550  skipped=62,506  elapsed=1.7s  eta≈7s
  [13:55:33]  25.0%  bars= 78,820/315,296  kept=551  skipped=78,269  elapsed=2.1s  eta≈6s
  [13:55:33]  30.0%  bars= 94,584/315,296  kept=641  skipped=93,943  elapsed=2.5s  eta≈6s
  [13:55:34]  35.0%  bars=110,348/315,296  kept=812  skipped=109,536  elapsed=2.9s  eta≈5s
  [13:55:34]  40.0%  bars=126,112/315,296  kept=1,089  skipped=125,023  elapsed=3.3s  eta≈5s
  [13:55:35]  45.0%  bars=141,876/315,296  kept=1,549  skipped=140,327  elapsed=3.8s  eta≈5s
  [13:55:36]  50.0%  bars=157,640/315,296  kept=4,550  skipped=153,090  elapsed=4.8s  eta≈5s
  [13:55:36]  55.0%  bars=173,404/315,296  kept=6,353  skipped=167,051  elapsed=5.5s  eta≈4s
  [13:55:37]  60.0%  bars=189,168/315,296  kept=7,886  skipped=181,282  elapsed=6.1s  eta≈4s
  [13:55:38]  65.0%  bars=204,932/315,296  kept=8,883  skipped=196,049  elapsed=6.7s  eta≈4s
  [13:55:38]  70.0%  bars=220,696/315,296  kept=10,501  skipped=210,195  elapsed=7.4s  eta≈3s
  [13:55:39]  75.0%  bars=236,460/315,296  kept=11,840  skipped=224,620  elapsed=8.1s  eta≈3s
  [13:55:41]  80.0%  bars=252,224/315,296  kept=18,539  skipped=233,685  elapsed=9.6s  eta≈2s
  [13:55:42]  85.0%  bars=267,988/315,296  kept=24,203  skipped=243,785  elapsed=11.1s  eta≈2s
  [13:55:43]  90.0%  bars=283,752/315,296  kept=29,192  skipped=254,560  elapsed=12.3s  eta≈1s
  [13:55:45]  95.0%  bars=299,516/315,296  kept=34,660  skipped=264,856  elapsed=13.7s  eta≈1s
  [13:55:46] 100.0%  bars=315,280/315,296  kept=41,132  skipped=274,148  elapsed=15.3s  eta≈0s
  [13:55:46] Dataset build done — kept=41,132  skipped=274,164  took=15.3s
[13:55:46] Dataset ready: kept=41,132  skipped=274,164  (+15.3s)
[13:55:46] Split: train=24,679  test=16,453
Class balance train (down/flat/up/risky): [1180, 21237, 1516, 746]
Class balance test  (down/flat/up/risky): [651, 14717, 913, 172]
[13:55:46] Building causal state features (OOF train + base test)...
[13:58:40] State features added: +457 columns  (+2m53s)
[13:58:40] Training two-stage model...
[13:59:16] Training done  (+36.8s)

── Stage 1 : flat vs trend ─────────────────────────────────────
   Accuracy=0.8594   Balanced=0.6047
   Confusion matrix  (rows=true, cols=pred)  [flat | trend]
             pred_flat  pred_trend
   true_flat    13685        1204
   true_trend    1110         454
              precision    recall  f1-score   support

        flat       0.92      0.92      0.92     14889
       trend       0.27      0.29      0.28      1564

    accuracy                           0.86     16453
   macro avg       0.60      0.60      0.60     16453
weighted avg       0.86      0.86      0.86     16453

── Stage 2 : down vs up (on trend-predicted samples) ───────────
   Accuracy=0.5286   Balanced=0.5281
   Confusion matrix  (rows=true, cols=pred)  [down | up]
            pred_down   pred_up
   true_down     128       109
   true_up       105       112
              precision    recall  f1-score   support

        down       0.55      0.54      0.54       237
          up       0.51      0.52      0.51       217

    accuracy                           0.53       454
   macro avg       0.53      0.53      0.53       454
weighted avg       0.53      0.53      0.53       454

── Full 4-class (down / flat / up / risky) ────────────────────
   Confusion matrix  (rows=true, cols=pred)  [down | flat | up | risky]
             pred_down  pred_flat  pred_up  pred_risky
   true_down      128        414      109          0
   true_flat      408      13579      730          0
   true_up        105        696      112          0
   true_risky      33        106       33          0
              precision    recall  f1-score   support

        down       0.19      0.20      0.19       651
        flat       0.92      0.92      0.92     14717
          up       0.11      0.12      0.12       913
       risky       0.00      0.00      0.00       172

    accuracy                           0.84     16453
   macro avg       0.31      0.31      0.31     16453
weighted avg       0.83      0.84      0.84     16453

── Directional PnL check ───────────────────────────────────────
   trades=240  total=$636.08  avg_trade=$2.65
   n_days=32  avg_day=$19.88  positive_days=62.5%%
[13:59:17] Saving model and report...

Saved model  : training/_tmp_sweep_sf/w150_h25_thr0.008_d15_lt0.006_st0.008_ls15_ss15_r15_p10.6_p20.6_sf.joblib
Saved report : training/_tmp_sweep_sf/w150_h25_thr0.008_d15_lt0.006_st0.008_ls15_ss15_r15_p10.6_p20.6_sf.json
[13:59:17] All done — total elapsed: 3m49s  (+0.2s)

[4/16] w150_h25_thr0.008_d15_lt0.006_st0.008_ls15_ss18_r15_p10.6_p20.6_sf
CMD: /Library/Frameworks/Python.framework/Versions/3.12/bin/python3 /Users/alpha/Desktop/python/AlphaGold/training/image_trend_ml.py --start-date 2025-05-20 --end-date 2026-04-10 --timeframe 1min --window 150 --window-15m 0 --min-window-range 40.0 --min-15m-drop 15.0 --min-15m-rise 15.0 --horizon 25 --trend-threshold 0.008 --adverse-limit 15.0 --long-target-threshold 0.006 --short-target-threshold 0.008 --long-adverse-limit 15.0 --short-adverse-limit 18.0 --stage1-min-prob 0.6 --stage2-min-prob 0.6 --test-size 0.4 --random-state 42 --classifier gradient_boosting --max-flat-ratio 4.0 --model-out training/_tmp_sweep_sf/w150_h25_thr0.008_d15_lt0.006_st0.008_ls15_ss18_r15_p10.6_p20.6_sf.joblib --report-out training/_tmp_sweep_sf/w150_h25_thr0.008_d15_lt0.006_st0.008_ls15_ss18_r15_p10.6_p20.6_sf.json --use-state-features --pred-history-len 150
[13:59:19] Starting image-trend pipeline
[13:59:19] Loading data from MySQL...
Data successfully loaded: 315470 rows.
[13:59:22] Bars after resample: 315,470  (+2.8s)
[13:59:22] Building image-like dataset  (window=150, horizon=25, threshold=0.008, min_range=40.0, min_15m_drop=15.0, min_15m_rise=15.0)...
  [13:59:22]   5.0%  bars= 15,764/315,296  kept=161  skipped=15,603  elapsed=0.4s  eta≈7s
  [13:59:23]  10.0%  bars= 31,528/315,296  kept=386  skipped=31,142  elapsed=0.8s  eta≈7s
  [13:59:23]  15.0%  bars= 47,292/315,296  kept=386  skipped=46,906  elapsed=1.2s  eta≈7s
  [13:59:23]  20.0%  bars= 63,056/315,296  kept=550  skipped=62,506  elapsed=1.6s  eta≈6s
  [13:59:24]  25.0%  bars= 78,820/315,296  kept=551  skipped=78,269  elapsed=2.0s  eta≈6s
  [13:59:24]  30.0%  bars= 94,584/315,296  kept=641  skipped=93,943  elapsed=2.4s  eta≈6s
  [13:59:25]  35.0%  bars=110,348/315,296  kept=812  skipped=109,536  elapsed=2.8s  eta≈5s
  [13:59:25]  40.0%  bars=126,112/315,296  kept=1,089  skipped=125,023  elapsed=3.2s  eta≈5s
  [13:59:25]  45.0%  bars=141,876/315,296  kept=1,549  skipped=140,327  elapsed=3.7s  eta≈4s
  [13:59:26]  50.0%  bars=157,640/315,296  kept=4,550  skipped=153,090  elapsed=4.6s  eta≈5s
  [13:59:27]  55.0%  bars=173,404/315,296  kept=6,353  skipped=167,051  elapsed=5.3s  eta≈4s
  [13:59:28]  60.0%  bars=189,168/315,296  kept=7,886  skipped=181,282  elapsed=5.9s  eta≈4s
  [13:59:28]  65.0%  bars=204,932/315,296  kept=8,883  skipped=196,049  elapsed=6.5s  eta≈3s
  [13:59:29]  70.0%  bars=220,696/315,296  kept=10,501  skipped=210,195  elapsed=7.2s  eta≈3s
  [13:59:30]  75.0%  bars=236,460/315,296  kept=11,840  skipped=224,620  elapsed=7.8s  eta≈3s
  [13:59:31]  80.0%  bars=252,224/315,296  kept=18,539  skipped=233,685  elapsed=9.3s  eta≈2s
  [13:59:32]  85.0%  bars=267,988/315,296  kept=24,203  skipped=243,785  elapsed=10.7s  eta≈2s
  [13:59:34]  90.0%  bars=283,752/315,296  kept=29,192  skipped=254,560  elapsed=11.9s  eta≈1s
  [13:59:35]  95.0%  bars=299,516/315,296  kept=34,660  skipped=264,856  elapsed=13.1s  eta≈1s
  [13:59:36] 100.0%  bars=315,280/315,296  kept=41,132  skipped=274,148  elapsed=14.6s  eta≈0s
  [13:59:36] Dataset build done — kept=41,132  skipped=274,164  took=14.6s
[13:59:36] Dataset ready: kept=41,132  skipped=274,164  (+14.7s)
[13:59:36] Split: train=24,679  test=16,453
Class balance train (down/flat/up/risky): [1274, 21237, 1516, 652]
Class balance test  (down/flat/up/risky): [673, 14717, 913, 150]
[13:59:36] Building causal state features (OOF train + base test)...
[14:02:09] State features added: +457 columns  (+2m32s)
[14:02:09] Training two-stage model...
[14:02:59] Training done  (+50.4s)

── Stage 1 : flat vs trend ─────────────────────────────────────
   Accuracy=0.8567   Balanced=0.6036
   Confusion matrix  (rows=true, cols=pred)  [flat | trend]
             pred_flat  pred_trend
   true_flat    13636        1231
   true_trend    1126         460
              precision    recall  f1-score   support

        flat       0.92      0.92      0.92     14867
       trend       0.27      0.29      0.28      1586

    accuracy                           0.86     16453
   macro avg       0.60      0.60      0.60     16453
weighted avg       0.86      0.86      0.86     16453

── Stage 2 : down vs up (on trend-predicted samples) ───────────
   Accuracy=0.5478   Balanced=0.5459
   Confusion matrix  (rows=true, cols=pred)  [down | up]
            pred_down   pred_up
   true_down     141       104
   true_up       104       111
              precision    recall  f1-score   support

        down       0.58      0.58      0.58       245
          up       0.52      0.52      0.52       215

    accuracy                           0.55       460
   macro avg       0.55      0.55      0.55       460
weighted avg       0.55      0.55      0.55       460

── Full 4-class (down / flat / up / risky) ────────────────────
   Confusion matrix  (rows=true, cols=pred)  [down | flat | up | risky]
             pred_down  pred_flat  pred_up  pred_risky
   true_down      141        428      104          0
   true_flat      441      13539      737          0
   true_up        104        698      111          0
   true_risky      31         97       22          0
              precision    recall  f1-score   support

        down       0.20      0.21      0.20       673
        flat       0.92      0.92      0.92     14717
          up       0.11      0.12      0.12       913
       risky       0.00      0.00      0.00       150

    accuracy                           0.84     16453
   macro avg       0.31      0.31      0.31     16453
weighted avg       0.83      0.84      0.84     16453

── Directional PnL check ───────────────────────────────────────
   trades=229  total=$1102.27  avg_trade=$4.81
   n_days=30  avg_day=$36.74  positive_days=73.3%%
[14:03:00] Saving model and report...

Saved model  : training/_tmp_sweep_sf/w150_h25_thr0.008_d15_lt0.006_st0.008_ls15_ss18_r15_p10.6_p20.6_sf.joblib
Saved report : training/_tmp_sweep_sf/w150_h25_thr0.008_d15_lt0.006_st0.008_ls15_ss18_r15_p10.6_p20.6_sf.json
[14:03:00] All done — total elapsed: 3m41s  (+0.2s)

[5/16] w150_h25_thr0.008_d15_lt0.006_st0.01_ls12_ss15_r15_p10.6_p20.6_sf
CMD: /Library/Frameworks/Python.framework/Versions/3.12/bin/python3 /Users/alpha/Desktop/python/AlphaGold/training/image_trend_ml.py --start-date 2025-05-20 --end-date 2026-04-10 --timeframe 1min --window 150 --window-15m 0 --min-window-range 40.0 --min-15m-drop 15.0 --min-15m-rise 15.0 --horizon 25 --trend-threshold 0.008 --adverse-limit 15.0 --long-target-threshold 0.006 --short-target-threshold 0.01 --long-adverse-limit 12.0 --short-adverse-limit 15.0 --stage1-min-prob 0.6 --stage2-min-prob 0.6 --test-size 0.4 --random-state 42 --classifier gradient_boosting --max-flat-ratio 4.0 --model-out training/_tmp_sweep_sf/w150_h25_thr0.008_d15_lt0.006_st0.01_ls12_ss15_r15_p10.6_p20.6_sf.joblib --report-out training/_tmp_sweep_sf/w150_h25_thr0.008_d15_lt0.006_st0.01_ls12_ss15_r15_p10.6_p20.6_sf.json --use-state-features --pred-history-len 150
[14:03:02] Starting image-trend pipeline
[14:03:02] Loading data from MySQL...
Data successfully loaded: 315470 rows.
[14:03:05] Bars after resample: 315,470  (+3.1s)
[14:03:05] Building image-like dataset  (window=150, horizon=25, threshold=0.008, min_range=40.0, min_15m_drop=15.0, min_15m_rise=15.0)...
  [14:03:06]   5.0%  bars= 15,764/315,296  kept=161  skipped=15,603  elapsed=0.4s  eta≈8s
  [14:03:06]  10.0%  bars= 31,528/315,296  kept=386  skipped=31,142  elapsed=0.9s  eta≈8s
  [14:03:07]  15.0%  bars= 47,292/315,296  kept=386  skipped=46,906  elapsed=1.3s  eta≈7s
  [14:03:07]  20.0%  bars= 63,056/315,296  kept=550  skipped=62,506  elapsed=1.8s  eta≈7s
  [14:03:08]  25.0%  bars= 78,820/315,296  kept=551  skipped=78,269  elapsed=2.2s  eta≈7s
  [14:03:08]  30.0%  bars= 94,584/315,296  kept=641  skipped=93,943  elapsed=2.6s  eta≈6s
  [14:03:08]  35.0%  bars=110,348/315,296  kept=812  skipped=109,536  elapsed=3.1s  eta≈6s
  [14:03:09]  40.0%  bars=126,112/315,296  kept=1,089  skipped=125,023  elapsed=3.5s  eta≈5s
  [14:03:09]  45.0%  bars=141,876/315,296  kept=1,549  skipped=140,327  elapsed=4.0s  eta≈5s
  [14:03:10]  50.0%  bars=157,640/315,296  kept=4,550  skipped=153,090  elapsed=5.0s  eta≈5s
  [14:03:11]  55.0%  bars=173,404/315,296  kept=6,353  skipped=167,051  elapsed=5.8s  eta≈5s
  [14:03:12]  60.0%  bars=189,168/315,296  kept=7,886  skipped=181,282  elapsed=6.5s  eta≈4s
  [14:03:13]  65.0%  bars=204,932/315,296  kept=8,883  skipped=196,049  elapsed=7.1s  eta≈4s
  [14:03:13]  70.0%  bars=220,696/315,296  kept=10,501  skipped=210,195  elapsed=7.9s  eta≈3s
  [14:03:14]  75.0%  bars=236,460/315,296  kept=11,840  skipped=224,620  elapsed=8.5s  eta≈3s
  [14:03:16]  80.0%  bars=252,224/315,296  kept=18,539  skipped=233,685  elapsed=10.2s  eta≈3s
  [14:03:17]  85.0%  bars=267,988/315,296  kept=24,203  skipped=243,785  elapsed=11.6s  eta≈2s
  [14:03:18]  90.0%  bars=283,752/315,296  kept=29,192  skipped=254,560  elapsed=13.0s  eta≈1s
  [14:03:20]  95.0%  bars=299,516/315,296  kept=34,660  skipped=264,856  elapsed=14.4s  eta≈1s
  [14:03:21] 100.0%  bars=315,280/315,296  kept=41,132  skipped=274,148  elapsed=16.0s  eta≈0s
  [14:03:21] Dataset build done — kept=41,132  skipped=274,164  took=16.0s
[14:03:21] Dataset ready: kept=41,132  skipped=274,164  (+16.1s)
[14:03:21] Split: train=24,679  test=16,453
Class balance train (down/flat/up/risky): [725, 21765, 1407, 782]
Class balance test  (down/flat/up/risky): [450, 14938, 873, 192]
[14:03:21] Building causal state features (OOF train + base test)...
[14:05:55] State features added: +457 columns  (+2m33s)
[14:05:55] Training two-stage model...
[14:06:30] Training done  (+35.0s)

── Stage 1 : flat vs trend ─────────────────────────────────────
   Accuracy=0.8578   Balanced=0.5992
   Confusion matrix  (rows=true, cols=pred)  [flat | trend]
             pred_flat  pred_trend
   true_flat    13729        1401
   true_trend     938         385
              precision    recall  f1-score   support

        flat       0.94      0.91      0.92     15130
       trend       0.22      0.29      0.25      1323

    accuracy                           0.86     16453
   macro avg       0.58      0.60      0.58     16453
weighted avg       0.88      0.86      0.87     16453

── Stage 2 : down vs up (on trend-predicted samples) ───────────
   Accuracy=0.6026   Balanced=0.5783
   Confusion matrix  (rows=true, cols=pred)  [down | up]
            pred_down   pred_up
   true_down      63       107
   true_up        46       169
              precision    recall  f1-score   support

        down       0.58      0.37      0.45       170
          up       0.61      0.79      0.69       215

    accuracy                           0.60       385
   macro avg       0.60      0.58      0.57       385
weighted avg       0.60      0.60      0.58       385

── Full 4-class (down / flat / up / risky) ────────────────────
   Confusion matrix  (rows=true, cols=pred)  [down | flat | up | risky]
             pred_down  pred_flat  pred_up  pred_risky
   true_down       63        280      107          0
   true_flat      207      13615     1116          0
   true_up         46        658      169          0
   true_risky      21        114       57          0
              precision    recall  f1-score   support

        down       0.19      0.14      0.16       450
        flat       0.93      0.91      0.92     14938
          up       0.12      0.19      0.15       873
       risky       0.00      0.00      0.00       192

    accuracy                           0.84     16453
   macro avg       0.31      0.31      0.31     16453
weighted avg       0.85      0.84      0.85     16453

── Directional PnL check ───────────────────────────────────────
   trades=266  total=$959.32  avg_trade=$3.61
   n_days=30  avg_day=$31.98  positive_days=73.3%%
[14:06:30] Saving model and report...

Saved model  : training/_tmp_sweep_sf/w150_h25_thr0.008_d15_lt0.006_st0.01_ls12_ss15_r15_p10.6_p20.6_sf.joblib
Saved report : training/_tmp_sweep_sf/w150_h25_thr0.008_d15_lt0.006_st0.01_ls12_ss15_r15_p10.6_p20.6_sf.json
[14:06:31] All done — total elapsed: 3m28s  (+0.2s)

[6/16] w150_h25_thr0.008_d15_lt0.006_st0.01_ls12_ss18_r15_p10.6_p20.6_sf
CMD: /Library/Frameworks/Python.framework/Versions/3.12/bin/python3 /Users/alpha/Desktop/python/AlphaGold/training/image_trend_ml.py --start-date 2025-05-20 --end-date 2026-04-10 --timeframe 1min --window 150 --window-15m 0 --min-window-range 40.0 --min-15m-drop 15.0 --min-15m-rise 15.0 --horizon 25 --trend-threshold 0.008 --adverse-limit 15.0 --long-target-threshold 0.006 --short-target-threshold 0.01 --long-adverse-limit 12.0 --short-adverse-limit 18.0 --stage1-min-prob 0.6 --stage2-min-prob 0.6 --test-size 0.4 --random-state 42 --classifier gradient_boosting --max-flat-ratio 4.0 --model-out training/_tmp_sweep_sf/w150_h25_thr0.008_d15_lt0.006_st0.01_ls12_ss18_r15_p10.6_p20.6_sf.joblib --report-out training/_tmp_sweep_sf/w150_h25_thr0.008_d15_lt0.006_st0.01_ls12_ss18_r15_p10.6_p20.6_sf.json --use-state-features --pred-history-len 150
[14:06:32] Starting image-trend pipeline
[14:06:32] Loading data from MySQL...
Data successfully loaded: 315470 rows.
[14:06:35] Bars after resample: 315,470  (+2.9s)
[14:06:35] Building image-like dataset  (window=150, horizon=25, threshold=0.008, min_range=40.0, min_15m_drop=15.0, min_15m_rise=15.0)...
  [14:06:36]   5.0%  bars= 15,764/315,296  kept=161  skipped=15,603  elapsed=0.4s  eta≈8s
  [14:06:36]  10.0%  bars= 31,528/315,296  kept=386  skipped=31,142  elapsed=0.8s  eta≈8s
  [14:06:36]  15.0%  bars= 47,292/315,296  kept=386  skipped=46,906  elapsed=1.2s  eta≈7s
  [14:06:37]  20.0%  bars= 63,056/315,296  kept=550  skipped=62,506  elapsed=1.7s  eta≈7s
  [14:06:37]  25.0%  bars= 78,820/315,296  kept=551  skipped=78,269  elapsed=2.1s  eta≈6s
  [14:06:38]  30.0%  bars= 94,584/315,296  kept=641  skipped=93,943  elapsed=2.5s  eta≈6s
  [14:06:38]  35.0%  bars=110,348/315,296  kept=812  skipped=109,536  elapsed=2.9s  eta≈5s
  [14:06:39]  40.0%  bars=126,112/315,296  kept=1,089  skipped=125,023  elapsed=3.4s  eta≈5s
  [14:06:39]  45.0%  bars=141,876/315,296  kept=1,549  skipped=140,327  elapsed=3.9s  eta≈5s
  [14:06:40]  50.0%  bars=157,640/315,296  kept=4,550  skipped=153,090  elapsed=4.8s  eta≈5s
  [14:06:41]  55.0%  bars=173,404/315,296  kept=6,353  skipped=167,051  elapsed=5.5s  eta≈5s
  [14:06:41]  60.0%  bars=189,168/315,296  kept=7,886  skipped=181,282  elapsed=6.2s  eta≈4s
  [14:06:42]  65.0%  bars=204,932/315,296  kept=8,883  skipped=196,049  elapsed=6.8s  eta≈4s
  [14:06:43]  70.0%  bars=220,696/315,296  kept=10,501  skipped=210,195  elapsed=7.5s  eta≈3s
  [14:06:43]  75.0%  bars=236,460/315,296  kept=11,840  skipped=224,620  elapsed=8.1s  eta≈3s
  [14:06:45]  80.0%  bars=252,224/315,296  kept=18,539  skipped=233,685  elapsed=9.7s  eta≈2s
  [14:06:46]  85.0%  bars=267,988/315,296  kept=24,203  skipped=243,785  elapsed=11.2s  eta≈2s
  [14:06:48]  90.0%  bars=283,752/315,296  kept=29,192  skipped=254,560  elapsed=12.4s  eta≈1s
  [14:06:49]  95.0%  bars=299,516/315,296  kept=34,660  skipped=264,856  elapsed=13.8s  eta≈1s
  [14:06:51] 100.0%  bars=315,280/315,296  kept=41,132  skipped=274,148  elapsed=15.4s  eta≈0s
  [14:06:51] Dataset build done — kept=41,132  skipped=274,164  took=15.4s
[14:06:51] Dataset ready: kept=41,132  skipped=274,164  (+15.4s)
[14:06:51] Split: train=24,679  test=16,453
Class balance train (down/flat/up/risky): [804, 21765, 1407, 703]
Class balance test  (down/flat/up/risky): [458, 14938, 873, 184]
[14:06:51] Building causal state features (OOF train + base test)...
[14:10:01] State features added: +457 columns  (+3m10s)
[14:10:01] Training two-stage model...
[14:10:32] Training done  (+31.4s)

── Stage 1 : flat vs trend ─────────────────────────────────────
   Accuracy=0.8755   Balanced=0.5911
   Confusion matrix  (rows=true, cols=pred)  [flat | trend]
             pred_flat  pred_trend
   true_flat    14070        1052
   true_trend     996         335
              precision    recall  f1-score   support

        flat       0.93      0.93      0.93     15122
       trend       0.24      0.25      0.25      1331

    accuracy                           0.88     16453
   macro avg       0.59      0.59      0.59     16453
weighted avg       0.88      0.88      0.88     16453

── Stage 2 : down vs up (on trend-predicted samples) ───────────
   Accuracy=0.5851   Balanced=0.5784
   Confusion matrix  (rows=true, cols=pred)  [down | up]
            pred_down   pred_up
   true_down      75        81
   true_up        58       121
              precision    recall  f1-score   support

        down       0.56      0.48      0.52       156
          up       0.60      0.68      0.64       179

    accuracy                           0.59       335
   macro avg       0.58      0.58      0.58       335
weighted avg       0.58      0.59      0.58       335

── Full 4-class (down / flat / up / risky) ────────────────────
   Confusion matrix  (rows=true, cols=pred)  [down | flat | up | risky]
             pred_down  pred_flat  pred_up  pred_risky
   true_down       75        302       81          0
   true_flat      230      13953      755          0
   true_up         58        694      121          0
   true_risky      21        117       46          0
              precision    recall  f1-score   support

        down       0.20      0.16      0.18       458
        flat       0.93      0.93      0.93     14938
          up       0.12      0.14      0.13       873
       risky       0.00      0.00      0.00       184

    accuracy                           0.86     16453
   macro avg       0.31      0.31      0.31     16453
weighted avg       0.85      0.86      0.86     16453

── Directional PnL check ───────────────────────────────────────
   trades=222  total=$892.99  avg_trade=$4.02
   n_days=29  avg_day=$30.79  positive_days=65.5%%
[14:10:33] Saving model and report...

Saved model  : training/_tmp_sweep_sf/w150_h25_thr0.008_d15_lt0.006_st0.01_ls12_ss18_r15_p10.6_p20.6_sf.joblib
Saved report : training/_tmp_sweep_sf/w150_h25_thr0.008_d15_lt0.006_st0.01_ls12_ss18_r15_p10.6_p20.6_sf.json
[14:10:33] All done — total elapsed: 4m00s  (+0.1s)

[7/16] w150_h25_thr0.008_d15_lt0.006_st0.01_ls15_ss15_r15_p10.6_p20.6_sf
CMD: /Library/Frameworks/Python.framework/Versions/3.12/bin/python3 /Users/alpha/Desktop/python/AlphaGold/training/image_trend_ml.py --start-date 2025-05-20 --end-date 2026-04-10 --timeframe 1min --window 150 --window-15m 0 --min-window-range 40.0 --min-15m-drop 15.0 --min-15m-rise 15.0 --horizon 25 --trend-threshold 0.008 --adverse-limit 15.0 --long-target-threshold 0.006 --short-target-threshold 0.01 --long-adverse-limit 15.0 --short-adverse-limit 15.0 --stage1-min-prob 0.6 --stage2-min-prob 0.6 --test-size 0.4 --random-state 42 --classifier gradient_boosting --max-flat-ratio 4.0 --model-out training/_tmp_sweep_sf/w150_h25_thr0.008_d15_lt0.006_st0.01_ls15_ss15_r15_p10.6_p20.6_sf.joblib --report-out training/_tmp_sweep_sf/w150_h25_thr0.008_d15_lt0.006_st0.01_ls15_ss15_r15_p10.6_p20.6_sf.json --use-state-features --pred-history-len 150
[14:10:35] Starting image-trend pipeline
[14:10:35] Loading data from MySQL...
Data successfully loaded: 315470 rows.
[14:10:37] Bars after resample: 315,470  (+2.7s)
[14:10:37] Building image-like dataset  (window=150, horizon=25, threshold=0.008, min_range=40.0, min_15m_drop=15.0, min_15m_rise=15.0)...
  [14:10:38]   5.0%  bars= 15,764/315,296  kept=161  skipped=15,603  elapsed=0.4s  eta≈7s
  [14:10:38]  10.0%  bars= 31,528/315,296  kept=386  skipped=31,142  elapsed=0.8s  eta≈7s
  [14:10:38]  15.0%  bars= 47,292/315,296  kept=386  skipped=46,906  elapsed=1.2s  eta≈7s
  [14:10:39]  20.0%  bars= 63,056/315,296  kept=550  skipped=62,506  elapsed=1.6s  eta≈6s
  [14:10:39]  25.0%  bars= 78,820/315,296  kept=551  skipped=78,269  elapsed=1.9s  eta≈6s
  [14:10:40]  30.0%  bars= 94,584/315,296  kept=641  skipped=93,943  elapsed=2.3s  eta≈5s
  [14:10:40]  35.0%  bars=110,348/315,296  kept=812  skipped=109,536  elapsed=2.7s  eta≈5s
  [14:10:40]  40.0%  bars=126,112/315,296  kept=1,089  skipped=125,023  elapsed=3.2s  eta≈5s
  [14:10:41]  45.0%  bars=141,876/315,296  kept=1,549  skipped=140,327  elapsed=3.6s  eta≈4s
  [14:10:42]  50.0%  bars=157,640/315,296  kept=4,550  skipped=153,090  elapsed=4.6s  eta≈5s
  [14:10:42]  55.0%  bars=173,404/315,296  kept=6,353  skipped=167,051  elapsed=5.2s  eta≈4s
  [14:10:43]  60.0%  bars=189,168/315,296  kept=7,886  skipped=181,282  elapsed=5.9s  eta≈4s
  [14:10:44]  65.0%  bars=204,932/315,296  kept=8,883  skipped=196,049  elapsed=6.4s  eta≈3s
  [14:10:44]  70.0%  bars=220,696/315,296  kept=10,501  skipped=210,195  elapsed=7.0s  eta≈3s
  [14:10:45]  75.0%  bars=236,460/315,296  kept=11,840  skipped=224,620  elapsed=7.6s  eta≈3s
  [14:10:46]  80.0%  bars=252,224/315,296  kept=18,539  skipped=233,685  elapsed=9.1s  eta≈2s
  [14:10:48]  85.0%  bars=267,988/315,296  kept=24,203  skipped=243,785  elapsed=10.4s  eta≈2s
  [14:10:49]  90.0%  bars=283,752/315,296  kept=29,192  skipped=254,560  elapsed=11.7s  eta≈1s
  [14:10:50]  95.0%  bars=299,516/315,296  kept=34,660  skipped=264,856  elapsed=13.0s  eta≈1s
  [14:10:52] 100.0%  bars=315,280/315,296  kept=41,132  skipped=274,148  elapsed=14.5s  eta≈0s
  [14:10:52] Dataset build done — kept=41,132  skipped=274,164  took=14.5s
[14:10:52] Dataset ready: kept=41,132  skipped=274,164  (+14.6s)
[14:10:52] Split: train=24,679  test=16,453
Class balance train (down/flat/up/risky): [725, 21765, 1516, 673]
Class balance test  (down/flat/up/risky): [450, 14938, 913, 152]
[14:10:52] Building causal state features (OOF train + base test)...
[14:13:24] State features added: +457 columns  (+2m32s)
[14:13:24] Training two-stage model...
[14:14:06] Training done  (+41.3s)

── Stage 1 : flat vs trend ─────────────────────────────────────
   Accuracy=0.8732   Balanced=0.5928
   Confusion matrix  (rows=true, cols=pred)  [flat | trend]
             pred_flat  pred_trend
   true_flat    14016        1074
   true_trend    1013         350
              precision    recall  f1-score   support

        flat       0.93      0.93      0.93     15090
       trend       0.25      0.26      0.25      1363

    accuracy                           0.87     16453
   macro avg       0.59      0.59      0.59     16453
weighted avg       0.88      0.87      0.87     16453

── Stage 2 : down vs up (on trend-predicted samples) ───────────
   Accuracy=0.5571   Balanced=0.5403
   Confusion matrix  (rows=true, cols=pred)  [down | up]
            pred_down   pred_up
   true_down      58       100
   true_up        55       137
              precision    recall  f1-score   support

        down       0.51      0.37      0.43       158
          up       0.58      0.71      0.64       192

    accuracy                           0.56       350
   macro avg       0.55      0.54      0.53       350
weighted avg       0.55      0.56      0.54       350

── Full 4-class (down / flat / up / risky) ────────────────────
   Confusion matrix  (rows=true, cols=pred)  [down | flat | up | risky]
             pred_down  pred_flat  pred_up  pred_risky
   true_down       58        292      100          0
   true_flat      174      13928      836          0
   true_up         55        721      137          0
   true_risky      17         88       47          0
              precision    recall  f1-score   support

        down       0.19      0.13      0.15       450
        flat       0.93      0.93      0.93     14938
          up       0.12      0.15      0.13       913
       risky       0.00      0.00      0.00       152

    accuracy                           0.86     16453
   macro avg       0.31      0.30      0.30     16453
weighted avg       0.85      0.86      0.86     16453

── Directional PnL check ───────────────────────────────────────
   trades=226  total=$405.09  avg_trade=$1.79
   n_days=30  avg_day=$13.50  positive_days=56.7%%
[14:14:06] Saving model and report...

Saved model  : training/_tmp_sweep_sf/w150_h25_thr0.008_d15_lt0.006_st0.01_ls15_ss15_r15_p10.6_p20.6_sf.joblib
Saved report : training/_tmp_sweep_sf/w150_h25_thr0.008_d15_lt0.006_st0.01_ls15_ss15_r15_p10.6_p20.6_sf.json
[14:14:06] All done — total elapsed: 3m31s  (+0.2s)

[8/16] w150_h25_thr0.008_d15_lt0.006_st0.01_ls15_ss18_r15_p10.6_p20.6_sf
CMD: /Library/Frameworks/Python.framework/Versions/3.12/bin/python3 /Users/alpha/Desktop/python/AlphaGold/training/image_trend_ml.py --start-date 2025-05-20 --end-date 2026-04-10 --timeframe 1min --window 150 --window-15m 0 --min-window-range 40.0 --min-15m-drop 15.0 --min-15m-rise 15.0 --horizon 25 --trend-threshold 0.008 --adverse-limit 15.0 --long-target-threshold 0.006 --short-target-threshold 0.01 --long-adverse-limit 15.0 --short-adverse-limit 18.0 --stage1-min-prob 0.6 --stage2-min-prob 0.6 --test-size 0.4 --random-state 42 --classifier gradient_boosting --max-flat-ratio 4.0 --model-out training/_tmp_sweep_sf/w150_h25_thr0.008_d15_lt0.006_st0.01_ls15_ss18_r15_p10.6_p20.6_sf.joblib --report-out training/_tmp_sweep_sf/w150_h25_thr0.008_d15_lt0.006_st0.01_ls15_ss18_r15_p10.6_p20.6_sf.json --use-state-features --pred-history-len 150
[14:14:08] Starting image-trend pipeline
[14:14:08] Loading data from MySQL...
Data successfully loaded: 315470 rows.
[14:14:11] Bars after resample: 315,470  (+2.9s)
[14:14:11] Building image-like dataset  (window=150, horizon=25, threshold=0.008, min_range=40.0, min_15m_drop=15.0, min_15m_rise=15.0)...
  [14:14:11]   5.0%  bars= 15,764/315,296  kept=161  skipped=15,603  elapsed=0.4s  eta≈8s
  [14:14:12]  10.0%  bars= 31,528/315,296  kept=386  skipped=31,142  elapsed=0.9s  eta≈8s
  [14:14:12]  15.0%  bars= 47,292/315,296  kept=386  skipped=46,906  elapsed=1.2s  eta≈7s
  [14:14:13]  20.0%  bars= 63,056/315,296  kept=550  skipped=62,506  elapsed=1.7s  eta≈7s
  [14:14:13]  25.0%  bars= 78,820/315,296  kept=551  skipped=78,269  elapsed=2.1s  eta≈6s
  [14:14:13]  30.0%  bars= 94,584/315,296  kept=641  skipped=93,943  elapsed=2.5s  eta≈6s
  [14:14:14]  35.0%  bars=110,348/315,296  kept=812  skipped=109,536  elapsed=2.9s  eta≈5s
  [14:14:14]  40.0%  bars=126,112/315,296  kept=1,089  skipped=125,023  elapsed=3.3s  eta≈5s
  [14:14:15]  45.0%  bars=141,876/315,296  kept=1,549  skipped=140,327  elapsed=3.8s  eta≈5s
  [14:14:16]  50.0%  bars=157,640/315,296  kept=4,550  skipped=153,090  elapsed=4.7s  eta≈5s
  [14:14:16]  55.0%  bars=173,404/315,296  kept=6,353  skipped=167,051  elapsed=5.4s  eta≈4s
  [14:14:17]  60.0%  bars=189,168/315,296  kept=7,886  skipped=181,282  elapsed=6.0s  eta≈4s
  [14:14:18]  65.0%  bars=204,932/315,296  kept=8,883  skipped=196,049  elapsed=6.6s  eta≈4s
  [14:14:18]  70.0%  bars=220,696/315,296  kept=10,501  skipped=210,195  elapsed=7.3s  eta≈3s
  [14:14:19]  75.0%  bars=236,460/315,296  kept=11,840  skipped=224,620  elapsed=7.9s  eta≈3s
  [14:14:20]  80.0%  bars=252,224/315,296  kept=18,539  skipped=233,685  elapsed=9.4s  eta≈2s
  [14:14:22]  85.0%  bars=267,988/315,296  kept=24,203  skipped=243,785  elapsed=10.8s  eta≈2s
  [14:14:23]  90.0%  bars=283,752/315,296  kept=29,192  skipped=254,560  elapsed=12.0s  eta≈1s
  [14:14:24]  95.0%  bars=299,516/315,296  kept=34,660  skipped=264,856  elapsed=13.3s  eta≈1s
  [14:14:26] 100.0%  bars=315,280/315,296  kept=41,132  skipped=274,148  elapsed=14.8s  eta≈0s
  [14:14:26] Dataset build done — kept=41,132  skipped=274,164  took=14.8s
[14:14:26] Dataset ready: kept=41,132  skipped=274,164  (+14.9s)
[14:14:26] Split: train=24,679  test=16,453
Class balance train (down/flat/up/risky): [804, 21765, 1516, 594]
Class balance test  (down/flat/up/risky): [458, 14938, 913, 144]
[14:14:26] Building causal state features (OOF train + base test)...
[14:16:47] State features added: +457 columns  (+2m21s)
[14:16:47] Training two-stage model...
[14:17:32] Training done  (+44.8s)

── Stage 1 : flat vs trend ─────────────────────────────────────
   Accuracy=0.8706   Balanced=0.5992
   Confusion matrix  (rows=true, cols=pred)  [flat | trend]
             pred_flat  pred_trend
   true_flat    13949        1133
   true_trend     996         375
              precision    recall  f1-score   support

        flat       0.93      0.92      0.93     15082
       trend       0.25      0.27      0.26      1371

    accuracy                           0.87     16453
   macro avg       0.59      0.60      0.59     16453
weighted avg       0.88      0.87      0.87     16453

── Stage 2 : down vs up (on trend-predicted samples) ───────────
   Accuracy=0.5867   Balanced=0.5691
   Confusion matrix  (rows=true, cols=pred)  [down | up]
            pred_down   pred_up
   true_down      69        97
   true_up        58       151
              precision    recall  f1-score   support

        down       0.54      0.42      0.47       166
          up       0.61      0.72      0.66       209

    accuracy                           0.59       375
   macro avg       0.58      0.57      0.57       375
weighted avg       0.58      0.59      0.58       375

── Full 4-class (down / flat / up / risky) ────────────────────
   Confusion matrix  (rows=true, cols=pred)  [down | flat | up | risky]
             pred_down  pred_flat  pred_up  pred_risky
   true_down       69        292       97          0
   true_flat      211      13865      862          0
   true_up         58        704      151          0
   true_risky      18         84       42          0
              precision    recall  f1-score   support

        down       0.19      0.15      0.17       458
        flat       0.93      0.93      0.93     14938
          up       0.13      0.17      0.15       913
       risky       0.00      0.00      0.00       144

    accuracy                           0.86     16453
   macro avg       0.31      0.31      0.31     16453
weighted avg       0.85      0.86      0.86     16453

── Directional PnL check ───────────────────────────────────────
   trades=214  total=$581.44  avg_trade=$2.72
   n_days=27  avg_day=$21.53  positive_days=51.9%%
[14:17:33] Saving model and report...

Saved model  : training/_tmp_sweep_sf/w150_h25_thr0.008_d15_lt0.006_st0.01_ls15_ss18_r15_p10.6_p20.6_sf.joblib
Saved report : training/_tmp_sweep_sf/w150_h25_thr0.008_d15_lt0.006_st0.01_ls15_ss18_r15_p10.6_p20.6_sf.json
[14:17:33] All done — total elapsed: 3m24s  (+0.2s)

[9/16] w150_h25_thr0.008_d15_lt0.008_st0.008_ls12_ss15_r15_p10.6_p20.6_sf
CMD: /Library/Frameworks/Python.framework/Versions/3.12/bin/python3 /Users/alpha/Desktop/python/AlphaGold/training/image_trend_ml.py --start-date 2025-05-20 --end-date 2026-04-10 --timeframe 1min --window 150 --window-15m 0 --min-window-range 40.0 --min-15m-drop 15.0 --min-15m-rise 15.0 --horizon 25 --trend-threshold 0.008 --adverse-limit 15.0 --long-target-threshold 0.008 --short-target-threshold 0.008 --long-adverse-limit 12.0 --short-adverse-limit 15.0 --stage1-min-prob 0.6 --stage2-min-prob 0.6 --test-size 0.4 --random-state 42 --classifier gradient_boosting --max-flat-ratio 4.0 --model-out training/_tmp_sweep_sf/w150_h25_thr0.008_d15_lt0.008_st0.008_ls12_ss15_r15_p10.6_p20.6_sf.joblib --report-out training/_tmp_sweep_sf/w150_h25_thr0.008_d15_lt0.008_st0.008_ls12_ss15_r15_p10.6_p20.6_sf.json --use-state-features --pred-history-len 150
[14:17:35] Starting image-trend pipeline
[14:17:35] Loading data from MySQL...
Data successfully loaded: 315470 rows.
[14:17:38] Bars after resample: 315,470  (+3.1s)
[14:17:38] Building image-like dataset  (window=150, horizon=25, threshold=0.008, min_range=40.0, min_15m_drop=15.0, min_15m_rise=15.0)...
  [14:17:38]   5.0%  bars= 15,764/315,296  kept=161  skipped=15,603  elapsed=0.4s  eta≈8s
  [14:17:39]  10.0%  bars= 31,528/315,296  kept=386  skipped=31,142  elapsed=0.9s  eta≈8s
  [14:17:39]  15.0%  bars= 47,292/315,296  kept=386  skipped=46,906  elapsed=1.3s  eta≈7s
  [14:17:40]  20.0%  bars= 63,056/315,296  kept=550  skipped=62,506  elapsed=1.7s  eta≈7s
  [14:17:40]  25.0%  bars= 78,820/315,296  kept=551  skipped=78,269  elapsed=2.2s  eta≈7s
  [14:17:41]  30.0%  bars= 94,584/315,296  kept=641  skipped=93,943  elapsed=2.6s  eta≈6s
  [14:17:41]  35.0%  bars=110,348/315,296  kept=812  skipped=109,536  elapsed=3.1s  eta≈6s
  [14:17:42]  40.0%  bars=126,112/315,296  kept=1,089  skipped=125,023  elapsed=3.5s  eta≈5s
  [14:17:42]  45.0%  bars=141,876/315,296  kept=1,549  skipped=140,327  elapsed=4.0s  eta≈5s
  [14:17:43]  50.0%  bars=157,640/315,296  kept=4,550  skipped=153,090  elapsed=5.0s  eta≈5s
  [14:17:44]  55.0%  bars=173,404/315,296  kept=6,353  skipped=167,051  elapsed=5.8s  eta≈5s
  [14:17:44]  60.0%  bars=189,168/315,296  kept=7,886  skipped=181,282  elapsed=6.5s  eta≈4s
  [14:17:45]  65.0%  bars=204,932/315,296  kept=8,883  skipped=196,049  elapsed=7.1s  eta≈4s
  [14:17:46]  70.0%  bars=220,696/315,296  kept=10,501  skipped=210,195  elapsed=7.8s  eta≈3s
  [14:17:46]  75.0%  bars=236,460/315,296  kept=11,840  skipped=224,620  elapsed=8.5s  eta≈3s
  [14:17:48]  80.0%  bars=252,224/315,296  kept=18,539  skipped=233,685  elapsed=10.1s  eta≈3s
  [14:17:50]  85.0%  bars=267,988/315,296  kept=24,203  skipped=243,785  elapsed=11.6s  eta≈2s
  [14:17:51]  90.0%  bars=283,752/315,296  kept=29,192  skipped=254,560  elapsed=12.8s  eta≈1s
  [14:17:52]  95.0%  bars=299,516/315,296  kept=34,660  skipped=264,856  elapsed=14.2s  eta≈1s
  [14:17:54] 100.0%  bars=315,280/315,296  kept=41,132  skipped=274,148  elapsed=15.8s  eta≈0s
  [14:17:54] Dataset build done — kept=41,132  skipped=274,164  took=15.8s
[14:17:54] Dataset ready: kept=41,132  skipped=274,164  (+15.9s)
[14:17:54] Split: train=24,679  test=16,453
Class balance train (down/flat/up/risky): [1180, 22048, 766, 685]
Class balance test  (down/flat/up/risky): [651, 15236, 426, 140]
[14:17:54] Building causal state features (OOF train + base test)...
[14:21:20] State features added: +457 columns  (+3m26s)
[14:21:20] Training two-stage model...
[14:22:17] Training done  (+56.2s)

── Stage 1 : flat vs trend ─────────────────────────────────────
   Accuracy=0.9112   Balanced=0.5993
   Confusion matrix  (rows=true, cols=pred)  [flat | trend]
             pred_flat  pred_trend
   true_flat    14733         643
   true_trend     818         259
              precision    recall  f1-score   support

        flat       0.95      0.96      0.95     15376
       trend       0.29      0.24      0.26      1077

    accuracy                           0.91     16453
   macro avg       0.62      0.60      0.61     16453
weighted avg       0.90      0.91      0.91     16453

── Stage 2 : down vs up (on trend-predicted samples) ───────────
   Accuracy=0.6255   Balanced=0.5141
   Confusion matrix  (rows=true, cols=pred)  [down | up]
            pred_down   pred_up
   true_down     143        45
   true_up        52        19
              precision    recall  f1-score   support

        down       0.73      0.76      0.75       188
          up       0.30      0.27      0.28        71

    accuracy                           0.63       259
   macro avg       0.52      0.51      0.51       259
weighted avg       0.61      0.63      0.62       259

── Full 4-class (down / flat / up / risky) ────────────────────
   Confusion matrix  (rows=true, cols=pred)  [down | flat | up | risky]
             pred_down  pred_flat  pred_up  pred_risky
   true_down      143        463       45          0
   true_flat      473      14650      113          0
   true_up         52        355       19          0
   true_risky      50         83        7          0
              precision    recall  f1-score   support

        down       0.20      0.22      0.21       651
        flat       0.94      0.96      0.95     15236
          up       0.10      0.04      0.06       426
       risky       0.00      0.00      0.00       140

    accuracy                           0.90     16453
   macro avg       0.31      0.31      0.31     16453
weighted avg       0.88      0.90      0.89     16453

── Directional PnL check ───────────────────────────────────────
   trades=143  total=$641.21  avg_trade=$4.48
   n_days=25  avg_day=$25.65  positive_days=56.0%%
[14:22:18] Saving model and report...

Saved model  : training/_tmp_sweep_sf/w150_h25_thr0.008_d15_lt0.008_st0.008_ls12_ss15_r15_p10.6_p20.6_sf.joblib
Saved report : training/_tmp_sweep_sf/w150_h25_thr0.008_d15_lt0.008_st0.008_ls12_ss15_r15_p10.6_p20.6_sf.json
[14:22:18] All done — total elapsed: 4m42s  (+0.2s)

[10/16] w150_h25_thr0.008_d15_lt0.008_st0.008_ls12_ss18_r15_p10.6_p20.6_sf
CMD: /Library/Frameworks/Python.framework/Versions/3.12/bin/python3 /Users/alpha/Desktop/python/AlphaGold/training/image_trend_ml.py --start-date 2025-05-20 --end-date 2026-04-10 --timeframe 1min --window 150 --window-15m 0 --min-window-range 40.0 --min-15m-drop 15.0 --min-15m-rise 15.0 --horizon 25 --trend-threshold 0.008 --adverse-limit 15.0 --long-target-threshold 0.008 --short-target-threshold 0.008 --long-adverse-limit 12.0 --short-adverse-limit 18.0 --stage1-min-prob 0.6 --stage2-min-prob 0.6 --test-size 0.4 --random-state 42 --classifier gradient_boosting --max-flat-ratio 4.0 --model-out training/_tmp_sweep_sf/w150_h25_thr0.008_d15_lt0.008_st0.008_ls12_ss18_r15_p10.6_p20.6_sf.joblib --report-out training/_tmp_sweep_sf/w150_h25_thr0.008_d15_lt0.008_st0.008_ls12_ss18_r15_p10.6_p20.6_sf.json --use-state-features --pred-history-len 150
[14:22:20] Starting image-trend pipeline
[14:22:20] Loading data from MySQL...
Data successfully loaded: 315470 rows.
[14:22:23] Bars after resample: 315,470  (+3.0s)
[14:22:23] Building image-like dataset  (window=150, horizon=25, threshold=0.008, min_range=40.0, min_15m_drop=15.0, min_15m_rise=15.0)...
  [14:22:23]   5.0%  bars= 15,764/315,296  kept=161  skipped=15,603  elapsed=0.4s  eta≈8s
  [14:22:24]  10.0%  bars= 31,528/315,296  kept=386  skipped=31,142  elapsed=0.9s  eta≈8s
  [14:22:24]  15.0%  bars= 47,292/315,296  kept=386  skipped=46,906  elapsed=1.3s  eta≈7s
  [14:22:25]  20.0%  bars= 63,056/315,296  kept=550  skipped=62,506  elapsed=1.7s  eta≈7s
  [14:22:25]  25.0%  bars= 78,820/315,296  kept=551  skipped=78,269  elapsed=2.1s  eta≈6s
  [14:22:25]  30.0%  bars= 94,584/315,296  kept=641  skipped=93,943  elapsed=2.5s  eta≈6s
  [14:22:26]  35.0%  bars=110,348/315,296  kept=812  skipped=109,536  elapsed=3.0s  eta≈5s
  [14:22:26]  40.0%  bars=126,112/315,296  kept=1,089  skipped=125,023  elapsed=3.4s  eta≈5s
  [14:22:27]  45.0%  bars=141,876/315,296  kept=1,549  skipped=140,327  elapsed=3.9s  eta≈5s
  [14:22:28]  50.0%  bars=157,640/315,296  kept=4,550  skipped=153,090  elapsed=4.8s  eta≈5s
  [14:22:28]  55.0%  bars=173,404/315,296  kept=6,353  skipped=167,051  elapsed=5.6s  eta≈5s
  [14:22:29]  60.0%  bars=189,168/315,296  kept=7,886  skipped=181,282  elapsed=6.2s  eta≈4s
  [14:22:30]  65.0%  bars=204,932/315,296  kept=8,883  skipped=196,049  elapsed=6.8s  eta≈4s
  [14:22:30]  70.0%  bars=220,696/315,296  kept=10,501  skipped=210,195  elapsed=7.5s  eta≈3s
  [14:22:31]  75.0%  bars=236,460/315,296  kept=11,840  skipped=224,620  elapsed=8.1s  eta≈3s
  [14:22:33]  80.0%  bars=252,224/315,296  kept=18,539  skipped=233,685  elapsed=9.7s  eta≈2s
  [14:22:34]  85.0%  bars=267,988/315,296  kept=24,203  skipped=243,785  elapsed=11.2s  eta≈2s
  [14:22:35]  90.0%  bars=283,752/315,296  kept=29,192  skipped=254,560  elapsed=12.4s  eta≈1s
  [14:22:37]  95.0%  bars=299,516/315,296  kept=34,660  skipped=264,856  elapsed=13.8s  eta≈1s
  [14:22:38] 100.0%  bars=315,280/315,296  kept=41,132  skipped=274,148  elapsed=15.4s  eta≈0s
  [14:22:38] Dataset build done — kept=41,132  skipped=274,164  took=15.4s
[14:22:38] Dataset ready: kept=41,132  skipped=274,164  (+15.5s)
[14:22:38] Split: train=24,679  test=16,453
Class balance train (down/flat/up/risky): [1274, 22048, 766, 591]
Class balance test  (down/flat/up/risky): [673, 15236, 426, 118]
[14:22:38] Building causal state features (OOF train + base test)...
[14:25:04] State features added: +457 columns  (+2m25s)
[14:25:04] Training two-stage model...
[14:25:42] Training done  (+38.2s)

── Stage 1 : flat vs trend ─────────────────────────────────────
   Accuracy=0.8991   Balanced=0.6017
   Confusion matrix  (rows=true, cols=pred)  [flat | trend]
             pred_flat  pred_trend
   true_flat    14509         845
   true_trend     815         284
              precision    recall  f1-score   support

        flat       0.95      0.94      0.95     15354
       trend       0.25      0.26      0.25      1099

    accuracy                           0.90     16453
   macro avg       0.60      0.60      0.60     16453
weighted avg       0.90      0.90      0.90     16453

── Stage 2 : down vs up (on trend-predicted samples) ───────────
   Accuracy=0.6373   Balanced=0.4965
   Confusion matrix  (rows=true, cols=pred)  [down | up]
            pred_down   pred_up
   true_down     169        29
   true_up        74        12
              precision    recall  f1-score   support

        down       0.70      0.85      0.77       198
          up       0.29      0.14      0.19        86

    accuracy                           0.64       284
   macro avg       0.49      0.50      0.48       284
weighted avg       0.57      0.64      0.59       284

── Full 4-class (down / flat / up / risky) ────────────────────
   Confusion matrix  (rows=true, cols=pred)  [down | flat | up | risky]
             pred_down  pred_flat  pred_up  pred_risky
   true_down      169        475       29          0
   true_flat      638      14446      152          0
   true_up         74        340       12          0
   true_risky      52         63        3          0
              precision    recall  f1-score   support

        down       0.18      0.25      0.21       673
        flat       0.94      0.95      0.95     15236
          up       0.06      0.03      0.04       426
       risky       0.00      0.00      0.00       118

    accuracy                           0.89     16453
   macro avg       0.30      0.31      0.30     16453
weighted avg       0.88      0.89      0.89     16453

── Directional PnL check ───────────────────────────────────────
   trades=155  total=$551.14  avg_trade=$3.56
   n_days=25  avg_day=$22.05  positive_days=56.0%%
[14:25:43] Saving model and report...

Saved model  : training/_tmp_sweep_sf/w150_h25_thr0.008_d15_lt0.008_st0.008_ls12_ss18_r15_p10.6_p20.6_sf.joblib
Saved report : training/_tmp_sweep_sf/w150_h25_thr0.008_d15_lt0.008_st0.008_ls12_ss18_r15_p10.6_p20.6_sf.json
[14:25:43] All done — total elapsed: 3m23s  (+0.2s)

[11/16] w150_h25_thr0.008_d15_lt0.008_st0.008_ls15_ss15_r15_p10.6_p20.6_sf
CMD: /Library/Frameworks/Python.framework/Versions/3.12/bin/python3 /Users/alpha/Desktop/python/AlphaGold/training/image_trend_ml.py --start-date 2025-05-20 --end-date 2026-04-10 --timeframe 1min --window 150 --window-15m 0 --min-window-range 40.0 --min-15m-drop 15.0 --min-15m-rise 15.0 --horizon 25 --trend-threshold 0.008 --adverse-limit 15.0 --long-target-threshold 0.008 --short-target-threshold 0.008 --long-adverse-limit 15.0 --short-adverse-limit 15.0 --stage1-min-prob 0.6 --stage2-min-prob 0.6 --test-size 0.4 --random-state 42 --classifier gradient_boosting --max-flat-ratio 4.0 --model-out training/_tmp_sweep_sf/w150_h25_thr0.008_d15_lt0.008_st0.008_ls15_ss15_r15_p10.6_p20.6_sf.joblib --report-out training/_tmp_sweep_sf/w150_h25_thr0.008_d15_lt0.008_st0.008_ls15_ss15_r15_p10.6_p20.6_sf.json --use-state-features --pred-history-len 150
[14:25:45] Starting image-trend pipeline
[14:25:45] Loading data from MySQL...
Data successfully loaded: 315470 rows.
[14:25:48] Bars after resample: 315,470  (+2.8s)
[14:25:48] Building image-like dataset  (window=150, horizon=25, threshold=0.008, min_range=40.0, min_15m_drop=15.0, min_15m_rise=15.0)...
  [14:25:48]   5.0%  bars= 15,764/315,296  kept=161  skipped=15,603  elapsed=0.4s  eta≈8s
  [14:25:49]  10.0%  bars= 31,528/315,296  kept=386  skipped=31,142  elapsed=0.8s  eta≈7s
  [14:25:49]  15.0%  bars= 47,292/315,296  kept=386  skipped=46,906  elapsed=1.2s  eta≈7s
  [14:25:49]  20.0%  bars= 63,056/315,296  kept=550  skipped=62,506  elapsed=1.6s  eta≈7s
  [14:25:50]  25.0%  bars= 78,820/315,296  kept=551  skipped=78,269  elapsed=2.0s  eta≈6s
  [14:25:50]  30.0%  bars= 94,584/315,296  kept=641  skipped=93,943  elapsed=2.4s  eta≈6s
  [14:25:51]  35.0%  bars=110,348/315,296  kept=812  skipped=109,536  elapsed=2.8s  eta≈5s
  [14:25:51]  40.0%  bars=126,112/315,296  kept=1,089  skipped=125,023  elapsed=3.3s  eta≈5s
  [14:25:52]  45.0%  bars=141,876/315,296  kept=1,549  skipped=140,327  elapsed=3.8s  eta≈5s
  [14:25:52]  50.0%  bars=157,640/315,296  kept=4,550  skipped=153,090  elapsed=4.7s  eta≈5s
  [14:25:53]  55.0%  bars=173,404/315,296  kept=6,353  skipped=167,051  elapsed=5.4s  eta≈4s
  [14:25:54]  60.0%  bars=189,168/315,296  kept=7,886  skipped=181,282  elapsed=6.0s  eta≈4s
  [14:25:54]  65.0%  bars=204,932/315,296  kept=8,883  skipped=196,049  elapsed=6.6s  eta≈4s
  [14:25:55]  70.0%  bars=220,696/315,296  kept=10,501  skipped=210,195  elapsed=7.3s  eta≈3s
  [14:25:56]  75.0%  bars=236,460/315,296  kept=11,840  skipped=224,620  elapsed=7.9s  eta≈3s
  [14:25:57]  80.0%  bars=252,224/315,296  kept=18,539  skipped=233,685  elapsed=9.5s  eta≈2s
  [14:25:59]  85.0%  bars=267,988/315,296  kept=24,203  skipped=243,785  elapsed=10.9s  eta≈2s
  [14:26:00]  90.0%  bars=283,752/315,296  kept=29,192  skipped=254,560  elapsed=12.2s  eta≈1s
  [14:26:01]  95.0%  bars=299,516/315,296  kept=34,660  skipped=264,856  elapsed=13.5s  eta≈1s
  [14:26:03] 100.0%  bars=315,280/315,296  kept=41,132  skipped=274,148  elapsed=15.1s  eta≈0s
  [14:26:03] Dataset build done — kept=41,132  skipped=274,164  took=15.1s
[14:26:03] Dataset ready: kept=41,132  skipped=274,164  (+15.2s)
[14:26:03] Split: train=24,679  test=16,453
Class balance train (down/flat/up/risky): [1180, 22048, 851, 600]
Class balance test  (down/flat/up/risky): [651, 15236, 445, 121]
[14:26:03] Building causal state features (OOF train + base test)...
[14:28:45] State features added: +457 columns  (+2m41s)
[14:28:45] Training two-stage model...
[14:29:34] Training done  (+49.5s)

── Stage 1 : flat vs trend ─────────────────────────────────────
   Accuracy=0.8873   Balanced=0.6020
   Confusion matrix  (rows=true, cols=pred)  [flat | trend]
             pred_flat  pred_trend
   true_flat    14300        1057
   true_trend     797         299
              precision    recall  f1-score   support

        flat       0.95      0.93      0.94     15357
       trend       0.22      0.27      0.24      1096

    accuracy                           0.89     16453
   macro avg       0.58      0.60      0.59     16453
weighted avg       0.90      0.89      0.89     16453

── Stage 2 : down vs up (on trend-predicted samples) ───────────
   Accuracy=0.6488   Balanced=0.5479
   Confusion matrix  (rows=true, cols=pred)  [down | up]
            pred_down   pred_up
   true_down     171        25
   true_up        80        23
              precision    recall  f1-score   support

        down       0.68      0.87      0.77       196
          up       0.48      0.22      0.30       103

    accuracy                           0.65       299
   macro avg       0.58      0.55      0.53       299
weighted avg       0.61      0.65      0.61       299

── Full 4-class (down / flat / up / risky) ────────────────────
   Confusion matrix  (rows=true, cols=pred)  [down | flat | up | risky]
             pred_down  pred_flat  pred_up  pred_risky
   true_down      171        455       25          0
   true_flat      728      14237      271          0
   true_up         80        342       23          0
   true_risky      46         63       12          0
              precision    recall  f1-score   support

        down       0.17      0.26      0.20       651
        flat       0.94      0.93      0.94     15236
          up       0.07      0.05      0.06       445
       risky       0.00      0.00      0.00       121

    accuracy                           0.88     16453
   macro avg       0.29      0.31      0.30     16453
weighted avg       0.88      0.88      0.88     16453

── Directional PnL check ───────────────────────────────────────
   trades=189  total=$1065.47  avg_trade=$5.64
   n_days=26  avg_day=$40.98  positive_days=73.1%%
[14:29:35] Saving model and report...

Saved model  : training/_tmp_sweep_sf/w150_h25_thr0.008_d15_lt0.008_st0.008_ls15_ss15_r15_p10.6_p20.6_sf.joblib
Saved report : training/_tmp_sweep_sf/w150_h25_thr0.008_d15_lt0.008_st0.008_ls15_ss15_r15_p10.6_p20.6_sf.json
[14:29:35] All done — total elapsed: 3m50s  (+0.2s)

[12/16] w150_h25_thr0.008_d15_lt0.008_st0.008_ls15_ss18_r15_p10.6_p20.6_sf
CMD: /Library/Frameworks/Python.framework/Versions/3.12/bin/python3 /Users/alpha/Desktop/python/AlphaGold/training/image_trend_ml.py --start-date 2025-05-20 --end-date 2026-04-10 --timeframe 1min --window 150 --window-15m 0 --min-window-range 40.0 --min-15m-drop 15.0 --min-15m-rise 15.0 --horizon 25 --trend-threshold 0.008 --adverse-limit 15.0 --long-target-threshold 0.008 --short-target-threshold 0.008 --long-adverse-limit 15.0 --short-adverse-limit 18.0 --stage1-min-prob 0.6 --stage2-min-prob 0.6 --test-size 0.4 --random-state 42 --classifier gradient_boosting --max-flat-ratio 4.0 --model-out training/_tmp_sweep_sf/w150_h25_thr0.008_d15_lt0.008_st0.008_ls15_ss18_r15_p10.6_p20.6_sf.joblib --report-out training/_tmp_sweep_sf/w150_h25_thr0.008_d15_lt0.008_st0.008_ls15_ss18_r15_p10.6_p20.6_sf.json --use-state-features --pred-history-len 150
[14:29:37] Starting image-trend pipeline
[14:29:37] Loading data from MySQL...
Data successfully loaded: 315470 rows.
[14:29:40] Bars after resample: 315,470  (+3.1s)
[14:29:40] Building image-like dataset  (window=150, horizon=25, threshold=0.008, min_range=40.0, min_15m_drop=15.0, min_15m_rise=15.0)...
  [14:29:41]   5.0%  bars= 15,764/315,296  kept=161  skipped=15,603  elapsed=0.4s  eta≈9s
  [14:29:41]  10.0%  bars= 31,528/315,296  kept=386  skipped=31,142  elapsed=0.9s  eta≈8s
  [14:29:42]  15.0%  bars= 47,292/315,296  kept=386  skipped=46,906  elapsed=1.3s  eta≈7s
  [14:29:42]  20.0%  bars= 63,056/315,296  kept=550  skipped=62,506  elapsed=1.8s  eta≈7s
  [14:29:42]  25.0%  bars= 78,820/315,296  kept=551  skipped=78,269  elapsed=2.2s  eta≈6s
  [14:29:43]  30.0%  bars= 94,584/315,296  kept=641  skipped=93,943  elapsed=2.6s  eta≈6s
  [14:29:43]  35.0%  bars=110,348/315,296  kept=812  skipped=109,536  elapsed=3.0s  eta≈6s
  [14:29:44]  40.0%  bars=126,112/315,296  kept=1,089  skipped=125,023  elapsed=3.5s  eta≈5s
  [14:29:44]  45.0%  bars=141,876/315,296  kept=1,549  skipped=140,327  elapsed=4.0s  eta≈5s
  [14:29:45]  50.0%  bars=157,640/315,296  kept=4,550  skipped=153,090  elapsed=5.0s  eta≈5s
  [14:29:46]  55.0%  bars=173,404/315,296  kept=6,353  skipped=167,051  elapsed=5.8s  eta≈5s
  [14:29:47]  60.0%  bars=189,168/315,296  kept=7,886  skipped=181,282  elapsed=6.4s  eta≈4s
  [14:29:47]  65.0%  bars=204,932/315,296  kept=8,883  skipped=196,049  elapsed=7.1s  eta≈4s
  [14:29:48]  70.0%  bars=220,696/315,296  kept=10,501  skipped=210,195  elapsed=7.8s  eta≈3s
  [14:29:49]  75.0%  bars=236,460/315,296  kept=11,840  skipped=224,620  elapsed=8.4s  eta≈3s
  [14:29:50]  80.0%  bars=252,224/315,296  kept=18,539  skipped=233,685  elapsed=10.2s  eta≈3s
  [14:29:52]  85.0%  bars=267,988/315,296  kept=24,203  skipped=243,785  elapsed=11.7s  eta≈2s
  [14:29:53]  90.0%  bars=283,752/315,296  kept=29,192  skipped=254,560  elapsed=13.0s  eta≈1s
  [14:29:55]  95.0%  bars=299,516/315,296  kept=34,660  skipped=264,856  elapsed=14.4s  eta≈1s
  [14:29:56] 100.0%  bars=315,280/315,296  kept=41,132  skipped=274,148  elapsed=16.0s  eta≈0s
  [14:29:56] Dataset build done — kept=41,132  skipped=274,164  took=16.0s
[14:29:56] Dataset ready: kept=41,132  skipped=274,164  (+16.1s)
[14:29:56] Split: train=24,679  test=16,453
Class balance train (down/flat/up/risky): [1274, 22048, 851, 506]
Class balance test  (down/flat/up/risky): [673, 15236, 445, 99]
[14:29:56] Building causal state features (OOF train + base test)...
[14:32:32] State features added: +457 columns  (+2m35s)
[14:32:32] Training two-stage model...
[14:33:27] Training done  (+55.4s)

── Stage 1 : flat vs trend ─────────────────────────────────────
   Accuracy=0.8932   Balanced=0.6160
   Confusion matrix  (rows=true, cols=pred)  [flat | trend]
             pred_flat  pred_trend
   true_flat    14366         969
   true_trend     788         330
              precision    recall  f1-score   support

        flat       0.95      0.94      0.94     15335
       trend       0.25      0.30      0.27      1118

    accuracy                           0.89     16453
   macro avg       0.60      0.62      0.61     16453
weighted avg       0.90      0.89      0.90     16453

── Stage 2 : down vs up (on trend-predicted samples) ───────────
   Accuracy=0.6697   Balanced=0.5512
   Confusion matrix  (rows=true, cols=pred)  [down | up]
            pred_down   pred_up
   true_down     197        29
   true_up        80        24
              precision    recall  f1-score   support

        down       0.71      0.87      0.78       226
          up       0.45      0.23      0.31       104

    accuracy                           0.67       330
   macro avg       0.58      0.55      0.54       330
weighted avg       0.63      0.67      0.63       330

── Full 4-class (down / flat / up / risky) ────────────────────
   Confusion matrix  (rows=true, cols=pred)  [down | flat | up | risky]
             pred_down  pred_flat  pred_up  pred_risky
   true_down      197        447       29          0
   true_flat      657      14318      261          0
   true_up         80        341       24          0
   true_risky      42         48        9          0
              precision    recall  f1-score   support

        down       0.20      0.29      0.24       673
        flat       0.94      0.94      0.94     15236
          up       0.07      0.05      0.06       445
       risky       0.00      0.00      0.00        99

    accuracy                           0.88     16453
   macro avg       0.31      0.32      0.31     16453
weighted avg       0.89      0.88      0.88     16453

── Directional PnL check ───────────────────────────────────────
   trades=168  total=$502.95  avg_trade=$2.99
   n_days=28  avg_day=$17.96  positive_days=46.4%%
[14:33:28] Saving model and report...

Saved model  : training/_tmp_sweep_sf/w150_h25_thr0.008_d15_lt0.008_st0.008_ls15_ss18_r15_p10.6_p20.6_sf.joblib
Saved report : training/_tmp_sweep_sf/w150_h25_thr0.008_d15_lt0.008_st0.008_ls15_ss18_r15_p10.6_p20.6_sf.json
[14:33:28] All done — total elapsed: 3m51s  (+0.2s)

[13/16] w150_h25_thr0.008_d15_lt0.008_st0.01_ls12_ss15_r15_p10.6_p20.6_sf
CMD: /Library/Frameworks/Python.framework/Versions/3.12/bin/python3 /Users/alpha/Desktop/python/AlphaGold/training/image_trend_ml.py --start-date 2025-05-20 --end-date 2026-04-10 --timeframe 1min --window 150 --window-15m 0 --min-window-range 40.0 --min-15m-drop 15.0 --min-15m-rise 15.0 --horizon 25 --trend-threshold 0.008 --adverse-limit 15.0 --long-target-threshold 0.008 --short-target-threshold 0.01 --long-adverse-limit 12.0 --short-adverse-limit 15.0 --stage1-min-prob 0.6 --stage2-min-prob 0.6 --test-size 0.4 --random-state 42 --classifier gradient_boosting --max-flat-ratio 4.0 --model-out training/_tmp_sweep_sf/w150_h25_thr0.008_d15_lt0.008_st0.01_ls12_ss15_r15_p10.6_p20.6_sf.joblib --report-out training/_tmp_sweep_sf/w150_h25_thr0.008_d15_lt0.008_st0.01_ls12_ss15_r15_p10.6_p20.6_sf.json --use-state-features --pred-history-len 150
[14:33:31] Starting image-trend pipeline
[14:33:31] Loading data from MySQL...
Data successfully loaded: 315470 rows.
[14:33:34] Bars after resample: 315,470  (+3.7s)
[14:33:34] Building image-like dataset  (window=150, horizon=25, threshold=0.008, min_range=40.0, min_15m_drop=15.0, min_15m_rise=15.0)...
  [14:33:35]   5.0%  bars= 15,764/315,296  kept=161  skipped=15,603  elapsed=0.6s  eta≈11s
  [14:33:36]  10.0%  bars= 31,528/315,296  kept=386  skipped=31,142  elapsed=1.2s  eta≈10s
  [14:33:36]  15.0%  bars= 47,292/315,296  kept=386  skipped=46,906  elapsed=1.8s  eta≈10s
  [14:33:37]  20.0%  bars= 63,056/315,296  kept=550  skipped=62,506  elapsed=2.4s  eta≈10s
  [14:33:37]  25.0%  bars= 78,820/315,296  kept=551  skipped=78,269  elapsed=2.9s  eta≈9s
  [14:33:38]  30.0%  bars= 94,584/315,296  kept=641  skipped=93,943  elapsed=3.5s  eta≈8s
  [14:33:38]  35.0%  bars=110,348/315,296  kept=812  skipped=109,536  elapsed=4.1s  eta≈8s
  [14:33:39]  40.0%  bars=126,112/315,296  kept=1,089  skipped=125,023  elapsed=4.7s  eta≈7s
  [14:33:40]  45.0%  bars=141,876/315,296  kept=1,549  skipped=140,327  elapsed=5.4s  eta≈7s
  [14:33:41]  50.0%  bars=157,640/315,296  kept=4,550  skipped=153,090  elapsed=6.6s  eta≈7s
  [14:33:42]  55.0%  bars=173,404/315,296  kept=6,353  skipped=167,051  elapsed=7.6s  eta≈6s
  [14:33:43]  60.0%  bars=189,168/315,296  kept=7,886  skipped=181,282  elapsed=8.5s  eta≈6s
  [14:33:44]  65.0%  bars=204,932/315,296  kept=8,883  skipped=196,049  elapsed=9.3s  eta≈5s
  [14:33:45]  70.0%  bars=220,696/315,296  kept=10,501  skipped=210,195  elapsed=10.2s  eta≈4s
  [14:33:45]  75.0%  bars=236,460/315,296  kept=11,840  skipped=224,620  elapsed=11.0s  eta≈4s
  [14:33:48]  80.0%  bars=252,224/315,296  kept=18,539  skipped=233,685  elapsed=13.2s  eta≈3s
  [14:33:50]  85.0%  bars=267,988/315,296  kept=24,203  skipped=243,785  elapsed=15.2s  eta≈3s
  [14:33:51]  90.0%  bars=283,752/315,296  kept=29,192  skipped=254,560  elapsed=16.8s  eta≈2s
  [14:33:53]  95.0%  bars=299,516/315,296  kept=34,660  skipped=264,856  elapsed=18.3s  eta≈1s
  [14:33:54] 100.0%  bars=315,280/315,296  kept=41,132  skipped=274,148  elapsed=20.1s  eta≈0s
  [14:33:54] Dataset build done — kept=41,132  skipped=274,164  took=20.1s
[14:33:55] Dataset ready: kept=41,132  skipped=274,164  (+20.2s)
[14:33:55] Split: train=24,679  test=16,453
Class balance train (down/flat/up/risky): [725, 22590, 766, 598]
Class balance test  (down/flat/up/risky): [450, 15458, 426, 119]
[14:33:55] Building causal state features (OOF train + base test)...
[14:36:40] State features added: +457 columns  (+2m44s)
[14:36:40] Training two-stage model...
[14:37:33] Training done  (+53.3s)

── Stage 1 : flat vs trend ─────────────────────────────────────
   Accuracy=0.9260   Balanced=0.5698
   Confusion matrix  (rows=true, cols=pred)  [flat | trend]
             pred_flat  pred_trend
   true_flat    15085         492
   true_trend     726         150
              precision    recall  f1-score   support

        flat       0.95      0.97      0.96     15577
       trend       0.23      0.17      0.20       876

    accuracy                           0.93     16453
   macro avg       0.59      0.57      0.58     16453
weighted avg       0.92      0.93      0.92     16453

── Stage 2 : down vs up (on trend-predicted samples) ───────────
   Accuracy=0.6667   Balanced=0.6020
   Confusion matrix  (rows=true, cols=pred)  [down | up]
            pred_down   pred_up
   true_down      80        24
   true_up        26        20
              precision    recall  f1-score   support

        down       0.75      0.77      0.76       104
          up       0.45      0.43      0.44        46

    accuracy                           0.67       150
   macro avg       0.60      0.60      0.60       150
weighted avg       0.66      0.67      0.66       150

── Full 4-class (down / flat / up / risky) ────────────────────
   Confusion matrix  (rows=true, cols=pred)  [down | flat | up | risky]
             pred_down  pred_flat  pred_up  pred_risky
   true_down       80        346       24          0
   true_flat      237      15008      213          0
   true_up         26        380       20          0
   true_risky      26         77       16          0
              precision    recall  f1-score   support

        down       0.22      0.18      0.20       450
        flat       0.95      0.97      0.96     15458
          up       0.07      0.05      0.06       426
       risky       0.00      0.00      0.00       119

    accuracy                           0.92     16453
   macro avg       0.31      0.30      0.30     16453
weighted avg       0.90      0.92      0.91     16453

── Directional PnL check ───────────────────────────────────────
   trades=127  total=$444.21  avg_trade=$3.50
   n_days=21  avg_day=$21.15  positive_days=52.4%%
[14:37:34] Saving model and report...

Saved model  : training/_tmp_sweep_sf/w150_h25_thr0.008_d15_lt0.008_st0.01_ls12_ss15_r15_p10.6_p20.6_sf.joblib
Saved report : training/_tmp_sweep_sf/w150_h25_thr0.008_d15_lt0.008_st0.01_ls12_ss15_r15_p10.6_p20.6_sf.json
[14:37:34] All done — total elapsed: 4m03s  (+0.2s)

[14/16] w150_h25_thr0.008_d15_lt0.008_st0.01_ls12_ss18_r15_p10.6_p20.6_sf
CMD: /Library/Frameworks/Python.framework/Versions/3.12/bin/python3 /Users/alpha/Desktop/python/AlphaGold/training/image_trend_ml.py --start-date 2025-05-20 --end-date 2026-04-10 --timeframe 1min --window 150 --window-15m 0 --min-window-range 40.0 --min-15m-drop 15.0 --min-15m-rise 15.0 --horizon 25 --trend-threshold 0.008 --adverse-limit 15.0 --long-target-threshold 0.008 --short-target-threshold 0.01 --long-adverse-limit 12.0 --short-adverse-limit 18.0 --stage1-min-prob 0.6 --stage2-min-prob 0.6 --test-size 0.4 --random-state 42 --classifier gradient_boosting --max-flat-ratio 4.0 --model-out training/_tmp_sweep_sf/w150_h25_thr0.008_d15_lt0.008_st0.01_ls12_ss18_r15_p10.6_p20.6_sf.joblib --report-out training/_tmp_sweep_sf/w150_h25_thr0.008_d15_lt0.008_st0.01_ls12_ss18_r15_p10.6_p20.6_sf.json --use-state-features --pred-history-len 150
[14:37:35] Starting image-trend pipeline
[14:37:35] Loading data from MySQL...
Data successfully loaded: 315470 rows.
[14:37:38] Bars after resample: 315,470  (+2.9s)
[14:37:38] Building image-like dataset  (window=150, horizon=25, threshold=0.008, min_range=40.0, min_15m_drop=15.0, min_15m_rise=15.0)...
  [14:37:39]   5.0%  bars= 15,764/315,296  kept=161  skipped=15,603  elapsed=0.4s  eta≈8s
  [14:37:39]  10.0%  bars= 31,528/315,296  kept=386  skipped=31,142  elapsed=0.8s  eta≈8s
  [14:37:40]  15.0%  bars= 47,292/315,296  kept=386  skipped=46,906  elapsed=1.2s  eta≈7s
  [14:37:40]  20.0%  bars= 63,056/315,296  kept=550  skipped=62,506  elapsed=1.6s  eta≈7s
  [14:37:40]  25.0%  bars= 78,820/315,296  kept=551  skipped=78,269  elapsed=2.0s  eta≈6s
  [14:37:41]  30.0%  bars= 94,584/315,296  kept=641  skipped=93,943  elapsed=2.5s  eta≈6s
  [14:37:41]  35.0%  bars=110,348/315,296  kept=812  skipped=109,536  elapsed=2.9s  eta≈5s
  [14:37:42]  40.0%  bars=126,112/315,296  kept=1,089  skipped=125,023  elapsed=3.3s  eta≈5s
  [14:37:42]  45.0%  bars=141,876/315,296  kept=1,549  skipped=140,327  elapsed=3.8s  eta≈5s
  [14:37:43]  50.0%  bars=157,640/315,296  kept=4,550  skipped=153,090  elapsed=4.7s  eta≈5s
  [14:37:44]  55.0%  bars=173,404/315,296  kept=6,353  skipped=167,051  elapsed=5.5s  eta≈4s
  [14:37:44]  60.0%  bars=189,168/315,296  kept=7,886  skipped=181,282  elapsed=6.2s  eta≈4s
  [14:37:45]  65.0%  bars=204,932/315,296  kept=8,883  skipped=196,049  elapsed=6.7s  eta≈4s
  [14:37:46]  70.0%  bars=220,696/315,296  kept=10,501  skipped=210,195  elapsed=7.4s  eta≈3s
  [14:37:46]  75.0%  bars=236,460/315,296  kept=11,840  skipped=224,620  elapsed=8.1s  eta≈3s
  [14:37:48]  80.0%  bars=252,224/315,296  kept=18,539  skipped=233,685  elapsed=9.7s  eta≈2s
  [14:37:49]  85.0%  bars=267,988/315,296  kept=24,203  skipped=243,785  elapsed=11.1s  eta≈2s
  [14:37:51]  90.0%  bars=283,752/315,296  kept=29,192  skipped=254,560  elapsed=12.3s  eta≈1s
  [14:37:52]  95.0%  bars=299,516/315,296  kept=34,660  skipped=264,856  elapsed=13.7s  eta≈1s
  [14:37:54] 100.0%  bars=315,280/315,296  kept=41,132  skipped=274,148  elapsed=15.3s  eta≈0s
  [14:37:54] Dataset build done — kept=41,132  skipped=274,164  took=15.3s
[14:37:54] Dataset ready: kept=41,132  skipped=274,164  (+15.3s)
[14:37:54] Split: train=24,679  test=16,453
Class balance train (down/flat/up/risky): [804, 22590, 766, 519]
Class balance test  (down/flat/up/risky): [458, 15458, 426, 111]
[14:37:54] Building causal state features (OOF train + base test)...
[14:40:32] State features added: +457 columns  (+2m38s)
[14:40:32] Training two-stage model...
[14:41:27] Training done  (+55.2s)

── Stage 1 : flat vs trend ─────────────────────────────────────
   Accuracy=0.9232   Balanced=0.5721
   Confusion matrix  (rows=true, cols=pred)  [flat | trend]
             pred_flat  pred_trend
   true_flat    15031         538
   true_trend     726         158
              precision    recall  f1-score   support

        flat       0.95      0.97      0.96     15569
       trend       0.23      0.18      0.20       884

    accuracy                           0.92     16453
   macro avg       0.59      0.57      0.58     16453
weighted avg       0.91      0.92      0.92     16453

── Stage 2 : down vs up (on trend-predicted samples) ───────────
   Accuracy=0.6962   Balanced=0.6338
   Confusion matrix  (rows=true, cols=pred)  [down | up]
            pred_down   pred_up
   true_down      88        25
   true_up        23        22
              precision    recall  f1-score   support

        down       0.79      0.78      0.79       113
          up       0.47      0.49      0.48        45

    accuracy                           0.70       158
   macro avg       0.63      0.63      0.63       158
weighted avg       0.70      0.70      0.70       158

── Full 4-class (down / flat / up / risky) ────────────────────
   Confusion matrix  (rows=true, cols=pred)  [down | flat | up | risky]
             pred_down  pred_flat  pred_up  pred_risky
   true_down       88        345       25          0
   true_flat      286      14956      216          0
   true_up         23        381       22          0
   true_risky      19         75       17          0
              precision    recall  f1-score   support

        down       0.21      0.19      0.20       458
        flat       0.95      0.97      0.96     15458
          up       0.08      0.05      0.06       426
       risky       0.00      0.00      0.00       111

    accuracy                           0.92     16453
   macro avg       0.31      0.30      0.31     16453
weighted avg       0.90      0.92      0.91     16453

── Directional PnL check ───────────────────────────────────────
   trades=130  total=$554.92  avg_trade=$4.27
   n_days=22  avg_day=$25.22  positive_days=50.0%%
[14:41:28] Saving model and report...

Saved model  : training/_tmp_sweep_sf/w150_h25_thr0.008_d15_lt0.008_st0.01_ls12_ss18_r15_p10.6_p20.6_sf.joblib
Saved report : training/_tmp_sweep_sf/w150_h25_thr0.008_d15_lt0.008_st0.01_ls12_ss18_r15_p10.6_p20.6_sf.json
[14:41:28] All done — total elapsed: 3m52s  (+0.2s)

[15/16] w150_h25_thr0.008_d15_lt0.008_st0.01_ls15_ss15_r15_p10.6_p20.6_sf
CMD: /Library/Frameworks/Python.framework/Versions/3.12/bin/python3 /Users/alpha/Desktop/python/AlphaGold/training/image_trend_ml.py --start-date 2025-05-20 --end-date 2026-04-10 --timeframe 1min --window 150 --window-15m 0 --min-window-range 40.0 --min-15m-drop 15.0 --min-15m-rise 15.0 --horizon 25 --trend-threshold 0.008 --adverse-limit 15.0 --long-target-threshold 0.008 --short-target-threshold 0.01 --long-adverse-limit 15.0 --short-adverse-limit 15.0 --stage1-min-prob 0.6 --stage2-min-prob 0.6 --test-size 0.4 --random-state 42 --classifier gradient_boosting --max-flat-ratio 4.0 --model-out training/_tmp_sweep_sf/w150_h25_thr0.008_d15_lt0.008_st0.01_ls15_ss15_r15_p10.6_p20.6_sf.joblib --report-out training/_tmp_sweep_sf/w150_h25_thr0.008_d15_lt0.008_st0.01_ls15_ss15_r15_p10.6_p20.6_sf.json --use-state-features --pred-history-len 150
[14:41:30] Starting image-trend pipeline
[14:41:30] Loading data from MySQL...
Data successfully loaded: 315470 rows.
[14:41:33] Bars after resample: 315,470  (+2.9s)
[14:41:33] Building image-like dataset  (window=150, horizon=25, threshold=0.008, min_range=40.0, min_15m_drop=15.0, min_15m_rise=15.0)...
  [14:41:33]   5.0%  bars= 15,764/315,296  kept=161  skipped=15,603  elapsed=0.4s  eta≈8s
  [14:41:34]  10.0%  bars= 31,528/315,296  kept=386  skipped=31,142  elapsed=0.9s  eta≈8s
  [14:41:34]  15.0%  bars= 47,292/315,296  kept=386  skipped=46,906  elapsed=1.2s  eta≈7s
  [14:41:35]  20.0%  bars= 63,056/315,296  kept=550  skipped=62,506  elapsed=1.7s  eta≈7s
  [14:41:35]  25.0%  bars= 78,820/315,296  kept=551  skipped=78,269  elapsed=2.1s  eta≈6s
  [14:41:36]  30.0%  bars= 94,584/315,296  kept=641  skipped=93,943  elapsed=2.5s  eta≈6s
  [14:41:36]  35.0%  bars=110,348/315,296  kept=812  skipped=109,536  elapsed=2.9s  eta≈5s
  [14:41:36]  40.0%  bars=126,112/315,296  kept=1,089  skipped=125,023  elapsed=3.4s  eta≈5s
  [14:41:37]  45.0%  bars=141,876/315,296  kept=1,549  skipped=140,327  elapsed=3.9s  eta≈5s
  [14:41:38]  50.0%  bars=157,640/315,296  kept=4,550  skipped=153,090  elapsed=4.8s  eta≈5s
  [14:41:39]  55.0%  bars=173,404/315,296  kept=6,353  skipped=167,051  elapsed=5.5s  eta≈5s
  [14:41:39]  60.0%  bars=189,168/315,296  kept=7,886  skipped=181,282  elapsed=6.2s  eta≈4s
  [14:41:40]  65.0%  bars=204,932/315,296  kept=8,883  skipped=196,049  elapsed=6.8s  eta≈4s
  [14:41:41]  70.0%  bars=220,696/315,296  kept=10,501  skipped=210,195  elapsed=7.5s  eta≈3s
  [14:41:41]  75.0%  bars=236,460/315,296  kept=11,840  skipped=224,620  elapsed=8.2s  eta≈3s
  [14:41:43]  80.0%  bars=252,224/315,296  kept=18,539  skipped=233,685  elapsed=10.1s  eta≈3s
  [14:41:45]  85.0%  bars=267,988/315,296  kept=24,203  skipped=243,785  elapsed=11.6s  eta≈2s
  [14:41:46]  90.0%  bars=283,752/315,296  kept=29,192  skipped=254,560  elapsed=13.0s  eta≈1s
  [14:41:47]  95.0%  bars=299,516/315,296  kept=34,660  skipped=264,856  elapsed=14.4s  eta≈1s
  [14:41:49] 100.0%  bars=315,280/315,296  kept=41,132  skipped=274,148  elapsed=16.3s  eta≈0s
  [14:41:49] Dataset build done — kept=41,132  skipped=274,164  took=16.3s
[14:41:50] Dataset ready: kept=41,132  skipped=274,164  (+16.5s)
[14:41:50] Split: train=24,679  test=16,453
Class balance train (down/flat/up/risky): [725, 22590, 851, 513]
Class balance test  (down/flat/up/risky): [450, 15458, 445, 100]
[14:41:50] Building causal state features (OOF train + base test)...
[14:44:47] State features added: +457 columns  (+2m57s)
[14:44:47] Training two-stage model...
[14:45:53] Training done  (+1m05s)

── Stage 1 : flat vs trend ─────────────────────────────────────
   Accuracy=0.9255   Balanced=0.5768
   Confusion matrix  (rows=true, cols=pred)  [flat | trend]
             pred_flat  pred_trend
   true_flat    15062         496
   true_trend     729         166
              precision    recall  f1-score   support

        flat       0.95      0.97      0.96     15558
       trend       0.25      0.19      0.21       895

    accuracy                           0.93     16453
   macro avg       0.60      0.58      0.59     16453
weighted avg       0.92      0.93      0.92     16453

── Stage 2 : down vs up (on trend-predicted samples) ───────────
   Accuracy=0.6386   Balanced=0.5506
   Confusion matrix  (rows=true, cols=pred)  [down | up]
            pred_down   pred_up
   true_down      91        17
   true_up        43        15
              precision    recall  f1-score   support

        down       0.68      0.84      0.75       108
          up       0.47      0.26      0.33        58

    accuracy                           0.64       166
   macro avg       0.57      0.55      0.54       166
weighted avg       0.61      0.64      0.61       166

── Full 4-class (down / flat / up / risky) ────────────────────
   Confusion matrix  (rows=true, cols=pred)  [down | flat | up | risky]
             pred_down  pred_flat  pred_up  pred_risky
   true_down       91        342       17          0
   true_flat      271      15002      185          0
   true_up         43        387       15          0
   true_risky      24         60       16          0
              precision    recall  f1-score   support

        down       0.21      0.20      0.21       450
        flat       0.95      0.97      0.96     15458
          up       0.06      0.03      0.04       445
       risky       0.00      0.00      0.00       100

    accuracy                           0.92     16453
   macro avg       0.31      0.30      0.30     16453
weighted avg       0.90      0.92      0.91     16453

── Directional PnL check ───────────────────────────────────────
   trades=126  total=$97.84  avg_trade=$0.78
   n_days=22  avg_day=$4.45  positive_days=45.5%%
[14:45:54] Saving model and report...

Saved model  : training/_tmp_sweep_sf/w150_h25_thr0.008_d15_lt0.008_st0.01_ls15_ss15_r15_p10.6_p20.6_sf.joblib
Saved report : training/_tmp_sweep_sf/w150_h25_thr0.008_d15_lt0.008_st0.01_ls15_ss15_r15_p10.6_p20.6_sf.json
[14:45:55] All done — total elapsed: 4m24s  (+0.2s)

[16/16] w150_h25_thr0.008_d15_lt0.008_st0.01_ls15_ss18_r15_p10.6_p20.6_sf
CMD: /Library/Frameworks/Python.framework/Versions/3.12/bin/python3 /Users/alpha/Desktop/python/AlphaGold/training/image_trend_ml.py --start-date 2025-05-20 --end-date 2026-04-10 --timeframe 1min --window 150 --window-15m 0 --min-window-range 40.0 --min-15m-drop 15.0 --min-15m-rise 15.0 --horizon 25 --trend-threshold 0.008 --adverse-limit 15.0 --long-target-threshold 0.008 --short-target-threshold 0.01 --long-adverse-limit 15.0 --short-adverse-limit 18.0 --stage1-min-prob 0.6 --stage2-min-prob 0.6 --test-size 0.4 --random-state 42 --classifier gradient_boosting --max-flat-ratio 4.0 --model-out training/_tmp_sweep_sf/w150_h25_thr0.008_d15_lt0.008_st0.01_ls15_ss18_r15_p10.6_p20.6_sf.joblib --report-out training/_tmp_sweep_sf/w150_h25_thr0.008_d15_lt0.008_st0.01_ls15_ss18_r15_p10.6_p20.6_sf.json --use-state-features --pred-history-len 150
[14:45:57] Starting image-trend pipeline
[14:45:57] Loading data from MySQL...
Data successfully loaded: 315470 rows.
[14:46:00] Bars after resample: 315,470  (+3.0s)
[14:46:00] Building image-like dataset  (window=150, horizon=25, threshold=0.008, min_range=40.0, min_15m_drop=15.0, min_15m_rise=15.0)...
  [14:46:00]   5.0%  bars= 15,764/315,296  kept=161  skipped=15,603  elapsed=0.4s  eta≈8s
  [14:46:00]  10.0%  bars= 31,528/315,296  kept=386  skipped=31,142  elapsed=0.9s  eta≈8s
  [14:46:01]  15.0%  bars= 47,292/315,296  kept=386  skipped=46,906  elapsed=1.3s  eta≈7s
  [14:46:01]  20.0%  bars= 63,056/315,296  kept=550  skipped=62,506  elapsed=1.7s  eta≈7s
  [14:46:02]  25.0%  bars= 78,820/315,296  kept=551  skipped=78,269  elapsed=2.1s  eta≈6s
  [14:46:02]  30.0%  bars= 94,584/315,296  kept=641  skipped=93,943  elapsed=2.6s  eta≈6s
  [14:46:03]  35.0%  bars=110,348/315,296  kept=812  skipped=109,536  elapsed=3.0s  eta≈6s
  [14:46:03]  40.0%  bars=126,112/315,296  kept=1,089  skipped=125,023  elapsed=3.4s  eta≈5s
  [14:46:03]  45.0%  bars=141,876/315,296  kept=1,549  skipped=140,327  elapsed=3.9s  eta≈5s
  [14:46:04]  50.0%  bars=157,640/315,296  kept=4,550  skipped=153,090  elapsed=4.9s  eta≈5s
  [14:46:05]  55.0%  bars=173,404/315,296  kept=6,353  skipped=167,051  elapsed=5.6s  eta≈5s
  [14:46:06]  60.0%  bars=189,168/315,296  kept=7,886  skipped=181,282  elapsed=6.3s  eta≈4s
  [14:46:06]  65.0%  bars=204,932/315,296  kept=8,883  skipped=196,049  elapsed=6.9s  eta≈4s
  [14:46:07]  70.0%  bars=220,696/315,296  kept=10,501  skipped=210,195  elapsed=7.6s  eta≈3s
  [14:46:08]  75.0%  bars=236,460/315,296  kept=11,840  skipped=224,620  elapsed=8.3s  eta≈3s
  [14:46:09]  80.0%  bars=252,224/315,296  kept=18,539  skipped=233,685  elapsed=9.9s  eta≈2s
  [14:46:11]  85.0%  bars=267,988/315,296  kept=24,203  skipped=243,785  elapsed=11.4s  eta≈2s
  [14:46:12]  90.0%  bars=283,752/315,296  kept=29,192  skipped=254,560  elapsed=12.7s  eta≈1s
  [14:46:14]  95.0%  bars=299,516/315,296  kept=34,660  skipped=264,856  elapsed=14.1s  eta≈1s
  [14:46:15] 100.0%  bars=315,280/315,296  kept=41,132  skipped=274,148  elapsed=15.7s  eta≈0s
  [14:46:15] Dataset build done — kept=41,132  skipped=274,164  took=15.7s
[14:46:15] Dataset ready: kept=41,132  skipped=274,164  (+15.8s)
[14:46:15] Split: train=24,679  test=16,453
Class balance train (down/flat/up/risky): [804, 22590, 851, 434]
Class balance test  (down/flat/up/risky): [458, 15458, 445, 92]
[14:46:15] Building causal state features (OOF train + base test)...
[14:48:39] State features added: +457 columns  (+2m23s)
[14:48:39] Training two-stage model...
[14:49:35] Training done  (+56.0s)

── Stage 1 : flat vs trend ─────────────────────────────────────
   Accuracy=0.9229   Balanced=0.5790
   Confusion matrix  (rows=true, cols=pred)  [flat | trend]
             pred_flat  pred_trend
   true_flat    15011         539
   true_trend     729         174
              precision    recall  f1-score   support

        flat       0.95      0.97      0.96     15550
       trend       0.24      0.19      0.22       903

    accuracy                           0.92     16453
   macro avg       0.60      0.58      0.59     16453
weighted avg       0.91      0.92      0.92     16453

── Stage 2 : down vs up (on trend-predicted samples) ───────────
   Accuracy=0.6782   Balanced=0.6131
   Confusion matrix  (rows=true, cols=pred)  [down | up]
            pred_down   pred_up
   true_down      94        25
   true_up        31        24
              precision    recall  f1-score   support

        down       0.75      0.79      0.77       119
          up       0.49      0.44      0.46        55

    accuracy                           0.68       174
   macro avg       0.62      0.61      0.62       174
weighted avg       0.67      0.68      0.67       174

── Full 4-class (down / flat / up / risky) ────────────────────
   Confusion matrix  (rows=true, cols=pred)  [down | flat | up | risky]
             pred_down  pred_flat  pred_up  pred_risky
   true_down       94        339       25          0
   true_flat      276      14948      234          0
   true_up         31        390       24          0
   true_risky      22         63        7          0
              precision    recall  f1-score   support

        down       0.22      0.21      0.21       458
        flat       0.95      0.97      0.96     15458
          up       0.08      0.05      0.07       445
       risky       0.00      0.00      0.00        92

    accuracy                           0.92     16453
   macro avg       0.31      0.31      0.31     16453
weighted avg       0.90      0.92      0.91     16453

── Directional PnL check ───────────────────────────────────────
   trades=124  total=$252.09  avg_trade=$2.03
   n_days=21  avg_day=$12.00  positive_days=52.4%%
[14:49:36] Saving model and report...

Saved model  : training/_tmp_sweep_sf/w150_h25_thr0.008_d15_lt0.008_st0.01_ls15_ss18_r15_p10.6_p20.6_sf.joblib
Saved report : training/_tmp_sweep_sf/w150_h25_thr0.008_d15_lt0.008_st0.01_ls15_ss18_r15_p10.6_p20.6_sf.json
[14:49:36] All done — total elapsed: 3m39s  (+0.2s)

Saved CSV : /Users/alpha/Desktop/python/AlphaGold/training/image_trend_sweep_results_sf.csv
Saved TXT : /Users/alpha/Desktop/python/AlphaGold/training/image_trend_sweep_summary_sf.txt
