[00:33:24] Starting image-trend pipeline
[00:33:24] Loading data from MySQL...
Data successfully loaded: 90295 rows.
[00:33:25] Bars after resample: 90,295  (+0.9s)
[00:33:25] Building image-like dataset  (window=120, horizon=25, threshold=0.004, min_range=40.0, min_15m_drop=20.0, min_15m_rise=0.0)...
  [00:33:25] 15-min image: resampled 6,030 bars, window_15m=40
  [00:33:25]   5.0%  bars=  4,507/90,151  kept=108  skipped=4,399  elapsed=0.2s  eta≈3s
  [00:33:26]  10.0%  bars=  9,014/90,151  kept=264  skipped=8,750  elapsed=0.3s  eta≈3s
  [00:33:26]  15.0%  bars= 13,521/90,151  kept=760  skipped=12,761  elapsed=0.6s  eta≈3s
  [00:33:26]  20.0%  bars= 18,028/90,151  kept=1,114  skipped=16,914  elapsed=0.8s  eta≈3s
  [00:33:26]  25.0%  bars= 22,535/90,151  kept=1,347  skipped=21,188  elapsed=1.0s  eta≈3s
  [00:33:26]  30.0%  bars= 27,042/90,151  kept=1,347  skipped=25,695  elapsed=1.1s  eta≈3s
  [00:33:26]  35.0%  bars= 31,549/90,151  kept=1,508  skipped=30,041  elapsed=1.3s  eta≈2s
  [00:33:27]  40.0%  bars= 36,056/90,151  kept=1,624  skipped=34,432  elapsed=1.4s  eta≈2s
  [00:33:27]  45.0%  bars= 40,563/90,151  kept=1,844  skipped=38,719  elapsed=1.6s  eta≈2s
  [00:33:27]  50.0%  bars= 45,070/90,151  kept=2,101  skipped=42,969  elapsed=1.8s  eta≈2s
  [00:33:27]  55.0%  bars= 49,577/90,151  kept=2,273  skipped=47,304  elapsed=1.9s  eta≈2s
  [00:33:27]  60.0%  bars= 54,084/90,151  kept=2,677  skipped=51,407  elapsed=2.1s  eta≈1s
  [00:33:28]  65.0%  bars= 58,591/90,151  kept=3,033  skipped=55,558  elapsed=2.4s  eta≈1s
  [00:33:28]  70.0%  bars= 63,098/90,151  kept=3,305  skipped=59,793  elapsed=2.6s  eta≈1s
  [00:33:28]  75.0%  bars= 67,605/90,151  kept=3,512  skipped=64,093  elapsed=2.7s  eta≈1s
  [00:33:28]  80.0%  bars= 72,112/90,151  kept=3,654  skipped=68,458  elapsed=2.9s  eta≈1s
  [00:33:28]  85.0%  bars= 76,619/90,151  kept=4,468  skipped=72,151  elapsed=3.3s  eta≈1s
  [00:33:29]  90.0%  bars= 81,126/90,151  kept=5,523  skipped=75,603  elapsed=3.7s  eta≈0s
  [00:33:30]  95.0%  bars= 85,633/90,151  kept=7,691  skipped=77,942  elapsed=4.4s  eta≈0s
  [00:33:31] 100.0%  bars= 90,140/90,151  kept=10,513  skipped=79,627  elapsed=5.4s  eta≈0s
  [00:33:31] Dataset build done — kept=10,524  skipped=79,627  took=5.4s
[00:33:31] Dataset ready: kept=10,524  skipped=79,627  (+5.4s)
[00:33:31] Split: train=2,100  test=900
Class balance train (down/flat/up): [706, 828, 566]
Class balance test  (down/flat/up): [212, 405, 283]
[00:33:31] Training two-stage model...
[00:33:57] Training done  (+26.0s)

── Stage 1 : flat vs trend ─────────────────────────────────────
   Accuracy=0.5522   Balanced=0.5141
   Confusion matrix  (rows=true, cols=pred)  [flat | trend]
             pred_flat  pred_trend
   true_flat       54         351
   true_trend      52         443
              precision    recall  f1-score   support

        flat       0.51      0.13      0.21       405
       trend       0.56      0.89      0.69       495

    accuracy                           0.55       900
   macro avg       0.53      0.51      0.45       900
weighted avg       0.54      0.55      0.47       900

── Stage 2 : down vs up (on trend-predicted samples) ───────────
   Accuracy=0.6298   Balanced=0.6490
   Confusion matrix  (rows=true, cols=pred)  [down | up]
            pred_down   pred_up
   true_down     139        44
   true_up       120       140
              precision    recall  f1-score   support

        down       0.54      0.76      0.63       183
          up       0.76      0.54      0.63       260

    accuracy                           0.63       443
   macro avg       0.65      0.65      0.63       443
weighted avg       0.67      0.63      0.63       443

── Full 3-class (down / flat / up) ─────────────────────────────
   Confusion matrix  (rows=true, cols=pred)  [down | flat | up]
             pred_down  pred_flat  pred_up
   true_down      139         29       44
   true_flat      169         54      182
   true_up        120         23      140
              precision    recall  f1-score   support

        down       0.32      0.66      0.43       212
        flat       0.51      0.13      0.21       405
          up       0.38      0.49      0.43       283

    accuracy                           0.37       900
   macro avg       0.41      0.43      0.36       900
weighted avg       0.43      0.37      0.33       900

── Directional PnL check ───────────────────────────────────────
   trades=794  total=$3305.73  avg_trade=$4.16
   n_days=2  (avg_day N/A – fewer than 5 trading days in test)
[00:33:57] Saving model and report...

Saved model  : training/_tmp_image_trend_rise_smoke.joblib
Saved report : training/_tmp_image_trend_rise_smoke.json
[00:33:57] All done — total elapsed: 32.5s  (+0.1s)
