Requirement already satisfied: databento<1.0.0,>=0.44.0 in /Library/Frameworks/Python.framework/Versions/3.12/lib/python3.12/site-packages (0.73.0)
Requirement already satisfied: aiohttp<4.0.0,>=3.9.0 in /Library/Frameworks/Python.framework/Versions/3.12/lib/python3.12/site-packages (from databento<1.0.0,>=0.44.0) (3.13.3)
Requirement already satisfied: databento-dbn<0.52.0,>=0.51.0 in /Library/Frameworks/Python.framework/Versions/3.12/lib/python3.12/site-packages (from databento<1.0.0,>=0.44.0) (0.51.0)
Requirement already satisfied: numpy>=1.26.0 in /Library/Frameworks/Python.framework/Versions/3.12/lib/python3.12/site-packages (from databento<1.0.0,>=0.44.0) (2.4.3)
Requirement already satisfied: pandas<4.0.0,>=1.5.3 in /Library/Frameworks/Python.framework/Versions/3.12/lib/python3.12/site-packages (from databento<1.0.0,>=0.44.0) (2.3.3)
Requirement already satisfied: pyarrow>=13.0.0 in /Library/Frameworks/Python.framework/Versions/3.12/lib/python3.12/site-packages (from databento<1.0.0,>=0.44.0) (23.0.1)
Requirement already satisfied: requests>=2.27.0 in /Library/Frameworks/Python.framework/Versions/3.12/lib/python3.12/site-packages (from databento<1.0.0,>=0.44.0) (2.32.5)
Requirement already satisfied: zstandard>=0.21.0 in /Library/Frameworks/Python.framework/Versions/3.12/lib/python3.12/site-packages (from databento<1.0.0,>=0.44.0) (0.25.0)
Requirement already satisfied: aiohappyeyeballs>=2.5.0 in /Library/Frameworks/Python.framework/Versions/3.12/lib/python3.12/site-packages (from aiohttp<4.0.0,>=3.9.0->databento<1.0.0,>=0.44.0) (2.6.1)
Requirement already satisfied: aiosignal>=1.4.0 in /Library/Frameworks/Python.framework/Versions/3.12/lib/python3.12/site-packages (from aiohttp<4.0.0,>=3.9.0->databento<1.0.0,>=0.44.0) (1.4.0)
Requirement already satisfied: attrs>=17.3.0 in /Library/Frameworks/Python.framework/Versions/3.12/lib/python3.12/site-packages (from aiohttp<4.0.0,>=3.9.0->databento<1.0.0,>=0.44.0) (26.1.0)
Requirement already satisfied: frozenlist>=1.1.1 in /Library/Frameworks/Python.framework/Versions/3.12/lib/python3.12/site-packages (from aiohttp<4.0.0,>=3.9.0->databento<1.0.0,>=0.44.0) (1.8.0)
Requirement already satisfied: multidict<7.0,>=4.5 in /Library/Frameworks/Python.framework/Versions/3.12/lib/python3.12/site-packages (from aiohttp<4.0.0,>=3.9.0->databento<1.0.0,>=0.44.0) (6.7.1)
Requirement already satisfied: propcache>=0.2.0 in /Library/Frameworks/Python.framework/Versions/3.12/lib/python3.12/site-packages (from aiohttp<4.0.0,>=3.9.0->databento<1.0.0,>=0.44.0) (0.4.1)
Requirement already satisfied: yarl<2.0,>=1.17.0 in /Library/Frameworks/Python.framework/Versions/3.12/lib/python3.12/site-packages (from aiohttp<4.0.0,>=3.9.0->databento<1.0.0,>=0.44.0) (1.23.0)
Requirement already satisfied: python-dateutil>=2.8.2 in /Library/Frameworks/Python.framework/Versions/3.12/lib/python3.12/site-packages (from pandas<4.0.0,>=1.5.3->databento<1.0.0,>=0.44.0) (2.9.0.post0)
Requirement already satisfied: pytz>=2020.1 in /Library/Frameworks/Python.framework/Versions/3.12/lib/python3.12/site-packages (from pandas<4.0.0,>=1.5.3->databento<1.0.0,>=0.44.0) (2026.1.post1)
Requirement already satisfied: tzdata>=2022.7 in /Library/Frameworks/Python.framework/Versions/3.12/lib/python3.12/site-packages (from pandas<4.0.0,>=1.5.3->databento<1.0.0,>=0.44.0) (2025.3)
Requirement already satisfied: charset_normalizer<4,>=2 in /Library/Frameworks/Python.framework/Versions/3.12/lib/python3.12/site-packages (from requests>=2.27.0->databento<1.0.0,>=0.44.0) (3.4.5)
Requirement already satisfied: idna<4,>=2.5 in /Library/Frameworks/Python.framework/Versions/3.12/lib/python3.12/site-packages (from requests>=2.27.0->databento<1.0.0,>=0.44.0) (3.11)
Requirement already satisfied: urllib3<3,>=1.21.1 in /Library/Frameworks/Python.framework/Versions/3.12/lib/python3.12/site-packages (from requests>=2.27.0->databento<1.0.0,>=0.44.0) (2.6.3)
Requirement already satisfied: certifi>=2017.4.17 in /Library/Frameworks/Python.framework/Versions/3.12/lib/python3.12/site-packages (from requests>=2.27.0->databento<1.0.0,>=0.44.0) (2026.2.25)
Requirement already satisfied: typing-extensions>=4.2 in /Library/Frameworks/Python.framework/Versions/3.12/lib/python3.12/site-packages (from aiosignal>=1.4.0->aiohttp<4.0.0,>=3.9.0->databento<1.0.0,>=0.44.0) (4.15.0)
Requirement already satisfied: six>=1.5 in /Library/Frameworks/Python.framework/Versions/3.12/lib/python3.12/site-packages (from python-dateutil>=2.8.2->pandas<4.0.0,>=1.5.3->databento<1.0.0,>=0.44.0) (1.17.0)

[notice] A new release of pip is available: 24.3.1 -> 26.0.1
[notice] To update, run: pip3 install --upgrade pip
